2019-11-20 02:04:55:     Reconnected successfully!
2019-11-20 02:04:59:     Game type = "Red bonus tile" : True, "Open tanyao" : True, "Game  length" : tonnansen
2019-11-20 02:04:59:     Reconnected. Resuming game state...
2019-11-20 02:05:03:     --------------------------------------------------
2019-11-20 02:05:03:     Players: [weavile - 4 - 24000, メタルスライム - 二段 - 26600, ddparis - 二段 - 24500, ひまたろう - 二段 - 24900]
2019-11-20 02:05:03:     Dealer: メタルスライム - 二段 - 26600
2019-11-20 02:05:03:  
2019-11-20 02:05:04:     [Player 2] draws a tile...
2019-11-20 02:05:05:     [Player 3] draws a tile...
2019-11-20 02:05:06: 
2019-11-20 02:05:07: 
2019-11-20 02:05:07:     Remaining tiles: 42
2019-11-20 02:05:07:     --------------------------------------------------
2019-11-20 02:05:07: 
2019-11-20 02:05:08:     [Player 1] draws a tile...
2019-11-20 02:05:09:     [Player 2] draws a tile...
2019-11-20 02:05:11:     [Player 3] draws a tile...
2019-11-20 02:05:14: 
2019-11-20 02:05:14: 
2019-11-20 02:05:14:     Remaining tiles: 38
2019-11-20 02:05:14:     --------------------------------------------------
2019-11-20 02:05:14: 
2019-11-20 02:05:15:     [Player 1] draws a tile...
2019-11-20 02:05:22:     [Player 3] draws a tile...
2019-11-20 02:05:27: 
2019-11-20 02:05:27: 
2019-11-20 02:05:27:     Remaining tiles: 35
2019-11-20 02:05:27:     --------------------------------------------------
2019-11-20 02:05:27: 
2019-11-20 02:05:28:     [Player 1] draws a tile...
2019-11-20 02:05:29:     [Player 2] draws a tile...
2019-11-20 02:05:38:     [Player 3] draws a tile...
2019-11-20 02:05:43: 
2019-11-20 02:05:43: 
2019-11-20 02:05:43:     Remaining tiles: 31
2019-11-20 02:05:43:     --------------------------------------------------
2019-11-20 02:05:43: 
2019-11-20 02:05:45:     [Player 1] draws a tile...
2019-11-20 02:05:48:     Reach was called by 1-th player: メタルスライム - 二段 - 26600
2019-11-20 02:05:48: 
2019-11-20 02:05:52:     [Player 2] draws a tile...
2019-11-20 02:05:55:     [Player 3] draws a tile...
2019-11-20 02:06:03: 
2019-11-20 02:06:03: 
2019-11-20 02:06:03:     Remaining tiles: 27
2019-11-20 02:06:03:     --------------------------------------------------
2019-11-20 02:06:03: 
2019-11-20 02:06:04:     [Player 1] draws a tile...
2019-11-20 02:06:07:     [Player 2] draws a tile...
2019-11-20 02:06:09:     [Player 3] draws a tile...
2019-11-20 02:06:13: 
2019-11-20 02:06:13: 
2019-11-20 02:06:13:     Remaining tiles: 23
2019-11-20 02:06:13:     --------------------------------------------------
2019-11-20 02:06:13: 
2019-11-20 02:06:14:     [Player 1] draws a tile...
2019-11-20 02:06:15:     [Player 2] draws a tile...
2019-11-20 02:06:23:     [Player 3] draws a tile...
2019-11-20 02:06:25: 
2019-11-20 02:06:26: 
2019-11-20 02:06:26:     Remaining tiles: 19
2019-11-20 02:06:26:     --------------------------------------------------
2019-11-20 02:06:26: 
2019-11-20 02:06:27:     [Player 1] draws a tile...
2019-11-20 02:06:29:     [Player 2] draws a tile...
2019-11-20 02:06:33:     [Player 3] draws a tile...
2019-11-20 02:06:38: 
2019-11-20 02:06:38: 
2019-11-20 02:06:38:     Remaining tiles: 15
2019-11-20 02:06:38:     --------------------------------------------------
2019-11-20 02:06:38: 
2019-11-20 02:06:39:     [Player 1] draws a tile...
2019-11-20 02:06:41:     [Player 2] draws a tile...
2019-11-20 02:06:42:     [Player 3] draws a tile...
2019-11-20 02:06:52: 
2019-11-20 02:06:53: 
2019-11-20 02:06:53:     Remaining tiles: 11
2019-11-20 02:06:53:     --------------------------------------------------
2019-11-20 02:06:53: 
2019-11-20 02:06:54:     [Player 1] draws a tile...
2019-11-20 02:06:55:     [Player 2] draws a tile...
2019-11-20 02:06:59:     [Player 3] draws a tile...
2019-11-20 02:07:04: 
2019-11-20 02:07:05: 
2019-11-20 02:07:05:     Remaining tiles: 7
2019-11-20 02:07:05:     --------------------------------------------------
2019-11-20 02:07:05: 
2019-11-20 02:07:06:     [Player 1] draws a tile...
2019-11-20 02:07:07:     [Player 2] draws a tile...
2019-11-20 02:07:11:     [Player 3] draws a tile...
2019-11-20 02:07:13:     --------------------------------------------------
2019-11-20 02:07:13: 
2019-11-20 02:07:13:     <AGARI ba="0,1" hai="6,10,12,37,42,47,113,114,115,133,134" m="41207" machi="114" ten="30,2000,0" yaku="11,1,52,1" doraHai="64" who="2" fromWho="3" sc="240,0,256,0,245,30,249,-20" />
2019-11-20 02:07:14: 
2019-11-20 02:07:14:     --------------------------------------------------
2019-11-20 02:07:20:     --------------------------------------------------
2019-11-20 02:07:20:     Players: [weavile - 4 - 24000, メタルスライム - 二段 - 25600, ddparis - 二段 - 27500, ひまたろう - 二段 - 22900]
2019-11-20 02:07:20:     Dealer: ddparis - 二段 - 27500
2019-11-20 02:07:20:  
2019-11-20 02:07:20:     [Player 2] draws a tile...
2019-11-20 02:07:23:     [Player 3] draws a tile...
2019-11-20 02:07:27: 
2019-11-20 02:07:28: 
2019-11-20 02:07:28:     Remaining tiles: 67
2019-11-20 02:07:28:     --------------------------------------------------
2019-11-20 02:07:28: 
2019-11-20 02:07:29:     [Player 1] draws a tile...
2019-11-20 02:07:29:     [Player 2] draws a tile...
2019-11-20 02:07:34: 
2019-11-20 02:07:34: 
2019-11-20 02:07:34:     Remaining tiles: 64
2019-11-20 02:07:34:     --------------------------------------------------
2019-11-20 02:07:34: 
2019-11-20 02:07:35:     [Player 1] draws a tile...
2019-11-20 02:07:38:     [Player 2] draws a tile...
2019-11-20 02:07:44:     [Player 3] draws a tile...
2019-11-20 02:07:48: 
2019-11-20 02:07:49: 
2019-11-20 02:07:49:     Remaining tiles: 60
2019-11-20 02:07:49:     --------------------------------------------------
2019-11-20 02:07:49: 
2019-11-20 02:07:49:     [Player 1] draws a tile...
2019-11-20 02:07:51:     [Player 2] draws a tile...
2019-11-20 02:07:55:     [Player 3] draws a tile...
2019-11-20 02:07:59: 
2019-11-20 02:08:00: 
2019-11-20 02:08:00:     Remaining tiles: 56
2019-11-20 02:08:00:     --------------------------------------------------
2019-11-20 02:08:00: 
2019-11-20 02:08:00:     [Player 1] draws a tile...
2019-11-20 02:08:07:     [Player 2] draws a tile...
2019-11-20 02:08:09:     [Player 3] draws a tile...
2019-11-20 02:08:11: 
2019-11-20 02:08:11: 
2019-11-20 02:08:11:     Remaining tiles: 52
2019-11-20 02:08:11:     --------------------------------------------------
2019-11-20 02:08:11: 
2019-11-20 02:08:12:     [Player 1] draws a tile...
2019-11-20 02:08:14:     Reach was called by 1-th player: メタルスライム - 二段 - 25600
2019-11-20 02:08:14: 
2019-11-20 02:08:16:     [Player 2] draws a tile...
2019-11-20 02:08:19:     [Player 3] draws a tile...
2019-11-20 02:08:23: 
2019-11-20 02:08:24: 
2019-11-20 02:08:24:     Remaining tiles: 48
2019-11-20 02:08:24:     --------------------------------------------------
2019-11-20 02:08:24: 
2019-11-20 02:08:24:     [Player 1] draws a tile...
2019-11-20 02:08:26:     [Player 2] draws a tile...
2019-11-20 02:08:28:     [Player 3] draws a tile...
2019-11-20 02:08:30: 
2019-11-20 02:08:31: 
2019-11-20 02:08:31:     Remaining tiles: 44
2019-11-20 02:08:31:     --------------------------------------------------
2019-11-20 02:08:31: 
2019-11-20 02:08:32:     [Player 1] draws a tile...
2019-11-20 02:08:33:     [Player 2] draws a tile...
2019-11-20 02:08:41:     [Player 3] draws a tile...
2019-11-20 02:08:43: 
2019-11-20 02:08:43: 
2019-11-20 02:08:43:     Remaining tiles: 40
2019-11-20 02:08:43:     --------------------------------------------------
2019-11-20 02:08:43: 
2019-11-20 02:08:44:     [Player 1] draws a tile...
2019-11-20 02:08:45:     [Player 2] draws a tile...
2019-11-20 02:08:48:     [Player 3] draws a tile...
2019-11-20 02:08:52: 
2019-11-20 02:08:53: 
2019-11-20 02:08:53:     Remaining tiles: 36
2019-11-20 02:08:53:     --------------------------------------------------
2019-11-20 02:08:53: 
2019-11-20 02:08:54:     [Player 1] draws a tile...
2019-11-20 02:08:55:     [Player 2] draws a tile...
2019-11-20 02:08:59:     [Player 3] draws a tile...
2019-11-20 02:09:02: 
2019-11-20 02:09:02: 
2019-11-20 02:09:02:     Remaining tiles: 32
2019-11-20 02:09:02:     --------------------------------------------------
2019-11-20 02:09:02: 
2019-11-20 02:09:03:     [Player 1] draws a tile...
2019-11-20 02:09:05:     [Player 2] draws a tile...
2019-11-20 02:09:07:     [Player 3] draws a tile...
2019-11-20 02:09:11: 
2019-11-20 02:09:11: 
2019-11-20 02:09:11:     Remaining tiles: 28
2019-11-20 02:09:11:     --------------------------------------------------
2019-11-20 02:09:11: 
2019-11-20 02:09:12:     [Player 1] draws a tile...
2019-11-20 02:09:13:     [Player 2] draws a tile...
2019-11-20 02:09:21:     [Player 3] draws a tile...
2019-11-20 02:09:25: 
2019-11-20 02:09:25: 
2019-11-20 02:09:25:     Remaining tiles: 24
2019-11-20 02:09:25:     --------------------------------------------------
2019-11-20 02:09:25: 
2019-11-20 02:09:27:     --------------------------------------------------
2019-11-20 02:09:27: 
2019-11-20 02:09:27:     <AGARI ba="0,1" hai="3,4,8,20,22,24,30,35,61,67,68,73,78,82" machi="3" ten="30,7700,0" yaku="1,1,7,1,52,1,53,1" doraHai="63" doraHaiUra="104" who="1" fromWho="0" sc="240,-77,246,87,275,0,229,0" />
2019-11-20 02:09:27: 
2019-11-20 02:09:27:     --------------------------------------------------
2019-11-20 02:09:40:     --------------------------------------------------
2019-11-20 02:09:40:     Players: [weavile - 4 - 16300, メタルスライム - 二段 - 33300, ddparis - 二段 - 27500, ひまたろう - 二段 - 22900]
2019-11-20 02:09:40:     Dealer: ひまたろう - 二段 - 22900
2019-11-20 02:09:40:  
2019-11-20 02:09:40:     [Player 3] draws a tile...
2019-11-20 02:09:43: 
2019-11-20 02:09:44: 
2019-11-20 02:09:44:     Remaining tiles: 68
2019-11-20 02:09:44:     --------------------------------------------------
2019-11-20 02:09:44: 
2019-11-20 02:09:44:     [Player 1] draws a tile...
2019-11-20 02:09:46:     [Player 2] draws a tile...
2019-11-20 02:09:53:     [Player 3] draws a tile...
2019-11-20 02:09:55: 
2019-11-20 02:09:56: 
2019-11-20 02:09:56:     Remaining tiles: 64
2019-11-20 02:09:56:     --------------------------------------------------
2019-11-20 02:09:56: 
2019-11-20 02:09:56:     [Player 1] draws a tile...
2019-11-20 02:10:01:     [Player 2] draws a tile...
2019-11-20 02:10:03:     [Player 3] draws a tile...
2019-11-20 02:10:05: 
2019-11-20 02:10:05: 
2019-11-20 02:10:05:     Remaining tiles: 60
2019-11-20 02:10:05:     --------------------------------------------------
2019-11-20 02:10:05: 
2019-11-20 02:10:06:     [Player 1] draws a tile...
2019-11-20 02:10:07:     [Player 2] draws a tile...
2019-11-20 02:10:11:     [Player 3] draws a tile...
2019-11-20 02:10:13: 
2019-11-20 02:10:13: 
2019-11-20 02:10:13:     Remaining tiles: 56
2019-11-20 02:10:13:     --------------------------------------------------
2019-11-20 02:10:13: 
2019-11-20 02:10:14:     [Player 1] draws a tile...
2019-11-20 02:10:22:     [Player 3] draws a tile...
2019-11-20 02:10:25: 
2019-11-20 02:10:26: 
2019-11-20 02:10:26:     Remaining tiles: 53
2019-11-20 02:10:26:     --------------------------------------------------
2019-11-20 02:10:26: 
2019-11-20 02:10:26:     [Player 1] draws a tile...
2019-11-20 02:10:28:     [Player 2] draws a tile...
2019-11-20 02:10:31:     [Player 3] draws a tile...
2019-11-20 02:10:33: 
2019-11-20 02:10:34: 
2019-11-20 02:10:34:     Remaining tiles: 49
2019-11-20 02:10:34:     --------------------------------------------------
2019-11-20 02:10:34: 
2019-11-20 02:10:34:     [Player 1] draws a tile...
2019-11-20 02:10:36:     [Player 2] draws a tile...
2019-11-20 02:10:44: 
2019-11-20 02:10:45: 
2019-11-20 02:10:45:     Remaining tiles: 46
2019-11-20 02:10:45:     --------------------------------------------------
2019-11-20 02:10:45: 
2019-11-20 02:10:46:     [Player 1] draws a tile...
2019-11-20 02:10:48:     [Player 2] draws a tile...
2019-11-20 02:10:53:     [Player 3] draws a tile...
2019-11-20 02:10:56: 
2019-11-20 02:10:57: 
2019-11-20 02:10:57:     Remaining tiles: 42
2019-11-20 02:10:57:     --------------------------------------------------
2019-11-20 02:10:57: 
2019-11-20 02:10:57:     [Player 1] draws a tile...
2019-11-20 02:10:59:     [Player 2] draws a tile...
2019-11-20 02:11:09:     [Player 3] draws a tile...
2019-11-20 02:11:11: 
2019-11-20 02:11:11: 
2019-11-20 02:11:11:     Remaining tiles: 38
2019-11-20 02:11:11:     --------------------------------------------------
2019-11-20 02:11:11: 
2019-11-20 02:11:12:     [Player 1] draws a tile...
2019-11-20 02:11:13:     [Player 2] draws a tile...
2019-11-20 02:11:15:     [Player 3] draws a tile...
2019-11-20 02:11:19: 
2019-11-20 02:11:20: 
2019-11-20 02:11:20:     Remaining tiles: 34
2019-11-20 02:11:20:     --------------------------------------------------
2019-11-20 02:11:20: 
2019-11-20 02:11:21:     [Player 1] draws a tile...
2019-11-20 02:11:24:     --------------------------------------------------
2019-11-20 02:11:24: 
2019-11-20 02:11:24:     <AGARI ba="0,0" hai="4,7,48,53,59,76,78,79,84,91,92" m="9335" machi="91" ten="30,2900,0" yaku="25,1,8,1" doraHai="68" who="3" fromWho="1" sc="163,0,333,-29,275,0,229,29" />
2019-11-20 02:11:24: 
2019-11-20 02:11:24:     --------------------------------------------------
2019-11-20 02:11:29:     --------------------------------------------------
2019-11-20 02:11:29:     Players: [weavile - 4 - 16300, メタルスライム - 二段 - 30400, ddparis - 二段 - 27500, ひまたろう - 二段 - 25800]
2019-11-20 02:11:29:     Dealer: ひまたろう - 二段 - 25800
2019-11-20 02:11:29:  
2019-11-20 02:11:29:     [Player 3] draws a tile...
2019-11-20 02:11:37: 
2019-11-20 02:11:38: 
2019-11-20 02:11:38:     Remaining tiles: 68
2019-11-20 02:11:38:     --------------------------------------------------
2019-11-20 02:11:38: 
2019-11-20 02:11:39:     [Player 1] draws a tile...
2019-11-20 02:11:40:     [Player 2] draws a tile...
2019-11-20 02:11:47:     [Player 3] draws a tile...
2019-11-20 02:11:49: 
2019-11-20 02:11:50: 
2019-11-20 02:11:50:     Remaining tiles: 64
2019-11-20 02:11:50:     --------------------------------------------------
2019-11-20 02:11:50: 
2019-11-20 02:11:50:     [Player 1] draws a tile...
2019-11-20 02:11:52:     [Player 2] draws a tile...
2019-11-20 02:11:55:     [Player 3] draws a tile...
2019-11-20 02:11:57: 
2019-11-20 02:11:57: 
2019-11-20 02:11:57:     Remaining tiles: 60
2019-11-20 02:11:57:     --------------------------------------------------
2019-11-20 02:11:57: 
2019-11-20 02:11:58:     [Player 1] draws a tile...
2019-11-20 02:12:01:     [Player 2] draws a tile...
2019-11-20 02:12:05:     [Player 3] draws a tile...
2019-11-20 02:12:12: 
2019-11-20 02:12:12: 
2019-11-20 02:12:12:     Remaining tiles: 56
2019-11-20 02:12:12:     --------------------------------------------------
2019-11-20 02:12:12: 
2019-11-20 02:12:13:     [Player 1] draws a tile...
2019-11-20 02:12:21:     [Player 2] draws a tile...
2019-11-20 02:12:23:     [Player 3] draws a tile...
2019-11-20 02:12:26: 
2019-11-20 02:12:27: 
2019-11-20 02:12:27:     Remaining tiles: 52
2019-11-20 02:12:27:     --------------------------------------------------
2019-11-20 02:12:27: 
2019-11-20 02:12:31:     [Player 1] draws a tile...
2019-11-20 02:12:33:     [Player 2] draws a tile...
2019-11-20 02:12:43:     [Player 3] draws a tile...
2019-11-20 02:12:44:     Reach was called by 3-th player: ひまたろう - 二段 - 25800
2019-11-20 02:12:44: 
2019-11-20 02:12:45: 
2019-11-20 02:12:46: 
2019-11-20 02:12:46:     Remaining tiles: 48
2019-11-20 02:12:46:     --------------------------------------------------
2019-11-20 02:12:46: 
2019-11-20 02:12:47:     [Player 1] draws a tile...
2019-11-20 02:12:50:     [Player 2] draws a tile...
2019-11-20 02:12:54:     [Player 3] draws a tile...
2019-11-20 02:12:56: 
2019-11-20 02:12:56: 
2019-11-20 02:12:56:     Remaining tiles: 44
2019-11-20 02:12:56:     --------------------------------------------------
2019-11-20 02:12:56: 
2019-11-20 02:12:57:     [Player 1] draws a tile...
2019-11-20 02:12:58:     [Player 2] draws a tile...
2019-11-20 02:13:00:     [Player 3] draws a tile...
2019-11-20 02:13:02: 
2019-11-20 02:13:03: 
2019-11-20 02:13:03:     Remaining tiles: 40
2019-11-20 02:13:03:     --------------------------------------------------
2019-11-20 02:13:03: 
2019-11-20 02:13:03:     [Player 1] draws a tile...
2019-11-20 02:13:04:     [Player 2] draws a tile...
2019-11-20 02:13:08:     [Player 3] draws a tile...
2019-11-20 02:13:11: 
2019-11-20 02:13:12: 
2019-11-20 02:13:12:     Remaining tiles: 36
2019-11-20 02:13:12:     --------------------------------------------------
2019-11-20 02:13:12: 
2019-11-20 02:13:13:     [Player 1] draws a tile...
2019-11-20 02:13:15:     [Player 2] draws a tile...
2019-11-20 02:13:17:     [Player 3] draws a tile...
2019-11-20 02:13:19: 
2019-11-20 02:13:20: 
2019-11-20 02:13:20:     Remaining tiles: 32
2019-11-20 02:13:20:     --------------------------------------------------
2019-11-20 02:13:20: 
2019-11-20 02:13:20:     [Player 1] draws a tile...
2019-11-20 02:13:29:     [Player 2] draws a tile...
2019-11-20 02:13:31:     [Player 3] draws a tile...
2019-11-20 02:13:32: 
2019-11-20 02:13:33: 
2019-11-20 02:13:33:     Remaining tiles: 28
2019-11-20 02:13:33:     --------------------------------------------------
2019-11-20 02:13:33: 
2019-11-20 02:13:33:     [Player 1] draws a tile...
2019-11-20 02:13:35:     [Player 2] draws a tile...
2019-11-20 02:13:43:     [Player 3] draws a tile...
2019-11-20 02:13:43: 
2019-11-20 02:13:44: 
2019-11-20 02:13:44:     Remaining tiles: 24
2019-11-20 02:13:44:     --------------------------------------------------
2019-11-20 02:13:44: 
2019-11-20 02:13:45:     [Player 1] draws a tile...
2019-11-20 02:13:46:     [Player 2] draws a tile...
2019-11-20 02:13:49:     [Player 3] draws a tile...
2019-11-20 02:13:51: 
2019-11-20 02:13:52: 
2019-11-20 02:13:52:     Remaining tiles: 20
2019-11-20 02:13:52:     --------------------------------------------------
2019-11-20 02:13:52: 
2019-11-20 02:13:52:     [Player 1] draws a tile...
2019-11-20 02:13:56:     [Player 2] draws a tile...
2019-11-20 02:13:58:     [Player 3] draws a tile...
2019-11-20 02:13:59: 
2019-11-20 02:13:59: 
2019-11-20 02:13:59:     Remaining tiles: 16
2019-11-20 02:13:59:     --------------------------------------------------
2019-11-20 02:13:59: 
2019-11-20 02:14:00:     [Player 1] draws a tile...
2019-11-20 02:14:03:     [Player 2] draws a tile...
2019-11-20 02:14:05:     [Player 3] draws a tile...
2019-11-20 02:14:06: 
2019-11-20 02:14:06: 
2019-11-20 02:14:06:     Remaining tiles: 12
2019-11-20 02:14:06:     --------------------------------------------------
2019-11-20 02:14:06: 
2019-11-20 02:14:07:     [Player 1] draws a tile...
2019-11-20 02:14:09:     [Player 2] draws a tile...
2019-11-20 02:14:12:     [Player 3] draws a tile...
2019-11-20 02:14:13: 
2019-11-20 02:14:13: Unexpected exception
Traceback (most recent call last):
  File "C:\Users\j4903\Documents\MahjongAI\main.py", line 17, in connect_and_play
    return client.start_game()
  File "C:\Users\j4903\Documents\MahjongAI\client\tenhou_client.py", line 129, in start_game
    if self._handle_draw_tile(msg):
  File "C:\Users\j4903\Documents\MahjongAI\client\tenhou_client.py", line 534, in _handle_draw_tile
    discard_tile_136 = self.game_table.bot.to_discard_tile()
  File "C:\Users\j4903\Documents\MahjongAI\agents\MahjongAgent.py", line 874, in to_discard_tile
    return self.tile_34_to_136(min_tile)
  File "C:\Users\j4903\Documents\MahjongAI\client\mahjong_player.py", line 220, in tile_34_to_136
    return [t136 for t136 in self.tiles136 if tile34 == (t136 // 4)][-1]
IndexError: list index out of range
2019-11-20 02:14:13: End the game...
2019-11-20 02:14:13:     Game was ended unexpected
2019-11-20 02:14:13: 
