2019-11-20 01:18:16:     Reconnected successfully!
2019-11-20 01:18:19:     Game type = "Red bonus tile" : True, "Open tanyao" : True, "Game  length" : tonnansen
2019-11-20 01:18:19:     Reconnected. Resuming game state...
2019-11-20 01:18:21:     --------------------------------------------------
2019-11-20 01:18:21:     Players: [weavile - 4 - 20800, 星の内海 - 三段 - 24400, Rｒｒ - 三段 - 23500, ｋｇｇｈｇｇ - 三段 - 31300]
2019-11-20 01:18:21:     Dealer: Rｒｒ - 三段 - 23500
2019-11-20 01:18:21: Unexpected exception
Traceback (most recent call last):
  File "C:\Users\j4903\Documents\MahjongAI\main.py", line 17, in connect_and_play
    return client.start_game()
  File "C:\Users\j4903\Documents\MahjongAI\client\tenhou_client.py", line 123, in start_game
    '<REINIT' in msg and self._handle_reconnection_msg(msg)
  File "C:\Users\j4903\Documents\MahjongAI\client\tenhou_client.py", line 282, in _handle_reconnection_msg
    self._handle_initial_msg(msg)
  File "C:\Users\j4903\Documents\MahjongAI\client\tenhou_client.py", line 340, in _handle_initial_msg
    self._log('    Player wind: {}'.format(Tile.tile_graph_dict[self.game_table.bot.player_wind]))
  File "C:\Users\j4903\Documents\MahjongAI\client\mahjong_player.py", line 64, in player_wind
    if self.seat >= self.dealer_seat:
AttributeError: 'MahjongAgent' object has no attribute 'seat'
2019-11-20 01:18:21: End the game...
2019-11-20 01:18:21:     Game was ended unexpected
2019-11-20 01:18:21: 
