2019-11-19 16:31:46:     User(ID76B06F13-c3mhaFM4) was authenticated successfully
2019-11-19 16:32:09:     Game type = "Red bonus tile" : True, "Open tanyao" : True, "Game  length" : tonnansen
2019-11-19 16:32:09:     A new game started!
2019-11-19 16:32:09:     The replay link can be found here: http://tenhou.net/0/?log=2019112009gm-0089-0000-679e5e57&tw=0
2019-11-19 16:32:09:     Players are: [weavile - 4 - None, せどなりあん - 二段 - None, hanataji - 四段 - None, NoNameます - 三段 - None]
2019-11-19 16:32:21:     --------------------------------------------------
2019-11-19 16:32:21:     Players: [weavile - 4 - 25000, せどなりあん - 二段 - 25000, hanataji - 四段 - 25000, NoNameます - 三段 - 25000]
2019-11-19 16:32:21:     Dealer: weavile - 4 - 25000
2019-11-19 16:32:21:  
2019-11-19 16:32:21: 
2019-11-19 16:32:22: 
2019-11-19 16:32:22:     Remaining tiles: 69
2019-11-19 16:32:22:     --------------------------------------------------
2019-11-19 16:32:22: 
2019-11-19 16:32:22:     [Player 1] draws a tile...
2019-11-19 16:32:29:     [Player 2] draws a tile...
2019-11-19 16:32:34:     [Player 3] draws a tile...
2019-11-19 16:32:36: 
2019-11-19 16:32:37: 
2019-11-19 16:32:37:     Remaining tiles: 65
2019-11-19 16:32:37:     --------------------------------------------------
2019-11-19 16:32:37: 
2019-11-19 16:32:40:     [Player 1] draws a tile...
2019-11-19 16:32:41:     [Player 2] draws a tile...
2019-11-19 16:32:43:     [Player 3] draws a tile...
2019-11-19 16:32:46: 
2019-11-19 16:32:47: 
2019-11-19 16:32:47:     Remaining tiles: 61
2019-11-19 16:32:47:     --------------------------------------------------
2019-11-19 16:32:47: 
2019-11-19 16:32:49:     [Player 1] draws a tile...
2019-11-19 16:32:54:     [Player 2] draws a tile...
2019-11-19 16:32:57:     [Player 3] draws a tile...
2019-11-19 16:32:59: 
2019-11-19 16:33:00: 
2019-11-19 16:33:00:     Remaining tiles: 57
2019-11-19 16:33:00:     --------------------------------------------------
2019-11-19 16:33:00: 
2019-11-19 16:33:01:     [Player 1] draws a tile...
2019-11-19 16:33:05:     [Player 2] draws a tile...
2019-11-19 16:33:13:     [Player 3] draws a tile...
2019-11-19 16:33:15: 
2019-11-19 16:33:15: 
2019-11-19 16:33:15:     Remaining tiles: 53
2019-11-19 16:33:15:     --------------------------------------------------
2019-11-19 16:33:15: 
2019-11-19 16:33:16:     [Player 1] draws a tile...
2019-11-19 16:33:19:     [Player 2] draws a tile...
2019-11-19 16:33:22:     [Player 3] draws a tile...
2019-11-19 16:33:30: 
2019-11-19 16:33:30: 
2019-11-19 16:33:30:     Remaining tiles: 49
2019-11-19 16:33:30:     --------------------------------------------------
2019-11-19 16:33:30: 
2019-11-19 16:33:31:     [Player 1] draws a tile...
2019-11-19 16:33:33:     [Player 2] draws a tile...
2019-11-19 16:33:35:     [Player 3] draws a tile...
2019-11-19 16:33:37: 
2019-11-19 16:33:38: 
2019-11-19 16:33:38:     Remaining tiles: 45
2019-11-19 16:33:38:     --------------------------------------------------
2019-11-19 16:33:38: 
2019-11-19 16:33:40:     [Player 1] draws a tile...
2019-11-19 16:33:41:     [Player 2] draws a tile...
2019-11-19 16:33:50:     [Player 3] draws a tile...
2019-11-19 16:33:52: 
2019-11-19 16:33:53: 
2019-11-19 16:33:53:     Remaining tiles: 41
2019-11-19 16:33:53:     --------------------------------------------------
2019-11-19 16:33:53: 
2019-11-19 16:33:55:     [Player 1] draws a tile...
2019-11-19 16:33:56:     [Player 2] draws a tile...
2019-11-19 16:33:59:     [Player 3] draws a tile...
2019-11-19 16:34:05: 
2019-11-19 16:34:06: 
2019-11-19 16:34:06:     Remaining tiles: 37
2019-11-19 16:34:06:     --------------------------------------------------
2019-11-19 16:34:06: 
2019-11-19 16:34:07:     [Player 1] draws a tile...
2019-11-19 16:34:11:     [Player 2] draws a tile...
2019-11-19 16:34:13:     [Player 3] draws a tile...
2019-11-19 16:34:16: 
2019-11-19 16:34:16: 
2019-11-19 16:34:16:     Remaining tiles: 33
2019-11-19 16:34:16:     --------------------------------------------------
2019-11-19 16:34:16: 
2019-11-19 16:34:18:     [Player 1] draws a tile...
2019-11-19 16:34:20:     [Player 2] draws a tile...
2019-11-19 16:34:25:     Reach was called by 2-th player: hanataji - 四段 - 25000
2019-11-19 16:34:25: 
2019-11-19 16:34:28: Unexpected exception
Traceback (most recent call last):
  File "C:\Users\j4903\Documents\MahjongAI\main.py", line 17, in connect_and_play
    return client.start_game()
  File "C:\Users\j4903\Documents\MahjongAI\client\tenhou_client.py", line 157, in start_game
    res = self._handle_opponent_discard(msg)
  File "C:\Users\j4903\Documents\MahjongAI\client\tenhou_client.py", line 640, in _handle_opponent_discard
    self.drawer and self.drawer.discard(tile, opponent_seat)
  File "gui_main.py", line 689, in discard
    self._add_drop(x, y, self.red_dict.get(tile136, tile136 // 4), player)
  File "gui_main.py", line 901, in _add_drop
    x, y, image=self.photes[player][tile], anchor='nw'
  File "C:\Users\j4903\AppData\Local\Programs\Python\Python37\lib\tkinter\__init__.py", line 2489, in create_image
    return self._create('image', args, kw)
  File "C:\Users\j4903\AppData\Local\Programs\Python\Python37\lib\tkinter\__init__.py", line 2480, in _create
    *(args + self._options(cnf, kw))))
_tkinter.TclError: invalid command name ".!canvas"
2019-11-19 16:34:28: End the game...
2019-11-19 16:34:28:     Game was ended unexpected
2019-11-19 16:34:28: 
