2019-11-19 13:40:28:     Reconnected successfully!
2019-11-19 13:40:30:     Game type = "Red bonus tile" : True, "Open tanyao" : True, "Game  length" : tonnansen
2019-11-19 13:40:31:     Reconnected. Resuming game state...
2019-11-19 13:40:33:     --------------------------------------------------
2019-11-19 13:40:33:     Players: [weavile - 4 - 19400, onnteddo - 四段 - 30400, かかろっとぉ - 二段 - 17700, axl - 三段 - 32500]
2019-11-19 13:40:33:     Dealer: onnteddo - 四段 - 30400
2019-11-19 13:40:33:  
2019-11-19 13:40:34: 
2019-11-19 13:40:34: 
2019-11-19 13:40:34:     Remaining tiles: 50
2019-11-19 13:40:34:     --------------------------------------------------
2019-11-19 13:40:34: 
2019-11-19 13:40:38:     [Player 1] draws a tile...
2019-11-19 13:40:42:     [Player 3] draws a tile...
2019-11-19 13:40:44: 
2019-11-19 13:40:44: 
2019-11-19 13:40:44:     Remaining tiles: 47
2019-11-19 13:40:44:     --------------------------------------------------
2019-11-19 13:40:44: 
2019-11-19 13:40:45:     [Player 1] draws a tile...
2019-11-19 13:40:46:     [Player 2] draws a tile...
2019-11-19 13:40:49:     [Player 3] draws a tile...
2019-11-19 13:40:53: 
2019-11-19 13:40:53: 
2019-11-19 13:40:53:     Remaining tiles: 43
2019-11-19 13:40:53:     --------------------------------------------------
2019-11-19 13:40:53: 
2019-11-19 13:40:57:     [Player 1] draws a tile...
2019-11-19 13:41:01:     [Player 2] draws a tile...
2019-11-19 13:41:03:     [Player 3] draws a tile...
2019-11-19 13:41:12:     [Player 2] draws a tile...
2019-11-19 13:41:15:     [Player 3] draws a tile...
2019-11-19 13:41:16: 
2019-11-19 13:41:16: 
2019-11-19 13:41:16:     Remaining tiles: 37
2019-11-19 13:41:16:     --------------------------------------------------
2019-11-19 13:41:16: 
2019-11-19 13:41:48: Socket connection might be shut down... 31s
2019-11-19 13:41:48:     Game was ended unexpected
2019-11-19 13:41:48: 
