2019-10-18 00:05:19:     User(ID76B06F13-c3mhaFM4) was authenticated successfully
2019-10-18 00:05:20:     Game type = "Red bonus tile" : True, "Open tanyao" : True, "Game  length" : tonnansen
2019-10-18 00:05:20:     A new game started!
2019-10-18 00:05:20:     The replay link can be found here: http://tenhou.net/0/?log=2019101816gm-0089-0000-0c1b0e5f&tw=1
2019-10-18 00:05:20:     Players are: [weavile - 6 - None, 命位 - 三段 - None, フランソワ - 四段 - None, sasasyo - 三段 - None]
2019-10-18 00:05:25:     --------------------------------------------------
2019-10-18 00:05:25:     Players: [weavile - 6 - 25000, 命位 - 三段 - 25000, フランソワ - 四段 - 25000, sasasyo - 三段 - 25000]
2019-10-18 00:05:25:     Dealer: sasasyo - 三段 - 25000
2019-10-18 00:05:25:  
2019-10-18 00:05:25:     [Player 3] draws a tile...
2019-10-18 00:05:34:     [Player 2] draws a tile...
2019-10-18 00:05:37:     [Player 3] draws a tile...
2019-10-18 00:05:39: 
2019-10-18 00:05:39: 
2019-10-18 00:05:39:     Remaining tiles: 66
2019-10-18 00:05:39:     --------------------------------------------------
2019-10-18 00:05:39: 
2019-10-18 00:05:40:     [Player 1] draws a tile...
2019-10-18 00:05:41:     [Player 2] draws a tile...
2019-10-18 00:05:46:     [Player 3] draws a tile...
2019-10-18 00:05:48: 
2019-10-18 00:05:49: 
2019-10-18 00:05:49:     Remaining tiles: 62
2019-10-18 00:05:49:     --------------------------------------------------
2019-10-18 00:05:49: 
2019-10-18 00:05:51:     [Player 1] draws a tile...
2019-10-18 00:05:52:     [Player 2] draws a tile...
2019-10-18 00:05:54:     [Player 3] draws a tile...
2019-10-18 00:05:56: 
2019-10-18 00:05:56: 
2019-10-18 00:05:56:     Remaining tiles: 58
2019-10-18 00:05:56:     --------------------------------------------------
2019-10-18 00:05:56: 
2019-10-18 00:05:57:     [Player 1] draws a tile...
2019-10-18 00:06:02:     [Player 2] draws a tile...
2019-10-18 00:06:08:     [Player 3] draws a tile...
2019-10-18 00:06:16:     Reach was called by 3-th player: sasasyo - 三段 - 25000
2019-10-18 00:06:16: 
2019-10-18 00:06:16: 
2019-10-18 00:06:17: 
2019-10-18 00:06:17:     Remaining tiles: 54
2019-10-18 00:06:17:     --------------------------------------------------
2019-10-18 00:06:17: 
2019-10-18 00:06:17:     [Player 1] draws a tile...
2019-10-18 00:06:20:     [Player 2] draws a tile...
2019-10-18 00:06:25:     [Player 3] draws a tile...
2019-10-18 00:06:26: 
2019-10-18 00:06:26: 
2019-10-18 00:06:26:     Remaining tiles: 50
2019-10-18 00:06:26:     --------------------------------------------------
2019-10-18 00:06:26: 
2019-10-18 00:06:27:     [Player 1] draws a tile...
2019-10-18 00:06:31:     [Player 2] draws a tile...
2019-10-18 00:06:34:     [Player 3] draws a tile...
2019-10-18 00:06:35: 
2019-10-18 00:06:36: 
2019-10-18 00:06:36:     Remaining tiles: 46
2019-10-18 00:06:36:     --------------------------------------------------
2019-10-18 00:06:36: 
2019-10-18 00:06:36:     [Player 1] draws a tile...
