2019-11-08 16:34:00:     User(ID76B06F13-c3mhaFM4) was authenticated successfully
2019-11-08 16:34:06:     Game type = "Red bonus tile" : True, "Open tanyao" : True, "Game  length" : tonnansen
2019-11-08 16:34:06:     A new game started!
2019-11-08 16:34:06:     The replay link can be found here: http://tenhou.net/0/?log=2019110909gm-0089-0000-1516d235&tw=3
2019-11-08 16:34:06:     Players are: [weavile - 4¼‰ - None, ¤æ¤¦¤¹¤±£¡ - 1¼‰ - None, ýˆÈ¸¹í - ËÄ¶Î - None, ¥¢¥Ö¥½¥é¥¤¥É - ËÄ¶Î - None]
2019-11-08 16:34:13:     --------------------------------------------------
2019-11-08 16:34:13:     Players: [weavile - 4¼‰ - 25000, ¤æ¤¦¤¹¤±£¡ - 1¼‰ - 25000, ýˆÈ¸¹í - ËÄ¶Î - 25000, ¥¢¥Ö¥½¥é¥¤¥É - ËÄ¶Î - 25000]
2019-11-08 16:34:13:     Dealer: ¤æ¤¦¤¹¤±£¡ - 1¼‰ - 25000
2019-11-08 16:34:13:  
2019-11-08 16:34:13:     [Player 1] draws a tile...
2019-11-08 16:34:17:     [Player 2] draws a tile...
2019-11-08 16:34:22:     [Player 3] draws a tile...
2019-11-08 16:34:24: 
2019-11-08 16:34:25: 
2019-11-08 16:34:25:     Remaining tiles: 66
2019-11-08 16:34:25:     --------------------------------------------------
2019-11-08 16:34:25: 
2019-11-08 16:34:27:     [Player 1] draws a tile...
2019-11-08 16:34:29:     [Player 2] draws a tile...
2019-11-08 16:34:35:     [Player 3] draws a tile...
2019-11-08 16:34:37: 
2019-11-08 16:34:38: 
2019-11-08 16:34:38:     Remaining tiles: 62
2019-11-08 16:34:38:     --------------------------------------------------
2019-11-08 16:34:38: 
2019-11-08 16:34:39:     [Player 1] draws a tile...
2019-11-08 16:34:40:     [Player 2] draws a tile...
2019-11-08 16:34:44:     [Player 3] draws a tile...
2019-11-08 16:34:48: 
2019-11-08 16:34:49: 
2019-11-08 16:34:49:     Remaining tiles: 58
2019-11-08 16:34:49:     --------------------------------------------------
2019-11-08 16:34:49: 
2019-11-08 16:34:50:     [Player 1] draws a tile...
2019-11-08 16:34:50:     [Player 2] draws a tile...
2019-11-08 16:34:54:     [Player 3] draws a tile...
2019-11-08 16:34:57: 
2019-11-08 16:34:58: 
2019-11-08 16:34:58:     Remaining tiles: 54
2019-11-08 16:34:58:     --------------------------------------------------
2019-11-08 16:34:58: 
2019-11-08 16:34:59:     [Player 1] draws a tile...
2019-11-08 16:35:03:     [Player 2] draws a tile...
2019-11-08 16:35:07:     [Player 3] draws a tile...
2019-11-08 16:35:17: 
2019-11-08 16:35:17: 
2019-11-08 16:35:17:     Remaining tiles: 50
2019-11-08 16:35:17:     --------------------------------------------------
2019-11-08 16:35:17: 
2019-11-08 16:35:19:     [Player 1] draws a tile...
2019-11-08 16:35:21:     [Player 2] draws a tile...
2019-11-08 16:35:23:     [Player 3] draws a tile...
2019-11-08 16:35:26: 
2019-11-08 16:35:27: 
2019-11-08 16:35:27:     Remaining tiles: 46
2019-11-08 16:35:27:     --------------------------------------------------
2019-11-08 16:35:27: 
2019-11-08 16:35:28:     [Player 1] draws a tile...
2019-11-08 16:35:32:     [Player 2] draws a tile...
2019-11-08 16:35:35:     [Player 3] draws a tile...
2019-11-08 16:35:38: 
2019-11-08 16:35:39: 
2019-11-08 16:35:39:     Remaining tiles: 42
2019-11-08 16:35:39:     --------------------------------------------------
2019-11-08 16:35:39: 
2019-11-08 16:35:46: 
2019-11-08 16:35:46: 
2019-11-08 16:35:46:     Remaining tiles: 41
2019-11-08 16:35:46:     --------------------------------------------------
2019-11-08 16:35:46: 
2019-11-08 16:35:47:     [Player 1] draws a tile...
2019-11-08 16:35:53:     [Player 2] draws a tile...
2019-11-08 16:35:56:     [Player 3] draws a tile...
2019-11-08 16:35:59: 
2019-11-08 16:35:59: 
2019-11-08 16:35:59:     Remaining tiles: 37
2019-11-08 16:35:59:     --------------------------------------------------
2019-11-08 16:35:59: 
2019-11-08 16:36:00:     [Player 1] draws a tile...
2019-11-08 16:36:05:     [Player 2] draws a tile...
2019-11-08 16:36:07:     [Player 3] draws a tile...
2019-11-08 16:36:12: 
2019-11-08 16:36:12: 
2019-11-08 16:36:12:     Remaining tiles: 33
2019-11-08 16:36:12:     --------------------------------------------------
2019-11-08 16:36:12: 
2019-11-08 16:36:13:     [Player 1] draws a tile...
2019-11-08 16:36:15:     [Player 2] draws a tile...
2019-11-08 16:36:19:     [Player 3] draws a tile...
2019-11-08 16:36:21: 
2019-11-08 16:36:22: 
2019-11-08 16:36:22:     Remaining tiles: 29
2019-11-08 16:36:22:     --------------------------------------------------
2019-11-08 16:36:22: 
2019-11-08 16:36:22:     [Player 1] draws a tile...
2019-11-08 16:36:28:     [Player 2] draws a tile...
2019-11-08 16:36:34:     [Player 3] draws a tile...
2019-11-08 16:36:36: 
2019-11-08 16:36:37: 
2019-11-08 16:36:37:     Remaining tiles: 25
2019-11-08 16:36:37:     --------------------------------------------------
2019-11-08 16:36:37: 
2019-11-08 16:36:38:     [Player 1] draws a tile...
2019-11-08 16:36:40:     [Player 2] draws a tile...
2019-11-08 16:36:42:     [Player 3] draws a tile...
2019-11-08 16:36:47: 
2019-11-08 16:36:48: 
2019-11-08 16:36:48:     Remaining tiles: 21
2019-11-08 16:36:48:     --------------------------------------------------
2019-11-08 16:36:48: 
2019-11-08 16:36:49:     [Player 1] draws a tile...
2019-11-08 16:36:51:     [Player 2] draws a tile...
2019-11-08 16:36:55:     [Player 3] draws a tile...
2019-11-08 16:36:58: 
2019-11-08 16:36:58: 
2019-11-08 16:36:58:     Remaining tiles: 17
2019-11-08 16:36:58:     --------------------------------------------------
2019-11-08 16:36:58: 
2019-11-08 16:36:59:     [Player 1] draws a tile...
2019-11-08 16:37:02:     [Player 2] draws a tile...
2019-11-08 16:37:04:     [Player 3] draws a tile...
2019-11-08 16:37:06: 
2019-11-08 16:37:07: 
2019-11-08 16:37:07:     Remaining tiles: 13
2019-11-08 16:37:07:     --------------------------------------------------
2019-11-08 16:37:07: 
2019-11-08 16:37:07:     [Player 1] draws a tile...
2019-11-08 16:37:14:     [Player 2] draws a tile...
2019-11-08 16:37:16:     [Player 3] draws a tile...
2019-11-08 16:37:20: 
2019-11-08 16:37:21: 
2019-11-08 16:37:21:     Remaining tiles: 9
2019-11-08 16:37:21:     --------------------------------------------------
2019-11-08 16:37:21: 
2019-11-08 16:37:21:     [Player 1] draws a tile...
2019-11-08 16:37:23:     [Player 2] draws a tile...
2019-11-08 16:37:26:     [Player 3] draws a tile...
2019-11-08 16:37:31: 
2019-11-08 16:37:31: 
2019-11-08 16:37:31:     Remaining tiles: 5
2019-11-08 16:37:31:     --------------------------------------------------
2019-11-08 16:37:31: 
2019-11-08 16:37:32:     [Player 1] draws a tile...
2019-11-08 16:37:33:     [Player 2] draws a tile...
2019-11-08 16:37:36:     [Player 3] draws a tile...
2019-11-08 16:37:38: 
2019-11-08 16:37:39: 
2019-11-08 16:37:39:     Remaining tiles: 1
2019-11-08 16:37:39:     --------------------------------------------------
2019-11-08 16:37:39: 
2019-11-08 16:37:40:     [Player 1] draws a tile...
2019-11-08 16:37:45:     NO ONE WINS, NO MORE TILES...

2019-11-08 16:37:45:     --------------------------------------------------
2019-11-08 16:37:50:     --------------------------------------------------
2019-11-08 16:37:50:     Players: [weavile - 4¼‰ - 24000, ¤æ¤¦¤¹¤±£¡ - 1¼‰ - 24000, ýˆÈ¸¹í - ËÄ¶Î - 24000, ¥¢¥Ö¥½¥é¥¤¥É - ËÄ¶Î - 28000]
2019-11-08 16:37:50:     Dealer: ýˆÈ¸¹í - ËÄ¶Î - 24000
2019-11-08 16:37:50:  
2019-11-08 16:37:50:     [Player 2] draws a tile...
2019-11-08 16:37:55:     [Player 3] draws a tile...
2019-11-08 16:37:57: 
2019-11-08 16:37:58: 
2019-11-08 16:37:58:     Remaining tiles: 67
2019-11-08 16:37:58:     --------------------------------------------------
2019-11-08 16:37:58: 
2019-11-08 16:37:58:     [Player 1] draws a tile...
2019-11-08 16:38:00:     [Player 2] draws a tile...
2019-11-08 16:38:04:     [Player 3] draws a tile...
2019-11-08 16:38:06: 
2019-11-08 16:38:06: 
2019-11-08 16:38:06:     Remaining tiles: 63
2019-11-08 16:38:06:     --------------------------------------------------
2019-11-08 16:38:06: 
2019-11-08 16:38:08:     [Player 1] draws a tile...
2019-11-08 16:38:11:     [Player 2] draws a tile...
2019-11-08 16:38:13:     [Player 3] draws a tile...
2019-11-08 16:38:16: 
2019-11-08 16:38:17: 
2019-11-08 16:38:17:     Remaining tiles: 59
2019-11-08 16:38:17:     --------------------------------------------------
2019-11-08 16:38:17: 
2019-11-08 16:38:17:     [Player 1] draws a tile...
2019-11-08 16:38:20:     [Player 2] draws a tile...
2019-11-08 16:38:24:     [Player 3] draws a tile...
2019-11-08 16:38:26: 
2019-11-08 16:38:27: 
2019-11-08 16:38:27:     Remaining tiles: 55
2019-11-08 16:38:27:     --------------------------------------------------
2019-11-08 16:38:27: 
2019-11-08 16:38:28:     [Player 1] draws a tile...
2019-11-08 16:38:37:     [Player 2] draws a tile...
2019-11-08 16:38:39:     [Player 3] draws a tile...
2019-11-08 16:38:42: 
2019-11-08 16:38:43: 
2019-11-08 16:38:43:     Remaining tiles: 51
2019-11-08 16:38:43:     --------------------------------------------------
2019-11-08 16:38:43: 
2019-11-08 16:38:44:     [Player 1] draws a tile...
2019-11-08 16:38:47:     [Player 2] draws a tile...
2019-11-08 16:38:49:     [Player 3] draws a tile...
2019-11-08 16:38:52: 
2019-11-08 16:38:52: 
2019-11-08 16:38:52:     Remaining tiles: 47
2019-11-08 16:38:52:     --------------------------------------------------
2019-11-08 16:38:52: 
2019-11-08 16:38:53:     [Player 1] draws a tile...
2019-11-08 16:38:57:     [Player 2] draws a tile...
2019-11-08 16:39:00:     [Player 3] draws a tile...
2019-11-08 16:39:02: 
2019-11-08 16:39:03: 
2019-11-08 16:39:03:     Remaining tiles: 43
2019-11-08 16:39:03:     --------------------------------------------------
2019-11-08 16:39:03: 
2019-11-08 16:39:04:     [Player 1] draws a tile...
2019-11-08 16:39:06:     [Player 2] draws a tile...
2019-11-08 16:39:11:     [Player 3] draws a tile...
2019-11-08 16:39:13:     Reach was called by 3-th player: ¥¢¥Ö¥½¥é¥¤¥É - ËÄ¶Î - 28000
2019-11-08 16:39:13: 
2019-11-08 16:39:16:     --------------------------------------------------
2019-11-08 16:39:16: 
2019-11-08 16:39:16:     <AGARI ba="1,0" hai="16,21,26,41,46,47,48,50,53,81,87,89,92,93" machi="21" ten="40,12000,1" yaku="8,1,52,2,54,1" doraHai="43" who="2" fromWho="3" sc="240,0,240,0,240,123,280,-123" />
2019-11-08 16:39:16: 
2019-11-08 16:39:17:     --------------------------------------------------
2019-11-08 16:39:25:     --------------------------------------------------
2019-11-08 16:39:25:     Players: [weavile - 4¼‰ - 24000, ¤æ¤¦¤¹¤±£¡ - 1¼‰ - 24000, ýˆÈ¸¹í - ËÄ¶Î - 36300, ¥¢¥Ö¥½¥é¥¤¥É - ËÄ¶Î - 15700]
2019-11-08 16:39:25:     Dealer: ýˆÈ¸¹í - ËÄ¶Î - 36300
2019-11-08 16:39:25:  
2019-11-08 16:39:25:     [Player 2] draws a tile...
2019-11-08 16:39:30:     [Player 3] draws a tile...
2019-11-08 16:39:32: 
2019-11-08 16:39:32: 
2019-11-08 16:39:32:     Remaining tiles: 67
2019-11-08 16:39:32:     --------------------------------------------------
2019-11-08 16:39:32: 
2019-11-08 16:39:33:     [Player 1] draws a tile...
2019-11-08 16:39:34:     [Player 2] draws a tile...
2019-11-08 16:39:36:     [Player 3] draws a tile...
2019-11-08 16:39:38: 
2019-11-08 16:39:39: 
2019-11-08 16:39:39:     Remaining tiles: 63
2019-11-08 16:39:39:     --------------------------------------------------
2019-11-08 16:39:39: 
2019-11-08 16:39:40:     [Player 1] draws a tile...
2019-11-08 16:39:43:     [Player 2] draws a tile...
2019-11-08 16:39:45:     [Player 3] draws a tile...
2019-11-08 16:39:48: 
2019-11-08 16:39:49: 
2019-11-08 16:39:49:     Remaining tiles: 59
2019-11-08 16:39:49:     --------------------------------------------------
2019-11-08 16:39:49: 
2019-11-08 16:39:49:     [Player 1] draws a tile...
2019-11-08 16:39:54:     [Player 2] draws a tile...
2019-11-08 16:39:56:     [Player 3] draws a tile...
2019-11-08 16:39:58: 
2019-11-08 16:39:59: 
2019-11-08 16:39:59:     Remaining tiles: 55
2019-11-08 16:39:59:     --------------------------------------------------
2019-11-08 16:39:59: 
2019-11-08 16:40:00:     [Player 1] draws a tile...
2019-11-08 16:40:06:     [Player 2] draws a tile...
2019-11-08 16:40:11:     [Player 3] draws a tile...
2019-11-08 16:40:13: 
2019-11-08 16:40:14: 
2019-11-08 16:40:14:     Remaining tiles: 51
2019-11-08 16:40:14:     --------------------------------------------------
2019-11-08 16:40:14: 
2019-11-08 16:40:14:     [Player 1] draws a tile...
2019-11-08 16:40:18:     [Player 2] draws a tile...
2019-11-08 16:40:20:     [Player 3] draws a tile...
2019-11-08 16:40:26: 
2019-11-08 16:40:26: 
2019-11-08 16:40:26:     Remaining tiles: 47
2019-11-08 16:40:26:     --------------------------------------------------
2019-11-08 16:40:26: 
2019-11-08 16:40:27:     [Player 1] draws a tile...
2019-11-08 16:40:29:     [Player 2] draws a tile...
2019-11-08 16:40:34:     [Player 3] draws a tile...
2019-11-08 16:40:36: 
2019-11-08 16:40:36: 
2019-11-08 16:40:36:     Remaining tiles: 43
2019-11-08 16:40:36:     --------------------------------------------------
2019-11-08 16:40:36: 
2019-11-08 16:40:37:     [Player 1] draws a tile...
2019-11-08 16:40:44:     [Player 2] draws a tile...
2019-11-08 16:40:50:     [Player 3] draws a tile...
2019-11-08 16:40:53: 
2019-11-08 16:40:53: 
2019-11-08 16:40:53:     Remaining tiles: 39
2019-11-08 16:40:53:     --------------------------------------------------
2019-11-08 16:40:53: 
2019-11-08 16:40:54:     [Player 1] draws a tile...
2019-11-08 16:41:00:     [Player 2] draws a tile...
2019-11-08 16:41:05:     [Player 3] draws a tile...
2019-11-08 16:41:10: 
2019-11-08 16:41:11: 
2019-11-08 16:41:11:     Remaining tiles: 35
2019-11-08 16:41:11:     --------------------------------------------------
2019-11-08 16:41:11: 
2019-11-08 16:41:12:     [Player 1] draws a tile...
2019-11-08 16:41:16:     [Player 2] draws a tile...
2019-11-08 16:41:25:     [Player 3] draws a tile...
2019-11-08 16:41:28: 
2019-11-08 16:41:29: 
2019-11-08 16:41:29:     Remaining tiles: 31
2019-11-08 16:41:29:     --------------------------------------------------
2019-11-08 16:41:29: 
2019-11-08 16:41:30:     [Player 1] draws a tile...
2019-11-08 16:41:32:     [Player 2] draws a tile...
2019-11-08 16:41:36:     [Player 3] draws a tile...
2019-11-08 16:41:40: 
2019-11-08 16:41:41: 
2019-11-08 16:41:41:     Remaining tiles: 27
2019-11-08 16:41:41:     --------------------------------------------------
2019-11-08 16:41:41: 
2019-11-08 16:41:41:     [Player 1] draws a tile...
2019-11-08 16:41:44:     Reach was called by 1-th player: ¤æ¤¦¤¹¤±£¡ - 1¼‰ - 24000
2019-11-08 16:41:44: 
2019-11-08 16:41:45:     [Player 2] draws a tile...
2019-11-08 16:41:49:     [Player 3] draws a tile...
2019-11-08 16:41:51: 
2019-11-08 16:41:52: 
2019-11-08 16:41:52:     Remaining tiles: 23
2019-11-08 16:41:52:     --------------------------------------------------
2019-11-08 16:41:52: 
2019-11-08 16:41:53:     [Player 1] draws a tile...
2019-11-08 16:41:54:     [Player 2] draws a tile...
2019-11-08 16:41:59:     [Player 3] draws a tile...
2019-11-08 16:42:02: 
2019-11-08 16:42:03: 
2019-11-08 16:42:03:     Remaining tiles: 19
2019-11-08 16:42:03:     --------------------------------------------------
2019-11-08 16:42:03: 
2019-11-08 16:42:03:     [Player 1] draws a tile...
2019-11-08 16:42:04:     [Player 2] draws a tile...
2019-11-08 16:42:09:     [Player 3] draws a tile...
2019-11-08 16:42:11:     Reach was called by 3-th player: ¥¢¥Ö¥½¥é¥¤¥É - ËÄ¶Î - 15700
2019-11-08 16:42:11: 
2019-11-08 16:42:13: 
2019-11-08 16:42:14: 
2019-11-08 16:42:14:     Remaining tiles: 15
2019-11-08 16:42:14:     --------------------------------------------------
2019-11-08 16:42:14: 
2019-11-08 16:42:15:     [Player 1] draws a tile...
2019-11-08 16:42:15:     [Player 2] draws a tile...
2019-11-08 16:42:18:     [Player 3] draws a tile...
2019-11-08 16:42:21: 
2019-11-08 16:42:21: 
2019-11-08 16:42:21:     Remaining tiles: 11
2019-11-08 16:42:21:     --------------------------------------------------
2019-11-08 16:42:21: 
2019-11-08 16:42:22:     [Player 1] draws a tile...
2019-11-08 16:42:25:     [Player 2] draws a tile...
2019-11-08 16:42:27:     [Player 3] draws a tile...
2019-11-08 16:42:29:     --------------------------------------------------
2019-11-08 16:42:29: 
2019-11-08 16:42:29:     <AGARI ba="2,2" hai="17,22,27,46,48,52,54,55,80,86,88,94,99,101" machi="17" ten="20,16000,3" yaku="1,1,0,1,7,1,8,1,54,2,53,3" doraHai="108" doraHaiUra="49" who="3" fromWho="3" sc="240,-42,230,-42,363,-82,147,186" />
2019-11-08 16:42:29: 
2019-11-08 16:42:29:     --------------------------------------------------
2019-11-08 16:42:41:     --------------------------------------------------
2019-11-08 16:42:41:     Players: [weavile - 4¼‰ - 19800, ¤æ¤¦¤¹¤±£¡ - 1¼‰ - 18800, ýˆÈ¸¹í - ËÄ¶Î - 28100, ¥¢¥Ö¥½¥é¥¤¥É - ËÄ¶Î - 33300]
2019-11-08 16:42:41:     Dealer: ¥¢¥Ö¥½¥é¥¤¥É - ËÄ¶Î - 33300
2019-11-08 16:42:41:  
2019-11-08 16:42:41:     [Player 3] draws a tile...
2019-11-08 16:42:47: 
2019-11-08 16:42:47: 
2019-11-08 16:42:47:     Remaining tiles: 68
2019-11-08 16:42:47:     --------------------------------------------------
2019-11-08 16:42:47: 
2019-11-08 16:42:53:     [Player 3] draws a tile...
2019-11-08 16:42:55: 
2019-11-08 16:42:56: 
2019-11-08 16:42:56:     Remaining tiles: 66
2019-11-08 16:42:56:     --------------------------------------------------
2019-11-08 16:42:56: 
2019-11-08 16:43:01:     [Player 3] draws a tile...
2019-11-08 16:43:04: 
2019-11-08 16:43:04: 
2019-11-08 16:43:04:     Remaining tiles: 64
2019-11-08 16:43:04:     --------------------------------------------------
2019-11-08 16:43:04: 
2019-11-08 16:43:06:     [Player 1] draws a tile...
2019-11-08 16:43:08:     [Player 2] draws a tile...
2019-11-08 16:43:14:     [Player 3] draws a tile...
2019-11-08 16:43:16: 
2019-11-08 16:43:16: 
2019-11-08 16:43:16:     Remaining tiles: 60
2019-11-08 16:43:16:     --------------------------------------------------
2019-11-08 16:43:16: 
2019-11-08 16:43:17:     [Player 1] draws a tile...
2019-11-08 16:43:28:     [Player 2] draws a tile...
2019-11-08 16:43:29:     [Player 3] draws a tile...
2019-11-08 16:43:29: 
2019-11-08 16:43:30: 
2019-11-08 16:43:30:     Remaining tiles: 56
2019-11-08 16:43:30:     --------------------------------------------------
2019-11-08 16:43:30: 
2019-11-08 16:43:30:     [Player 1] draws a tile...
2019-11-08 16:43:32:     [Player 2] draws a tile...
2019-11-08 16:43:35:     [Player 3] draws a tile...
2019-11-08 16:43:37: 
2019-11-08 16:43:38: 
2019-11-08 16:43:38:     Remaining tiles: 52
2019-11-08 16:43:38:     --------------------------------------------------
2019-11-08 16:43:38: 
2019-11-08 16:43:38:     [Player 1] draws a tile...
2019-11-08 16:43:42:     [Player 2] draws a tile...
2019-11-08 16:43:44:     [Player 3] draws a tile...
2019-11-08 16:43:51: 
2019-11-08 16:43:51: 
2019-11-08 16:43:51:     Remaining tiles: 48
2019-11-08 16:43:51:     --------------------------------------------------
2019-11-08 16:43:51: 
2019-11-08 16:43:56:     [Player 2] draws a tile...
2019-11-08 16:44:02: 
2019-11-08 16:44:02: 
2019-11-08 16:44:02:     Remaining tiles: 46
2019-11-08 16:44:02:     --------------------------------------------------
2019-11-08 16:44:02: 
2019-11-08 16:44:03:     [Player 1] draws a tile...
2019-11-08 16:44:07:     [Player 2] draws a tile...
2019-11-08 16:44:09:     [Player 3] draws a tile...
2019-11-08 16:44:13: 
2019-11-08 16:44:13: 
2019-11-08 16:44:13:     Remaining tiles: 42
2019-11-08 16:44:13:     --------------------------------------------------
2019-11-08 16:44:13: 
2019-11-08 16:44:14:     [Player 1] draws a tile...
2019-11-08 16:44:18:     [Player 2] draws a tile...
2019-11-08 16:44:20:     [Player 3] draws a tile...
2019-11-08 16:44:22: 
2019-11-08 16:44:22: 
2019-11-08 16:44:22:     Remaining tiles: 38
2019-11-08 16:44:22:     --------------------------------------------------
2019-11-08 16:44:22: 
2019-11-08 16:44:23:     [Player 1] draws a tile...
2019-11-08 16:44:30: 
2019-11-08 16:44:30: 
2019-11-08 16:44:30:     Remaining tiles: 36
2019-11-08 16:44:30:     --------------------------------------------------
2019-11-08 16:44:30: 
2019-11-08 16:44:31:     [Player 1] draws a tile...
2019-11-08 16:44:33:     [Player 2] draws a tile...
2019-11-08 16:44:35:     [Player 3] draws a tile...
2019-11-08 16:44:37: 
2019-11-08 16:44:38: 
2019-11-08 16:44:38:     Remaining tiles: 32
2019-11-08 16:44:38:     --------------------------------------------------
2019-11-08 16:44:38: 
2019-11-08 16:44:39:     [Player 1] draws a tile...
2019-11-08 16:44:42:     [Player 2] draws a tile...
2019-11-08 16:44:44:     [Player 3] draws a tile...
2019-11-08 16:44:47: 
2019-11-08 16:44:48: 
2019-11-08 16:44:48:     Remaining tiles: 28
2019-11-08 16:44:48:     --------------------------------------------------
2019-11-08 16:44:48: 
2019-11-08 16:44:50:     [Player 1] draws a tile...
2019-11-08 16:44:51:     [Player 2] draws a tile...
2019-11-08 16:44:56:     --------------------------------------------------
2019-11-08 16:44:56: 
2019-11-08 16:44:56:     <AGARI ba="0,0" hai="9,15,16,48,55,58,61,65,70,101,102" m="44555" machi="61" ten="30,2000,0" yaku="12,1,54,1" doraHai="41" who="1" fromWho="2" sc="198,0,188,20,281,-20,333,0" />
2019-11-08 16:44:56: 
2019-11-08 16:44:57:     --------------------------------------------------
2019-11-08 16:45:04:     --------------------------------------------------
2019-11-08 16:45:04:     Players: [weavile - 4¼‰ - 19800, ¤æ¤¦¤¹¤±£¡ - 1¼‰ - 20800, ýˆÈ¸¹í - ËÄ¶Î - 26100, ¥¢¥Ö¥½¥é¥¤¥É - ËÄ¶Î - 33300]
2019-11-08 16:45:04:     Dealer: weavile - 4¼‰ - 19800
2019-11-08 16:45:04:  
2019-11-08 16:45:04: 
2019-11-08 16:45:04: 
2019-11-08 16:45:04:     Remaining tiles: 69
2019-11-08 16:45:04:     --------------------------------------------------
2019-11-08 16:45:04: 
2019-11-08 16:45:05:     [Player 1] draws a tile...
2019-11-08 16:45:07:     [Player 2] draws a tile...
2019-11-08 16:45:12:     [Player 3] draws a tile...
2019-11-08 16:45:14: 
2019-11-08 16:45:14: 
2019-11-08 16:45:14:     Remaining tiles: 65
2019-11-08 16:45:14:     --------------------------------------------------
2019-11-08 16:45:14: 
2019-11-08 16:45:15:     [Player 1] draws a tile...
2019-11-08 16:45:18:     [Player 2] draws a tile...
2019-11-08 16:45:21:     [Player 3] draws a tile...
2019-11-08 16:45:23: 
2019-11-08 16:45:23: 
2019-11-08 16:45:23:     Remaining tiles: 61
2019-11-08 16:45:23:     --------------------------------------------------
2019-11-08 16:45:23: 
2019-11-08 16:45:24:     [Player 1] draws a tile...
2019-11-08 16:45:29:     [Player 2] draws a tile...
2019-11-08 16:45:33:     [Player 3] draws a tile...
2019-11-08 16:45:36: 
2019-11-08 16:45:36: 
2019-11-08 16:45:36:     Remaining tiles: 57
2019-11-08 16:45:36:     --------------------------------------------------
2019-11-08 16:45:36: 
2019-11-08 16:45:37:     [Player 1] draws a tile...
2019-11-08 16:45:39:     [Player 2] draws a tile...
2019-11-08 16:45:42:     [Player 3] draws a tile...
2019-11-08 16:45:46: 
2019-11-08 16:45:47: 
2019-11-08 16:45:47:     Remaining tiles: 53
2019-11-08 16:45:47:     --------------------------------------------------
2019-11-08 16:45:47: 
2019-11-08 16:45:48:     [Player 1] draws a tile...
2019-11-08 16:45:50:     [Player 2] draws a tile...
2019-11-08 16:45:52:     [Player 3] draws a tile...
2019-11-08 16:45:58: 
2019-11-08 16:45:59: 
2019-11-08 16:45:59:     Remaining tiles: 49
2019-11-08 16:45:59:     --------------------------------------------------
2019-11-08 16:45:59: 
2019-11-08 16:46:00:     [Player 1] draws a tile...
2019-11-08 16:46:04:     [Player 2] draws a tile...
2019-11-08 16:46:06:     [Player 3] draws a tile...
2019-11-08 16:46:10: 
2019-11-08 16:46:11: 
2019-11-08 16:46:11:     Remaining tiles: 45
2019-11-08 16:46:11:     --------------------------------------------------
2019-11-08 16:46:11: 
2019-11-08 16:46:12:     [Player 1] draws a tile...
2019-11-08 16:46:13:     Reach was called by 1-th player: ¤æ¤¦¤¹¤±£¡ - 1¼‰ - 20800
2019-11-08 16:46:13: 
2019-11-08 16:46:18:     [Player 2] draws a tile...
2019-11-08 16:46:20:     [Player 3] draws a tile...
2019-11-08 16:46:25: 
2019-11-08 16:46:25: 
2019-11-08 16:46:25:     Remaining tiles: 41
2019-11-08 16:46:26:     --------------------------------------------------
2019-11-08 16:46:26: 
2019-11-08 16:46:26:     [Player 1] draws a tile...
2019-11-08 16:46:30:     [Player 2] draws a tile...
2019-11-08 16:46:32:     [Player 3] draws a tile...
2019-11-08 16:46:37:     --------------------------------------------------
2019-11-08 16:46:37: 
2019-11-08 16:46:37:     <AGARI ba="0,1" hai="38,39,40,42,60,62,101,103,104,107,109,111,124,126" machi="124" ten="25,8000,1" yaku="1,1,22,2,53,2" doraHai="130" doraHaiUra="70" who="1" fromWho="3" sc="198,0,198,90,261,0,333,-80" />
2019-11-08 16:46:37: 
2019-11-08 16:46:37:     --------------------------------------------------
2019-11-08 16:46:46:     --------------------------------------------------
2019-11-08 16:46:46:     Players: [weavile - 4¼‰ - 19800, ¤æ¤¦¤¹¤±£¡ - 1¼‰ - 28800, ýˆÈ¸¹í - ËÄ¶Î - 26100, ¥¢¥Ö¥½¥é¥¤¥É - ËÄ¶Î - 25300]
2019-11-08 16:46:46:     Dealer: ¤æ¤¦¤¹¤±£¡ - 1¼‰ - 28800
2019-11-08 16:46:46:  
2019-11-08 16:46:46:     [Player 1] draws a tile...
2019-11-08 16:46:51:     [Player 2] draws a tile...
2019-11-08 16:46:53:     [Player 3] draws a tile...
2019-11-08 16:46:55: 
2019-11-08 16:46:56: 
2019-11-08 16:46:56:     Remaining tiles: 66
2019-11-08 16:46:56:     --------------------------------------------------
2019-11-08 16:46:56: 
2019-11-08 16:46:57:     [Player 1] draws a tile...
2019-11-08 16:47:05:     [Player 2] draws a tile...
2019-11-08 16:47:07:     [Player 3] draws a tile...
2019-11-08 16:47:12: 
2019-11-08 16:47:12: 
2019-11-08 16:47:12:     Remaining tiles: 62
2019-11-08 16:47:12:     --------------------------------------------------
2019-11-08 16:47:12: 
2019-11-08 16:47:13:     [Player 1] draws a tile...
2019-11-08 16:47:16:     [Player 2] draws a tile...
2019-11-08 16:47:27:     [Player 2] draws a tile...
2019-11-08 16:47:29:     [Player 3] draws a tile...
2019-11-08 16:47:33: 
2019-11-08 16:47:33: 
2019-11-08 16:47:33:     Remaining tiles: 57
2019-11-08 16:47:33:     --------------------------------------------------
2019-11-08 16:47:33: 
2019-11-08 16:47:34:     [Player 1] draws a tile...
2019-11-08 16:47:37:     [Player 2] draws a tile...
2019-11-08 16:47:45:     [Player 2] draws a tile...
2019-11-08 16:47:49:     [Player 3] draws a tile...
2019-11-08 16:47:52: 
2019-11-08 16:47:52: 
2019-11-08 16:47:52:     Remaining tiles: 52
2019-11-08 16:47:52:     --------------------------------------------------
2019-11-08 16:47:52: 
2019-11-08 16:47:56:     [Player 2] draws a tile...
2019-11-08 16:47:58:     [Player 3] draws a tile...
2019-11-08 16:48:02: 
2019-11-08 16:48:02: 
2019-11-08 16:48:02:     Remaining tiles: 49
2019-11-08 16:48:02:     --------------------------------------------------
2019-11-08 16:48:02: 
2019-11-08 16:48:03:     [Player 1] draws a tile...
2019-11-08 16:48:05:     [Player 2] draws a tile...
2019-11-08 16:48:08:     [Player 3] draws a tile...
2019-11-08 16:48:10: 
2019-11-08 16:48:11: 
2019-11-08 16:48:11:     Remaining tiles: 45
2019-11-08 16:48:11:     --------------------------------------------------
2019-11-08 16:48:11: 
2019-11-08 16:48:12:     [Player 1] draws a tile...
2019-11-08 16:48:16:     [Player 2] draws a tile...
2019-11-08 16:48:17:     [Player 3] draws a tile...
2019-11-08 16:48:20: 
2019-11-08 16:48:21: 
2019-11-08 16:48:21:     Remaining tiles: 41
2019-11-08 16:48:21:     --------------------------------------------------
2019-11-08 16:48:21: 
2019-11-08 16:48:22:     [Player 1] draws a tile...
2019-11-08 16:48:26:     [Player 2] draws a tile...
2019-11-08 16:48:30:     [Player 3] draws a tile...
2019-11-08 16:48:32: 
2019-11-08 16:48:33: 
2019-11-08 16:48:33:     Remaining tiles: 37
2019-11-08 16:48:33:     --------------------------------------------------
2019-11-08 16:48:33: 
2019-11-08 16:48:34:     [Player 1] draws a tile...
2019-11-08 16:48:37:     [Player 2] draws a tile...
2019-11-08 16:48:42:     [Player 3] draws a tile...
2019-11-08 16:48:45: 
2019-11-08 16:48:45: 
2019-11-08 16:48:45:     Remaining tiles: 33
2019-11-08 16:48:45:     --------------------------------------------------
2019-11-08 16:48:45: 
2019-11-08 16:48:46:     [Player 1] draws a tile...
2019-11-08 16:48:49:     [Player 2] draws a tile...
2019-11-08 16:48:53:     [Player 3] draws a tile...
2019-11-08 16:48:55: 
2019-11-08 16:48:56: 
2019-11-08 16:48:56:     Remaining tiles: 29
2019-11-08 16:48:56:     --------------------------------------------------
2019-11-08 16:48:56: 
2019-11-08 16:48:56:     [Player 1] draws a tile...
2019-11-08 16:49:05:     [Player 2] draws a tile...
2019-11-08 16:49:07:     [Player 3] draws a tile...
2019-11-08 16:49:11: 
2019-11-08 16:49:11: 
2019-11-08 16:49:11:     Remaining tiles: 25
2019-11-08 16:49:11:     --------------------------------------------------
2019-11-08 16:49:11: 
2019-11-08 16:49:12:     [Player 1] draws a tile...
2019-11-08 16:49:18:     [Player 2] draws a tile...
2019-11-08 16:49:25:     [Player 3] draws a tile...
2019-11-08 16:49:27: 
2019-11-08 16:49:28: 
2019-11-08 16:49:28:     Remaining tiles: 21
2019-11-08 16:49:28:     --------------------------------------------------
2019-11-08 16:49:28: 
2019-11-08 16:49:29:     [Player 1] draws a tile...
2019-11-08 16:49:30:     [Player 1] draws a tile...
2019-11-08 16:49:33:     [Player 2] draws a tile...
2019-11-08 16:49:35:     [Player 3] draws a tile...
2019-11-08 16:49:39: 
2019-11-08 16:49:40: 
2019-11-08 16:49:40:     Remaining tiles: 17
2019-11-08 16:49:40:     --------------------------------------------------
2019-11-08 16:49:40: 
2019-11-08 16:49:41:     [Player 1] draws a tile...
2019-11-08 16:49:45:     [Player 2] draws a tile...
2019-11-08 16:49:47:     [Player 3] draws a tile...
2019-11-08 16:49:51: 
2019-11-08 16:49:52: 
2019-11-08 16:49:52:     Remaining tiles: 13
2019-11-08 16:49:52:     --------------------------------------------------
2019-11-08 16:49:52: 
2019-11-08 16:49:53:     [Player 1] draws a tile...
2019-11-08 16:49:56:     [Player 2] draws a tile...
2019-11-08 16:49:58:     [Player 3] draws a tile...
2019-11-08 16:50:14: 
2019-11-08 16:50:14: 
2019-11-08 16:50:14:     Remaining tiles: 9
2019-11-08 16:50:14:     --------------------------------------------------
2019-11-08 16:50:14: 
2019-11-08 16:50:15:     [Player 1] draws a tile...
2019-11-08 16:50:18:     [Player 2] draws a tile...
2019-11-08 16:50:20:     [Player 3] draws a tile...
2019-11-08 16:50:24: 
2019-11-08 16:50:25: 
2019-11-08 16:50:25:     Remaining tiles: 5
2019-11-08 16:50:25:     --------------------------------------------------
2019-11-08 16:50:25: 
2019-11-08 16:50:25:     [Player 1] draws a tile...
2019-11-08 16:50:28:     [Player 2] draws a tile...
2019-11-08 16:50:30:     [Player 3] draws a tile...
2019-11-08 16:50:33: 
2019-11-08 16:50:34: 
2019-11-08 16:50:34:     Remaining tiles: 1
2019-11-08 16:50:34:     --------------------------------------------------
2019-11-08 16:50:34: 
2019-11-08 16:50:35:     NO ONE WINS, NO MORE TILES...

2019-11-08 16:50:35:     --------------------------------------------------
2019-11-08 16:50:40:     --------------------------------------------------
2019-11-08 16:50:40:     Players: [weavile - 4¼‰ - 18800, ¤æ¤¦¤¹¤±£¡ - 1¼‰ - 31800, ýˆÈ¸¹í - ËÄ¶Î - 25100, ¥¢¥Ö¥½¥é¥¤¥É - ËÄ¶Î - 24300]
2019-11-08 16:50:40:     Dealer: ¤æ¤¦¤¹¤±£¡ - 1¼‰ - 31800
2019-11-08 16:50:40:  
2019-11-08 16:50:40:     [Player 1] draws a tile...
2019-11-08 16:50:47:     [Player 2] draws a tile...
2019-11-08 16:50:50:     [Player 3] draws a tile...
2019-11-08 16:50:55: 
2019-11-08 16:50:55: 
2019-11-08 16:50:55:     Remaining tiles: 66
2019-11-08 16:50:55:     --------------------------------------------------
2019-11-08 16:50:55: 
2019-11-08 16:50:56:     [Player 1] draws a tile...
2019-11-08 16:50:59:     [Player 2] draws a tile...
2019-11-08 16:51:01:     [Player 3] draws a tile...
2019-11-08 16:51:05: 
2019-11-08 16:51:05: 
2019-11-08 16:51:05:     Remaining tiles: 62
2019-11-08 16:51:05:     --------------------------------------------------
2019-11-08 16:51:05: 
2019-11-08 16:51:06:     [Player 1] draws a tile...
2019-11-08 16:51:09:     [Player 2] draws a tile...
2019-11-08 16:51:11:     [Player 3] draws a tile...
2019-11-08 16:51:13: 
2019-11-08 16:51:14: 
2019-11-08 16:51:14:     Remaining tiles: 58
2019-11-08 16:51:14:     --------------------------------------------------
2019-11-08 16:51:14: 
2019-11-08 16:51:16:     [Player 1] draws a tile...
2019-11-08 16:51:19:     [Player 2] draws a tile...
2019-11-08 16:51:22:     [Player 3] draws a tile...
2019-11-08 16:51:28: 
2019-11-08 16:51:28: 
2019-11-08 16:51:28:     Remaining tiles: 54
2019-11-08 16:51:28:     --------------------------------------------------
2019-11-08 16:51:28: 
2019-11-08 16:51:30:     [Player 1] draws a tile...
2019-11-08 16:51:32:     [Player 2] draws a tile...
2019-11-08 16:51:34:     [Player 3] draws a tile...
2019-11-08 16:51:37: 
2019-11-08 16:51:37: 
2019-11-08 16:51:37:     Remaining tiles: 50
2019-11-08 16:51:37:     --------------------------------------------------
2019-11-08 16:51:37: 
2019-11-08 16:51:44:     [Player 3] draws a tile...
2019-11-08 16:51:47: 
2019-11-08 16:51:48: 
2019-11-08 16:51:48:     Remaining tiles: 48
2019-11-08 16:51:48:     --------------------------------------------------
2019-11-08 16:51:48: 
2019-11-08 16:51:50:     [Player 1] draws a tile...
2019-11-08 16:51:53:     [Player 2] draws a tile...
2019-11-08 16:51:55:     [Player 3] draws a tile...
2019-11-08 16:51:58: 
2019-11-08 16:51:58: 
2019-11-08 16:51:58:     Remaining tiles: 44
2019-11-08 16:51:58:     --------------------------------------------------
2019-11-08 16:51:58: 
2019-11-08 16:51:59:     [Player 1] draws a tile...
2019-11-08 16:52:02:     Reach was called by 1-th player: ¤æ¤¦¤¹¤±£¡ - 1¼‰ - 31800
2019-11-08 16:52:02: 
2019-11-08 16:52:03:     [Player 2] draws a tile...
2019-11-08 16:52:06:     [Player 3] draws a tile...
2019-11-08 16:52:11: 
2019-11-08 16:52:11: 
2019-11-08 16:52:11:     Remaining tiles: 40
2019-11-08 16:52:11:     --------------------------------------------------
2019-11-08 16:52:11: 
2019-11-08 16:52:12:     [Player 1] draws a tile...
2019-11-08 16:52:13:     --------------------------------------------------
2019-11-08 16:52:13: 
2019-11-08 16:52:13:     <AGARI ba="1,1" hai="12,17,20,39,40,44,46,50,55,60,62,63,133,135" machi="39" ten="30,6000,0" yaku="1,1,2,1,0,1,53,0" doraHai="98" doraHaiUra="124" who="1" fromWho="1" sc="188,-21,308,73,251,-21,243,-21" />
2019-11-08 16:52:13: 
2019-11-08 16:52:13:     --------------------------------------------------
2019-11-08 16:52:22:     --------------------------------------------------
2019-11-08 16:52:22:     Players: [weavile - 4¼‰ - 16700, ¤æ¤¦¤¹¤±£¡ - 1¼‰ - 38100, ýˆÈ¸¹í - ËÄ¶Î - 23000, ¥¢¥Ö¥½¥é¥¤¥É - ËÄ¶Î - 22200]
2019-11-08 16:52:22:     Dealer: ¤æ¤¦¤¹¤±£¡ - 1¼‰ - 38100
2019-11-08 16:52:22:  
2019-11-08 16:52:22:     [Player 1] draws a tile...
2019-11-08 16:52:23:     [Player 2] draws a tile...
2019-11-08 16:52:28:     [Player 3] draws a tile...
2019-11-08 16:52:30: 
2019-11-08 16:52:30: 
2019-11-08 16:52:30:     Remaining tiles: 66
2019-11-08 16:52:30:     --------------------------------------------------
2019-11-08 16:52:30: 
2019-11-08 16:52:31:     [Player 1] draws a tile...
2019-11-08 16:52:34:     [Player 2] draws a tile...
2019-11-08 16:52:39:     [Player 3] draws a tile...
2019-11-08 16:52:41: 
2019-11-08 16:52:42: 
2019-11-08 16:52:42:     Remaining tiles: 62
2019-11-08 16:52:42:     --------------------------------------------------
2019-11-08 16:52:42: 
2019-11-08 16:52:43:     [Player 1] draws a tile...
2019-11-08 16:52:49:     [Player 2] draws a tile...
2019-11-08 16:52:51:     [Player 3] draws a tile...
2019-11-08 16:52:54: 
2019-11-08 16:52:54: 
2019-11-08 16:52:54:     Remaining tiles: 58
2019-11-08 16:52:54:     --------------------------------------------------
2019-11-08 16:52:54: 
2019-11-08 16:52:55:     [Player 1] draws a tile...
2019-11-08 16:53:02:     [Player 2] draws a tile...
2019-11-08 16:53:03:     [Player 3] draws a tile...
2019-11-08 16:53:04: 
2019-11-08 16:53:05: 
2019-11-08 16:53:05:     Remaining tiles: 54
2019-11-08 16:53:05:     --------------------------------------------------
2019-11-08 16:53:05: 
2019-11-08 16:53:07:     [Player 1] draws a tile...
2019-11-08 16:53:12:     [Player 2] draws a tile...
2019-11-08 16:53:14:     [Player 3] draws a tile...
2019-11-08 16:53:17: 
2019-11-08 16:53:18: 
2019-11-08 16:53:18:     Remaining tiles: 50
2019-11-08 16:53:18:     --------------------------------------------------
2019-11-08 16:53:18: 
2019-11-08 16:53:19:     [Player 1] draws a tile...
2019-11-08 16:53:21:     [Player 2] draws a tile...
2019-11-08 16:53:25:     [Player 3] draws a tile...
2019-11-08 16:53:32: 
2019-11-08 16:53:33: 
2019-11-08 16:53:33:     Remaining tiles: 46
2019-11-08 16:53:33:     --------------------------------------------------
2019-11-08 16:53:33: 
2019-11-08 16:53:34:     [Player 1] draws a tile...
2019-11-08 16:53:37:     [Player 2] draws a tile...
2019-11-08 16:53:42:     [Player 3] draws a tile...
2019-11-08 16:53:46: 
2019-11-08 16:53:46: 
2019-11-08 16:53:46:     Remaining tiles: 42
2019-11-08 16:53:46:     --------------------------------------------------
2019-11-08 16:53:46: 
2019-11-08 16:53:47:     [Player 1] draws a tile...
2019-11-08 16:53:50:     [Player 2] draws a tile...
2019-11-08 16:53:52:     [Player 3] draws a tile...
2019-11-08 16:53:57: 
2019-11-08 16:53:57: 
2019-11-08 16:53:57:     Remaining tiles: 38
2019-11-08 16:53:57:     --------------------------------------------------
2019-11-08 16:53:57: 
2019-11-08 16:53:58:     [Player 1] draws a tile...
2019-11-08 16:54:00:     [Player 2] draws a tile...
2019-11-08 16:54:04:     [Player 3] draws a tile...
2019-11-08 16:54:07: 
2019-11-08 16:54:08: 
2019-11-08 16:54:08:     Remaining tiles: 34
2019-11-08 16:54:08:     --------------------------------------------------
2019-11-08 16:54:08: 
2019-11-08 16:54:08:     [Player 1] draws a tile...
2019-11-08 16:54:15:     [Player 2] draws a tile...
2019-11-08 16:54:17:     [Player 3] draws a tile...
2019-11-08 16:54:22: 
2019-11-08 16:54:23: 
2019-11-08 16:54:23:     Remaining tiles: 30
2019-11-08 16:54:23:     --------------------------------------------------
2019-11-08 16:54:23: 
2019-11-08 16:54:24:     [Player 1] draws a tile...
2019-11-08 16:54:25:     [Player 2] draws a tile...
2019-11-08 16:54:30:     [Player 3] draws a tile...
2019-11-08 16:54:32: 
2019-11-08 16:54:32: 
2019-11-08 16:54:32:     Remaining tiles: 26
2019-11-08 16:54:32:     --------------------------------------------------
2019-11-08 16:54:32: 
2019-11-08 16:54:33:     [Player 1] draws a tile...
2019-11-08 16:54:36:     [Player 2] draws a tile...
2019-11-08 16:54:38:     [Player 3] draws a tile...
2019-11-08 16:54:41: 
2019-11-08 16:54:41: 
2019-11-08 16:54:41:     Remaining tiles: 22
2019-11-08 16:54:41:     --------------------------------------------------
2019-11-08 16:54:41: 
2019-11-08 16:54:42:     [Player 1] draws a tile...
2019-11-08 16:54:46:     [Player 2] draws a tile...
2019-11-08 16:54:48:     [Player 3] draws a tile...
2019-11-08 16:54:51: 
2019-11-08 16:54:51: 
2019-11-08 16:54:51:     Remaining tiles: 18
2019-11-08 16:54:51:     --------------------------------------------------
2019-11-08 16:54:51: 
2019-11-08 16:54:56:     [Player 2] draws a tile...
2019-11-08 16:54:58:     [Player 3] draws a tile...
2019-11-08 16:55:00: 
2019-11-08 16:55:01: 
2019-11-08 16:55:01:     Remaining tiles: 15
2019-11-08 16:55:01:     --------------------------------------------------
2019-11-08 16:55:01: 
2019-11-08 16:55:02:     [Player 1] draws a tile...
2019-11-08 16:55:02:     --------------------------------------------------
2019-11-08 16:55:02: 
2019-11-08 16:55:02:     <AGARI ba="2,0" hai="12,13,14,18,23,27,45,47,57,62,66" m="38411" machi="66" ten="30,1500,0" yaku="8,1" doraHai="73" who="1" fromWho="1" sc="167,-7,381,21,230,-7,222,-7" />
2019-11-08 16:55:02: 
2019-11-08 16:55:03:     --------------------------------------------------
2019-11-08 16:55:09:     --------------------------------------------------
2019-11-08 16:55:09:     Players: [weavile - 4¼‰ - 16000, ¤æ¤¦¤¹¤±£¡ - 1¼‰ - 40200, ýˆÈ¸¹í - ËÄ¶Î - 22300, ¥¢¥Ö¥½¥é¥¤¥É - ËÄ¶Î - 21500]
2019-11-08 16:55:09:     Dealer: ¤æ¤¦¤¹¤±£¡ - 1¼‰ - 40200
2019-11-08 16:55:09:  
2019-11-08 16:55:09:     [Player 1] draws a tile...
2019-11-08 16:55:14:     [Player 2] draws a tile...
2019-11-08 16:55:17:     [Player 3] draws a tile...
2019-11-08 16:55:20: 
2019-11-08 16:55:20: 
2019-11-08 16:55:20:     Remaining tiles: 66
2019-11-08 16:55:20:     --------------------------------------------------
2019-11-08 16:55:20: 
2019-11-08 16:55:33:     [Player 2] draws a tile...
2019-11-08 16:55:37:     [Player 3] draws a tile...
2019-11-08 16:55:40:     [Player 2] draws a tile...
2019-11-08 16:55:43:     [Player 3] draws a tile...
2019-11-08 16:55:45: 
2019-11-08 16:55:45: 
2019-11-08 16:55:45:     Remaining tiles: 61
2019-11-08 16:55:45:     --------------------------------------------------
2019-11-08 16:55:45: 
2019-11-08 16:55:46:     [Player 1] draws a tile...
2019-11-08 16:55:52:     [Player 3] draws a tile...
2019-11-08 16:55:56: 
2019-11-08 16:55:56: 
2019-11-08 16:55:56:     Remaining tiles: 58
2019-11-08 16:55:56:     --------------------------------------------------
2019-11-08 16:55:56: 
2019-11-08 16:55:57:     [Player 1] draws a tile...
2019-11-08 16:56:01:     [Player 2] draws a tile...
2019-11-08 16:56:02:     [Player 3] draws a tile...
2019-11-08 16:56:08:     --------------------------------------------------
2019-11-08 16:56:08: 
2019-11-08 16:56:08:     <AGARI ba="3,0" hai="28,30,73,78,80,91,92,96" m="29991,44042" machi="73" ten="30,2000,0" yaku="15,1,11,1" doraHai="120" who="2" fromWho="3" sc="160,0,402,0,223,29,215,-29" />
2019-11-08 16:56:08: 
2019-11-08 16:56:09:     --------------------------------------------------
2019-11-08 16:56:15:     --------------------------------------------------
2019-11-08 16:56:15:     Players: [weavile - 4¼‰ - 16000, ¤æ¤¦¤¹¤±£¡ - 1¼‰ - 40200, ýˆÈ¸¹í - ËÄ¶Î - 25200, ¥¢¥Ö¥½¥é¥¤¥É - ËÄ¶Î - 18600]
2019-11-08 16:56:15:     Dealer: ýˆÈ¸¹í - ËÄ¶Î - 25200
2019-11-08 16:56:15:  
2019-11-08 16:56:15:     [Player 2] draws a tile...
2019-11-08 16:56:20:     [Player 3] draws a tile...
2019-11-08 16:56:23: 
2019-11-08 16:56:23: 
2019-11-08 16:56:23:     Remaining tiles: 67
2019-11-08 16:56:23:     --------------------------------------------------
2019-11-08 16:56:23: 
2019-11-08 16:56:24:     [Player 1] draws a tile...
2019-11-08 16:56:27:     [Player 2] draws a tile...
2019-11-08 16:56:31:     [Player 3] draws a tile...
2019-11-08 16:56:33: 
2019-11-08 16:56:34: 
2019-11-08 16:56:34:     Remaining tiles: 63
2019-11-08 16:56:34:     --------------------------------------------------
2019-11-08 16:56:34: 
2019-11-08 16:56:34:     [Player 1] draws a tile...
2019-11-08 16:56:37:     [Player 2] draws a tile...
2019-11-08 16:56:41:     [Player 3] draws a tile...
2019-11-08 16:56:53: 
2019-11-08 16:56:54: 
2019-11-08 16:56:54:     Remaining tiles: 59
2019-11-08 16:56:54:     --------------------------------------------------
2019-11-08 16:56:54: 
2019-11-08 16:56:55:     [Player 1] draws a tile...
2019-11-08 16:56:56:     [Player 2] draws a tile...
2019-11-08 16:57:00:     [Player 3] draws a tile...
2019-11-08 16:57:02: 
2019-11-08 16:57:03: 
2019-11-08 16:57:03:     Remaining tiles: 55
2019-11-08 16:57:03:     --------------------------------------------------
2019-11-08 16:57:03: 
2019-11-08 16:57:03:     [Player 1] draws a tile...
2019-11-08 16:57:05:     [Player 2] draws a tile...
2019-11-08 16:57:10:     [Player 3] draws a tile...
2019-11-08 16:57:14: 
2019-11-08 16:57:14: 
2019-11-08 16:57:14:     Remaining tiles: 51
2019-11-08 16:57:14:     --------------------------------------------------
2019-11-08 16:57:14: 
2019-11-08 16:57:15:     [Player 1] draws a tile...
2019-11-08 16:57:17:     [Player 2] draws a tile...
2019-11-08 16:57:22:     [Player 3] draws a tile...
2019-11-08 16:57:24: 
2019-11-08 16:57:25: 
2019-11-08 16:57:25:     Remaining tiles: 47
2019-11-08 16:57:25:     --------------------------------------------------
2019-11-08 16:57:25: 
2019-11-08 16:57:26:     [Player 1] draws a tile...
2019-11-08 16:57:30:     [Player 2] draws a tile...
2019-11-08 16:57:33:     [Player 3] draws a tile...
2019-11-08 16:57:38: 
2019-11-08 16:57:38: 
2019-11-08 16:57:38:     Remaining tiles: 43
2019-11-08 16:57:38:     --------------------------------------------------
2019-11-08 16:57:38: 
2019-11-08 16:57:39:     [Player 1] draws a tile...
2019-11-08 16:57:42:     [Player 2] draws a tile...
2019-11-08 16:57:47:     [Player 3] draws a tile...
2019-11-08 16:57:52: 
2019-11-08 16:57:53: 
2019-11-08 16:57:53:     Remaining tiles: 39
2019-11-08 16:57:53:     --------------------------------------------------
2019-11-08 16:57:53: 
2019-11-08 16:57:54:     [Player 1] draws a tile...
2019-11-08 16:57:55:     [Player 2] draws a tile...
2019-11-08 16:57:58:     [Player 3] draws a tile...
2019-11-08 16:58:00: 
2019-11-08 16:58:01: 
2019-11-08 16:58:01:     Remaining tiles: 35
2019-11-08 16:58:01:     --------------------------------------------------
2019-11-08 16:58:01: 
2019-11-08 16:58:02:     [Player 1] draws a tile...
2019-11-08 16:58:03:     [Player 2] draws a tile...
2019-11-08 16:58:06:     [Player 3] draws a tile...
2019-11-08 16:58:08: 
2019-11-08 16:58:09: 
2019-11-08 16:58:09:     Remaining tiles: 31
2019-11-08 16:58:09:     --------------------------------------------------
2019-11-08 16:58:09: 
2019-11-08 16:58:10:     [Player 1] draws a tile...
2019-11-08 16:58:18:     [Player 2] draws a tile...
2019-11-08 16:58:21:     [Player 3] draws a tile...
2019-11-08 16:58:24: 
2019-11-08 16:58:24: 
2019-11-08 16:58:24:     Remaining tiles: 27
2019-11-08 16:58:24:     --------------------------------------------------
2019-11-08 16:58:24: 
2019-11-08 16:58:27:     [Player 1] draws a tile...
2019-11-08 16:58:32:     [Player 2] draws a tile...
2019-11-08 16:58:37:     [Player 3] draws a tile...
2019-11-08 16:58:39: 
2019-11-08 16:58:39: 
2019-11-08 16:58:39:     Remaining tiles: 23
2019-11-08 16:58:39:     --------------------------------------------------
2019-11-08 16:58:39: 
2019-11-08 16:58:40:     [Player 1] draws a tile...
2019-11-08 16:58:46:     [Player 2] draws a tile...
2019-11-08 16:58:47:     [Player 3] draws a tile...
2019-11-08 16:58:51: 
2019-11-08 16:58:51: 
2019-11-08 16:58:51:     Remaining tiles: 19
2019-11-08 16:58:51:     --------------------------------------------------
2019-11-08 16:58:51: 
2019-11-08 16:58:52:     [Player 1] draws a tile...
2019-11-08 16:58:56:     [Player 2] draws a tile...
2019-11-08 16:58:58:     [Player 3] draws a tile...
2019-11-08 16:59:01: 
2019-11-08 16:59:01: 
2019-11-08 16:59:01:     Remaining tiles: 15
2019-11-08 16:59:01:     --------------------------------------------------
2019-11-08 16:59:01: 
2019-11-08 16:59:02:     [Player 1] draws a tile...
2019-11-08 16:59:07:     [Player 2] draws a tile...
2019-11-08 16:59:08:     [Player 3] draws a tile...
2019-11-08 16:59:21: 
2019-11-08 16:59:22: 
2019-11-08 16:59:22:     Remaining tiles: 11
2019-11-08 16:59:22:     --------------------------------------------------
2019-11-08 16:59:22: 
2019-11-08 16:59:27:     [Player 2] draws a tile...
2019-11-08 16:59:31:     [Player 3] draws a tile...
2019-11-08 16:59:36: 
2019-11-08 16:59:36: 
2019-11-08 16:59:36:     Remaining tiles: 8
2019-11-08 16:59:36:     --------------------------------------------------
2019-11-08 16:59:36: 
2019-11-08 16:59:37:     [Player 1] draws a tile...
2019-11-08 16:59:39:     [Player 2] draws a tile...
2019-11-08 16:59:44:     Reach was called by 2-th player: ýˆÈ¸¹í - ËÄ¶Î - 25200
2019-11-08 16:59:44: 
2019-11-08 16:59:46:     [Player 3] draws a tile...
2019-11-08 16:59:49: 
2019-11-08 16:59:50: 
2019-11-08 16:59:50:     Remaining tiles: 4
2019-11-08 16:59:50:     --------------------------------------------------
2019-11-08 16:59:50: 
2019-11-08 16:59:50:     [Player 1] draws a tile...
2019-11-08 16:59:53:     [Player 2] draws a tile...
2019-11-08 16:59:55:     [Player 3] draws a tile...
2019-11-08 16:59:57: 
2019-11-08 16:59:58: 
2019-11-08 16:59:58:     Remaining tiles: 0
2019-11-08 16:59:58:     --------------------------------------------------
2019-11-08 16:59:58: 
2019-11-08 16:59:58:     NO ONE WINS, NO MORE TILES...

2019-11-08 16:59:59:     --------------------------------------------------
2019-11-08 17:00:04:     --------------------------------------------------
2019-11-08 17:00:04:     Players: [weavile - 4¼‰ - 14500, ¤æ¤¦¤¹¤±£¡ - 1¼‰ - 41700, ýˆÈ¸¹í - ËÄ¶Î - 25700, ¥¢¥Ö¥½¥é¥¤¥É - ËÄ¶Î - 17100]
2019-11-08 17:00:04:     Dealer: ýˆÈ¸¹í - ËÄ¶Î - 25700
2019-11-08 17:00:04:  
2019-11-08 17:00:04:     [Player 2] draws a tile...
2019-11-08 17:00:11:     [Player 3] draws a tile...
2019-11-08 17:00:12: 
2019-11-08 17:00:12: 
2019-11-08 17:00:12:     Remaining tiles: 67
2019-11-08 17:00:12:     --------------------------------------------------
2019-11-08 17:00:12: 
2019-11-08 17:00:14:     [Player 1] draws a tile...
2019-11-08 17:00:16:     [Player 2] draws a tile...
2019-11-08 17:00:19:     [Player 3] draws a tile...
2019-11-08 17:00:20: 
2019-11-08 17:00:21: 
2019-11-08 17:00:21:     Remaining tiles: 63
2019-11-08 17:00:21:     --------------------------------------------------
2019-11-08 17:00:21: 
2019-11-08 17:00:22:     [Player 1] draws a tile...
2019-11-08 17:00:24:     [Player 2] draws a tile...
2019-11-08 17:00:29:     [Player 3] draws a tile...
2019-11-08 17:00:31: 
2019-11-08 17:00:32: 
2019-11-08 17:00:32:     Remaining tiles: 59
2019-11-08 17:00:32:     --------------------------------------------------
2019-11-08 17:00:32: 
2019-11-08 17:00:35: 
2019-11-08 17:00:36: 
2019-11-08 17:00:36:     Remaining tiles: 58
2019-11-08 17:00:36:     --------------------------------------------------
2019-11-08 17:00:36: 
2019-11-08 17:00:37:     [Player 1] draws a tile...
2019-11-08 17:00:39:     [Player 2] draws a tile...
2019-11-08 17:00:42:     [Player 3] draws a tile...
2019-11-08 17:00:44: 
2019-11-08 17:00:45: 
2019-11-08 17:00:45:     Remaining tiles: 54
2019-11-08 17:00:45:     --------------------------------------------------
2019-11-08 17:00:45: 
2019-11-08 17:00:45:     [Player 1] draws a tile...
2019-11-08 17:00:47:     [Player 2] draws a tile...
2019-11-08 17:00:49:     [Player 3] draws a tile...
2019-11-08 17:00:53: 
2019-11-08 17:00:53: 
2019-11-08 17:00:53:     Remaining tiles: 50
2019-11-08 17:00:53:     --------------------------------------------------
2019-11-08 17:00:53: 
2019-11-08 17:00:54:     [Player 1] draws a tile...
2019-11-08 17:00:57:     [Player 2] draws a tile...
2019-11-08 17:01:04: 
2019-11-08 17:01:04: 
2019-11-08 17:01:04:     Remaining tiles: 47
2019-11-08 17:01:04:     --------------------------------------------------
2019-11-08 17:01:04: 
2019-11-08 17:01:06:     [Player 1] draws a tile...
2019-11-08 17:01:12:     [Player 2] draws a tile...
2019-11-08 17:01:14:     [Player 3] draws a tile...
2019-11-08 17:01:17: 
2019-11-08 17:01:17: 
2019-11-08 17:01:17:     Remaining tiles: 43
2019-11-08 17:01:17:     --------------------------------------------------
2019-11-08 17:01:17: 
2019-11-08 17:01:22:     [Player 1] draws a tile...
2019-11-08 17:01:23:     [Player 2] draws a tile...
2019-11-08 17:01:26:     [Player 3] draws a tile...
2019-11-08 17:01:28:     --------------------------------------------------
2019-11-08 17:01:28: 
2019-11-08 17:01:28:     <AGARI ba="1,1" hai="21,22,26,27,30,31,45,47" m="30767,44041" machi="30" ten="30,7900,0" yaku="15,1,11,1,52,2" doraHai="25" who="3" fromWho="3" sc="145,-21,417,-21,257,-40,171,92" />
2019-11-08 17:01:28: 
2019-11-08 17:01:28:     --------------------------------------------------
2019-11-08 17:01:35:     --------------------------------------------------
2019-11-08 17:01:35:     Players: [weavile - 4¼‰ - 12400, ¤æ¤¦¤¹¤±£¡ - 1¼‰ - 39600, ýˆÈ¸¹í - ËÄ¶Î - 21700, ¥¢¥Ö¥½¥é¥¤¥É - ËÄ¶Î - 26300]
2019-11-08 17:01:35:     Dealer: ¥¢¥Ö¥½¥é¥¤¥É - ËÄ¶Î - 26300
2019-11-08 17:01:35:  
2019-11-08 17:01:35:     [Player 3] draws a tile...
2019-11-08 17:01:38: 
2019-11-08 17:01:39: 
2019-11-08 17:01:39:     Remaining tiles: 68
2019-11-08 17:01:39:     --------------------------------------------------
2019-11-08 17:01:39: 
2019-11-08 17:01:40:     [Player 1] draws a tile...
2019-11-08 17:01:42:     [Player 2] draws a tile...
2019-11-08 17:01:46:     [Player 3] draws a tile...
2019-11-08 17:01:52: 
2019-11-08 17:01:53: 
2019-11-08 17:01:53:     Remaining tiles: 64
2019-11-08 17:01:53:     --------------------------------------------------
2019-11-08 17:01:53: 
2019-11-08 17:01:54:     [Player 1] draws a tile...
2019-11-08 17:01:56:     [Player 2] draws a tile...
2019-11-08 17:01:58:     [Player 3] draws a tile...
2019-11-08 17:02:00: 
2019-11-08 17:02:01: 
2019-11-08 17:02:01:     Remaining tiles: 60
2019-11-08 17:02:01:     --------------------------------------------------
2019-11-08 17:02:01: 
2019-11-08 17:02:02:     [Player 1] draws a tile...
2019-11-08 17:02:07:     [Player 2] draws a tile...
2019-11-08 17:02:11:     [Player 3] draws a tile...
2019-11-08 17:02:12: 
2019-11-08 17:02:13: 
2019-11-08 17:02:13:     Remaining tiles: 56
2019-11-08 17:02:13:     --------------------------------------------------
2019-11-08 17:02:13: 
2019-11-08 17:02:14:     [Player 1] draws a tile...
2019-11-08 17:02:17:     [Player 2] draws a tile...
2019-11-08 17:02:23:     [Player 2] draws a tile...
2019-11-08 17:02:25:     [Player 3] draws a tile...
2019-11-08 17:02:28: 
2019-11-08 17:02:28: 
2019-11-08 17:02:28:     Remaining tiles: 51
2019-11-08 17:02:28:     --------------------------------------------------
2019-11-08 17:02:28: 
2019-11-08 17:02:29:     [Player 1] draws a tile...
2019-11-08 17:02:32:     [Player 2] draws a tile...
2019-11-08 17:02:35:     [Player 3] draws a tile...
2019-11-08 17:02:38: 
2019-11-08 17:02:38: 
2019-11-08 17:02:38:     Remaining tiles: 47
2019-11-08 17:02:38:     --------------------------------------------------
2019-11-08 17:02:38: 
2019-11-08 17:02:43:     [Player 2] draws a tile...
2019-11-08 17:02:46:     [Player 3] draws a tile...
2019-11-08 17:02:54:     [Player 3] draws a tile...
2019-11-08 17:02:56: 
2019-11-08 17:02:57: 
2019-11-08 17:02:57:     Remaining tiles: 43
2019-11-08 17:02:57:     --------------------------------------------------
2019-11-08 17:02:57: 
2019-11-08 17:03:00:     [Player 1] draws a tile...
2019-11-08 17:03:02:     [Player 2] draws a tile...
2019-11-08 17:03:04:     [Player 3] draws a tile...
2019-11-08 17:03:08: 
2019-11-08 17:03:08: 
2019-11-08 17:03:08:     Remaining tiles: 39
2019-11-08 17:03:08:     --------------------------------------------------
2019-11-08 17:03:08: 
2019-11-08 17:03:09:     [Player 1] draws a tile...
2019-11-08 17:03:11:     [Player 2] draws a tile...
2019-11-08 17:03:13:     [Player 3] draws a tile...
2019-11-08 17:03:16: 
2019-11-08 17:03:16: 
2019-11-08 17:03:16:     Remaining tiles: 35
2019-11-08 17:03:16:     --------------------------------------------------
2019-11-08 17:03:16: 
2019-11-08 17:03:17:     [Player 1] draws a tile...
2019-11-08 17:03:20:     [Player 2] draws a tile...
2019-11-08 17:03:22:     [Player 3] draws a tile...
2019-11-08 17:03:26: 
2019-11-08 17:03:26: 
2019-11-08 17:03:26:     Remaining tiles: 31
2019-11-08 17:03:26:     --------------------------------------------------
2019-11-08 17:03:26: 
2019-11-08 17:03:27:     [Player 1] draws a tile...
2019-11-08 17:03:29:     [Player 2] draws a tile...
2019-11-08 17:03:32:     [Player 3] draws a tile...
2019-11-08 17:03:35: 
2019-11-08 17:03:35: 
2019-11-08 17:03:35:     Remaining tiles: 27
2019-11-08 17:03:35:     --------------------------------------------------
2019-11-08 17:03:35: 
2019-11-08 17:03:36:     [Player 1] draws a tile...
2019-11-08 17:03:38:     [Player 2] draws a tile...
2019-11-08 17:03:40:     [Player 3] draws a tile...
2019-11-08 17:03:44: 
2019-11-08 17:03:45: 
2019-11-08 17:03:45:     Remaining tiles: 23
2019-11-08 17:03:45:     --------------------------------------------------
2019-11-08 17:03:45: 
2019-11-08 17:03:46:     [Player 1] draws a tile...
2019-11-08 17:03:47:     [Player 2] draws a tile...
2019-11-08 17:03:50:     [Player 3] draws a tile...
2019-11-08 17:03:52: 
2019-11-08 17:03:53: 
2019-11-08 17:03:53:     Remaining tiles: 19
2019-11-08 17:03:53:     --------------------------------------------------
2019-11-08 17:03:53: 
2019-11-08 17:03:54:     [Player 1] draws a tile...
2019-11-08 17:04:10:     --------------------------------------------------
2019-11-08 17:04:10: 
2019-11-08 17:04:10:     <AGARI ba="0,0" hai="24,25,48,55,59,85,91,95" m="7287,15977" machi="85" ten="30,7700,0" yaku="8,1,52,2,54,1" doraHai="22" who="2" fromWho="3" sc="124,0,396,0,217,77,263,-77" />
2019-11-08 17:04:10: 
2019-11-08 17:04:10:     --------------------------------------------------
2019-11-08 17:04:18:     --------------------------------------------------
2019-11-08 17:04:18:     Players: [weavile - 4¼‰ - 12400, ¤æ¤¦¤¹¤±£¡ - 1¼‰ - 39600, ýˆÈ¸¹í - ËÄ¶Î - 29400, ¥¢¥Ö¥½¥é¥¤¥É - ËÄ¶Î - 18600]
2019-11-08 17:04:18:     Dealer: weavile - 4¼‰ - 12400
2019-11-08 17:04:18:  
2019-11-08 17:04:18: 
2019-11-08 17:04:18: 
2019-11-08 17:04:18:     Remaining tiles: 69
2019-11-08 17:04:18:     --------------------------------------------------
2019-11-08 17:04:18: 
2019-11-08 17:04:20:     [Player 1] draws a tile...
2019-11-08 17:04:22:     [Player 2] draws a tile...
2019-11-08 17:04:24:     [Player 3] draws a tile...
2019-11-08 17:04:26: 
2019-11-08 17:04:27: 
2019-11-08 17:04:27:     Remaining tiles: 65
2019-11-08 17:04:27:     --------------------------------------------------
2019-11-08 17:04:27: 
2019-11-08 17:04:27:     [Player 1] draws a tile...
2019-11-08 17:04:34: 
2019-11-08 17:04:34: 
2019-11-08 17:04:34:     Remaining tiles: 63
2019-11-08 17:04:34:     --------------------------------------------------
2019-11-08 17:04:34: 
2019-11-08 17:04:35:     [Player 1] draws a tile...
2019-11-08 17:04:49:     [Player 2] draws a tile...
2019-11-08 17:04:50:     [Player 3] draws a tile...
2019-11-08 17:04:50: 
2019-11-08 17:04:51: 
2019-11-08 17:04:51:     Remaining tiles: 59
2019-11-08 17:04:51:     --------------------------------------------------
2019-11-08 17:04:51: 
2019-11-08 17:04:52:     [Player 1] draws a tile...
2019-11-08 17:04:54:     [Player 2] draws a tile...
2019-11-08 17:04:57:     [Player 3] draws a tile...
2019-11-08 17:04:59: 
2019-11-08 17:04:59: 
2019-11-08 17:04:59:     Remaining tiles: 55
2019-11-08 17:04:59:     --------------------------------------------------
2019-11-08 17:04:59: 
2019-11-08 17:05:00:     [Player 1] draws a tile...
2019-11-08 17:05:11: 
2019-11-08 17:05:11: 
2019-11-08 17:05:11:     Remaining tiles: 53
2019-11-08 17:05:11:     --------------------------------------------------
2019-11-08 17:05:11: 
2019-11-08 17:05:12:     [Player 1] draws a tile...
2019-11-08 17:05:16:     [Player 2] draws a tile...
2019-11-08 17:05:19:     [Player 3] draws a tile...
2019-11-08 17:05:22: 
2019-11-08 17:05:23: 
2019-11-08 17:05:23:     Remaining tiles: 49
2019-11-08 17:05:23:     --------------------------------------------------
2019-11-08 17:05:23: 
2019-11-08 17:05:25:     [Player 1] draws a tile...
2019-11-08 17:05:28:     [Player 2] draws a tile...
2019-11-08 17:05:30:     [Player 3] draws a tile...
2019-11-08 17:05:34: 
2019-11-08 17:05:34: 
2019-11-08 17:05:34:     Remaining tiles: 45
2019-11-08 17:05:34:     --------------------------------------------------
2019-11-08 17:05:34: 
2019-11-08 17:05:35:     [Player 1] draws a tile...
2019-11-08 17:05:38:     [Player 2] draws a tile...
2019-11-08 17:05:41:     [Player 3] draws a tile...
2019-11-08 17:05:43: 
2019-11-08 17:05:43: 
2019-11-08 17:05:43:     Remaining tiles: 41
2019-11-08 17:05:43:     --------------------------------------------------
2019-11-08 17:05:43: 
2019-11-08 17:05:44:     [Player 1] draws a tile...
2019-11-08 17:05:49:     [Player 2] draws a tile...
2019-11-08 17:05:57: 
2019-11-08 17:05:58: 
2019-11-08 17:05:58:     Remaining tiles: 38
2019-11-08 17:05:58:     --------------------------------------------------
2019-11-08 17:05:58: 
2019-11-08 17:05:58:     [Player 1] draws a tile...
2019-11-08 17:06:00:     [Player 2] draws a tile...
2019-11-08 17:06:02:     [Player 3] draws a tile...
2019-11-08 17:06:04: 
2019-11-08 17:06:05: 
2019-11-08 17:06:05:     Remaining tiles: 34
2019-11-08 17:06:05:     --------------------------------------------------
2019-11-08 17:06:05: 
2019-11-08 17:06:05:     [Player 1] draws a tile...
2019-11-08 17:06:10:     [Player 2] draws a tile...
2019-11-08 17:06:16:     [Player 3] draws a tile...
2019-11-08 17:06:19: 
2019-11-08 17:06:20: 
2019-11-08 17:06:20:     Remaining tiles: 30
2019-11-08 17:06:20:     --------------------------------------------------
2019-11-08 17:06:20: 
2019-11-08 17:06:21:     [Player 1] draws a tile...
2019-11-08 17:06:23:     [Player 2] draws a tile...
2019-11-08 17:06:28:     --------------------------------------------------
2019-11-08 17:06:28: 
2019-11-08 17:06:28:     <AGARI ba="0,0" hai="57,62,67,76,78" m="52511,11338,46154" machi="67" ten="30,2000,0" yaku="13,1,54,1" doraHai="131" who="3" fromWho="2" sc="124,0,396,0,294,-20,186,20" owari="124,-38.0,396,50.0,274,7.0,206,-19.0" />
2019-11-08 17:06:28: 
2019-11-08 17:06:29:     --------------------------------------------------
2019-11-08 17:06:31:     --------------------------------------------------
2019-11-08 17:06:31:     Round end: [weavile - 4¼‰ - 12400.0, ¤æ¤¦¤¹¤±£¡ - 1¼‰ - 39600.0, ýˆÈ¸¹í - ËÄ¶Î - 27400.0, ¥¢¥Ö¥½¥é¥¤¥É - ËÄ¶Î - 20600.0]
2019-11-08 17:06:31:     Game End
2019-11-08 17:06:31: 
