2019-11-08 12:05:47:     User(ID76B06F13-c3mhaFM4) was authenticated successfully
2019-11-08 12:05:51:     Game type = "Red bonus tile" : True, "Open tanyao" : True, "Game  length" : tonnansen
2019-11-08 12:05:52:     A new game started!
2019-11-08 12:05:52:     The replay link can be found here: http://tenhou.net/0/?log=2019110905gm-0089-0000-4955ec93&tw=2
2019-11-08 12:05:52:     Players are: [weavile - 5 - None, あまとう - 三段 - None, 赤五「A」 - 三段 - None, ryusai3 - 三段 - None]
2019-11-08 12:05:59:     --------------------------------------------------
2019-11-08 12:06:00:     Players: [weavile - 5 - 25000, あまとう - 三段 - 25000, 赤五「A」 - 三段 - 25000, ryusai3 - 三段 - 25000]
2019-11-08 12:06:00:     Dealer: 赤五「A」 - 三段 - 25000
2019-11-08 12:06:00:  
2019-11-08 12:06:00:     [Player 2] draws a tile...
2019-11-08 12:06:13:     [Player 3] draws a tile...
2019-11-08 12:06:14: 
2019-11-08 12:06:16: Unexpected exception
Traceback (most recent call last):
  File "C:\Users\j4903\Documents\MahjongAI\main.py", line 17, in connect_and_play
    return client.start_game()
  File "C:\Users\j4903\Documents\MahjongAI\client\tenhou_client.py", line 129, in start_game
    if self._handle_draw_tile(msg):
  File "C:\Users\j4903\Documents\MahjongAI\client\tenhou_client.py", line 534, in _handle_draw_tile
    discard_tile_136 = self.game_table.bot.to_discard_tile()
  File "C:\Users\j4903\Documents\MahjongAI\agents\test_ai.py", line 36, in to_discard_tile
    weight_sum_list = np.add(weight_sum_list,oppo_pred[:,1])
IndexError: too many indices for array
2019-11-08 12:06:16: End the game...
2019-11-08 12:06:16:     Game was ended unexpected
2019-11-08 12:06:16: 
