2019-11-20 09:14:41:     User(ID76B06F13-c3mhaFM4) was authenticated successfully
2019-11-20 09:14:44:     Game type = "Red bonus tile" : True, "Open tanyao" : True, "Game  length" : tonnansen
2019-11-20 09:14:44:     A new game started!
2019-11-20 09:14:44:     The replay link can be found here: http://tenhou.net/0/?log=2019112102gm-0089-0000-53218910&tw=2
2019-11-20 09:14:44:     Players are: [weavile - 4 - None, はり-- - 三段 - None, Ｒｅｖｏ - 四段 - None, 山オトコ - 三段 - None]
2019-11-20 09:14:47:     --------------------------------------------------
2019-11-20 09:14:47:     Players: [weavile - 4 - 25000, はり-- - 三段 - 25000, Ｒｅｖｏ - 四段 - 25000, 山オトコ - 三段 - 25000]
2019-11-20 09:14:47:     Dealer: Ｒｅｖｏ - 四段 - 25000
2019-11-20 09:14:47:  
2019-11-20 09:14:47:     [Player 2] draws a tile...
2019-11-20 09:14:50:     [Player 3] draws a tile...
2019-11-20 09:15:06: 
2019-11-20 09:15:07: 
2019-11-20 09:15:07:     Remaining tiles: 67
2019-11-20 09:15:07:     --------------------------------------------------
2019-11-20 09:15:07: 
2019-11-20 09:15:07:     [Player 1] draws a tile...
2019-11-20 09:15:08:     [Player 2] draws a tile...
2019-11-20 09:15:14:     [Player 3] draws a tile...
2019-11-20 09:15:19: 
2019-11-20 09:15:20: 
2019-11-20 09:15:20:     Remaining tiles: 63
2019-11-20 09:15:20:     --------------------------------------------------
2019-11-20 09:15:20: 
2019-11-20 09:15:21:     [Player 1] draws a tile...
2019-11-20 09:15:23:     [Player 2] draws a tile...
2019-11-20 09:15:26:     [Player 3] draws a tile...
2019-11-20 09:15:33: 
2019-11-20 09:15:33: 
2019-11-20 09:15:33:     Remaining tiles: 59
2019-11-20 09:15:33:     --------------------------------------------------
2019-11-20 09:15:33: 
2019-11-20 09:15:35:     [Player 1] draws a tile...
2019-11-20 09:15:39:     [Player 2] draws a tile...
2019-11-20 09:15:45:     [Player 3] draws a tile...
2019-11-20 09:15:48: 
2019-11-20 09:15:48: 
2019-11-20 09:15:48:     Remaining tiles: 55
2019-11-20 09:15:48:     --------------------------------------------------
2019-11-20 09:15:48: 
2019-11-20 09:15:50:     [Player 1] draws a tile...
2019-11-20 09:15:52:     [Player 2] draws a tile...
2019-11-20 09:15:55:     [Player 3] draws a tile...
2019-11-20 09:16:02: 
2019-11-20 09:16:03: 
2019-11-20 09:16:03:     Remaining tiles: 51
2019-11-20 09:16:03:     --------------------------------------------------
2019-11-20 09:16:03: 
2019-11-20 09:16:04:     [Player 1] draws a tile...
2019-11-20 09:16:06:     [Player 2] draws a tile...
2019-11-20 09:16:08:     [Player 3] draws a tile...
2019-11-20 09:16:12: 
2019-11-20 09:16:13: 
2019-11-20 09:16:13:     Remaining tiles: 47
2019-11-20 09:16:13:     --------------------------------------------------
2019-11-20 09:16:13: 
2019-11-20 09:16:13:     [Player 1] draws a tile...
2019-11-20 09:16:17:     [Player 2] draws a tile...
2019-11-20 09:16:20:     [Player 3] draws a tile...
2019-11-20 09:16:24: 
2019-11-20 09:16:24: 
2019-11-20 09:16:24:     Remaining tiles: 43
2019-11-20 09:16:24:     --------------------------------------------------
2019-11-20 09:16:24: 
2019-11-20 09:16:25:     [Player 1] draws a tile...
2019-11-20 09:16:31:     [Player 2] draws a tile...
2019-11-20 09:16:34:     [Player 3] draws a tile...
2019-11-20 09:16:40: 
2019-11-20 09:16:41: 
2019-11-20 09:16:41:     Remaining tiles: 39
2019-11-20 09:16:41:     --------------------------------------------------
2019-11-20 09:16:41: 
2019-11-20 09:16:42:     [Player 1] draws a tile...
2019-11-20 09:16:43:     Reach was called by 1-th player: はり-- - 三段 - 25000
2019-11-20 09:16:43: 
2019-11-20 09:16:50:     [Player 2] draws a tile...
2019-11-20 09:16:56:     [Player 3] draws a tile...
2019-11-20 09:17:05: 
2019-11-20 09:17:06: 
2019-11-20 09:17:06:     Remaining tiles: 35
2019-11-20 09:17:06:     --------------------------------------------------
2019-11-20 09:17:06: 
2019-11-20 09:17:07:     [Player 1] draws a tile...
2019-11-20 09:17:15: 
2019-11-20 09:17:16: 
2019-11-20 09:17:16:     Remaining tiles: 33
2019-11-20 09:17:16:     --------------------------------------------------
2019-11-20 09:17:16: 
2019-11-20 09:17:18:     --------------------------------------------------
2019-11-20 09:17:18: 
2019-11-20 09:17:18:     <AGARI ba="0,1" hai="14,16,23,39,40,41,44,46,48,57,58,90,95,98" machi="90" ten="30,12000,2" yaku="1,1,7,1,52,2,54,1,53,1" doraHai="52" doraHaiUra="88" who="1" fromWho="0" sc="250,-120,240,130,250,0,250,0" />
2019-11-20 09:17:18: 
2019-11-20 09:17:18:     --------------------------------------------------
2019-11-20 09:17:33:     --------------------------------------------------
2019-11-20 09:17:33:     Players: [weavile - 4 - 13000, はり-- - 三段 - 37000, Ｒｅｖｏ - 四段 - 25000, 山オトコ - 三段 - 25000]
2019-11-20 09:17:33:     Dealer: 山オトコ - 三段 - 25000
2019-11-20 09:17:33:  
2019-11-20 09:17:33:     [Player 3] draws a tile...
2019-11-20 09:17:39: 
2019-11-20 09:17:39: 
2019-11-20 09:17:39:     Remaining tiles: 68
2019-11-20 09:17:39:     --------------------------------------------------
2019-11-20 09:17:39: 
2019-11-20 09:17:40:     [Player 1] draws a tile...
2019-11-20 09:17:43:     [Player 2] draws a tile...
2019-11-20 09:17:47:     [Player 3] draws a tile...
2019-11-20 09:17:49: 
2019-11-20 09:17:50: 
2019-11-20 09:17:50:     Remaining tiles: 64
2019-11-20 09:17:50:     --------------------------------------------------
2019-11-20 09:17:50: 
2019-11-20 09:17:51:     [Player 1] draws a tile...
2019-11-20 09:17:54:     [Player 2] draws a tile...
2019-11-20 09:17:56:     [Player 3] draws a tile...
2019-11-20 09:18:03: 
2019-11-20 09:18:04: 
2019-11-20 09:18:04:     Remaining tiles: 60
2019-11-20 09:18:04:     --------------------------------------------------
2019-11-20 09:18:04: 
2019-11-20 09:18:06:     [Player 1] draws a tile...
2019-11-20 09:18:12:     [Player 3] draws a tile...
2019-11-20 09:18:16: 
2019-11-20 09:18:16: 
2019-11-20 09:18:16:     Remaining tiles: 57
2019-11-20 09:18:16:     --------------------------------------------------
2019-11-20 09:18:16: 
2019-11-20 09:18:17:     [Player 1] draws a tile...
2019-11-20 09:18:18:     [Player 2] draws a tile...
2019-11-20 09:18:22:     [Player 3] draws a tile...
2019-11-20 09:18:25: 
2019-11-20 09:18:26: 
2019-11-20 09:18:26:     Remaining tiles: 53
2019-11-20 09:18:26:     --------------------------------------------------
2019-11-20 09:18:26: 
2019-11-20 09:18:27:     [Player 1] draws a tile...
2019-11-20 09:18:28:     [Player 2] draws a tile...
2019-11-20 09:18:32:     [Player 3] draws a tile...
2019-11-20 09:18:35: 
2019-11-20 09:18:36: 
2019-11-20 09:18:36:     Remaining tiles: 49
2019-11-20 09:18:36:     --------------------------------------------------
2019-11-20 09:18:36: 
2019-11-20 09:18:37:     [Player 1] draws a tile...
2019-11-20 09:18:38:     [Player 2] draws a tile...
2019-11-20 09:18:42:     [Player 3] draws a tile...
2019-11-20 09:18:44: 
2019-11-20 09:18:45: 
2019-11-20 09:18:45:     Remaining tiles: 45
2019-11-20 09:18:45:     --------------------------------------------------
2019-11-20 09:18:45: 
2019-11-20 09:18:45:     [Player 1] draws a tile...
2019-11-20 09:18:48:     [Player 2] draws a tile...
2019-11-20 09:18:52:     [Player 3] draws a tile...
2019-11-20 09:18:55: 
2019-11-20 09:18:56: 
2019-11-20 09:18:56:     Remaining tiles: 41
2019-11-20 09:18:56:     --------------------------------------------------
2019-11-20 09:18:56: 
2019-11-20 09:18:57:     [Player 1] draws a tile...
2019-11-20 09:19:04:     [Player 2] draws a tile...
2019-11-20 09:19:07:     [Player 3] draws a tile...
2019-11-20 09:19:09: 
2019-11-20 09:19:10: 
2019-11-20 09:19:10:     Remaining tiles: 37
2019-11-20 09:19:10:     --------------------------------------------------
2019-11-20 09:19:10: 
2019-11-20 09:19:11:     [Player 1] draws a tile...
2019-11-20 09:19:15:     [Player 2] draws a tile...
2019-11-20 09:19:17:     [Player 3] draws a tile...
2019-11-20 09:19:19: 
2019-11-20 09:19:20: 
2019-11-20 09:19:20:     Remaining tiles: 33
2019-11-20 09:19:20:     --------------------------------------------------
2019-11-20 09:19:20: 
2019-11-20 09:19:21:     [Player 1] draws a tile...
2019-11-20 09:19:22:     [Player 2] draws a tile...
2019-11-20 09:19:27:     [Player 3] draws a tile...
2019-11-20 09:19:39: 
2019-11-20 09:19:40: 
2019-11-20 09:19:40:     Remaining tiles: 29
2019-11-20 09:19:40:     --------------------------------------------------
2019-11-20 09:19:40: 
2019-11-20 09:19:41:     [Player 1] draws a tile...
2019-11-20 09:19:50:     --------------------------------------------------
2019-11-20 09:19:50: 
2019-11-20 09:19:50:     <AGARI ba="0,0" hai="1,5,10,14,16,23,52,55,62,67,70" m="42507" machi="10" ten="30,7700,0" yaku="14,1,52,1,54,2" doraHai="33" who="2" fromWho="1" sc="130,0,370,-77,250,77,250,0" />
2019-11-20 09:19:50: 
2019-11-20 09:19:50:     --------------------------------------------------
2019-11-20 09:19:59:     --------------------------------------------------
2019-11-20 09:19:59:     Players: [weavile - 4 - 13000, はり-- - 三段 - 29300, Ｒｅｖｏ - 四段 - 32700, 山オトコ - 三段 - 25000]
2019-11-20 09:19:59:     Dealer: weavile - 4 - 13000
2019-11-20 09:19:59:  
2019-11-20 09:19:59: 
2019-11-20 09:19:59: 
2019-11-20 09:19:59:     Remaining tiles: 69
2019-11-20 09:19:59:     --------------------------------------------------
2019-11-20 09:19:59: 
2019-11-20 09:20:03:     [Player 1] draws a tile...
2019-11-20 09:20:05:     [Player 2] draws a tile...
2019-11-20 09:20:07:     [Player 3] draws a tile...
2019-11-20 09:20:11: 
2019-11-20 09:20:12: 
2019-11-20 09:20:12:     Remaining tiles: 65
2019-11-20 09:20:12:     --------------------------------------------------
2019-11-20 09:20:12: 
2019-11-20 09:20:13:     [Player 1] draws a tile...
2019-11-20 09:20:14:     [Player 2] draws a tile...
2019-11-20 09:20:17:     [Player 3] draws a tile...
2019-11-20 09:20:26: 
2019-11-20 09:20:26: 
2019-11-20 09:20:26:     Remaining tiles: 61
2019-11-20 09:20:26:     --------------------------------------------------
2019-11-20 09:20:26: 
2019-11-20 09:20:27:     [Player 1] draws a tile...
2019-11-20 09:20:32: 
2019-11-20 09:20:33: 
2019-11-20 09:20:33:     Remaining tiles: 59
2019-11-20 09:20:33:     --------------------------------------------------
2019-11-20 09:20:33: 
2019-11-20 09:20:34:     [Player 1] draws a tile...
2019-11-20 09:20:36:     [Player 2] draws a tile...
2019-11-20 09:20:40:     [Player 3] draws a tile...
2019-11-20 09:20:42: 
2019-11-20 09:20:43: 
2019-11-20 09:20:43:     Remaining tiles: 55
2019-11-20 09:20:43:     --------------------------------------------------
2019-11-20 09:20:43: 
2019-11-20 09:20:50: 
2019-11-20 09:20:50: 
2019-11-20 09:20:50:     Remaining tiles: 54
2019-11-20 09:20:50:     --------------------------------------------------
2019-11-20 09:20:50: 
2019-11-20 09:20:55:     [Player 3] draws a tile...
2019-11-20 09:20:57: 
2019-11-20 09:20:57: 
2019-11-20 09:20:57:     Remaining tiles: 52
2019-11-20 09:20:57:     --------------------------------------------------
2019-11-20 09:20:57: 
2019-11-20 09:20:58:     [Player 1] draws a tile...
2019-11-20 09:21:03:     [Player 3] draws a tile...
2019-11-20 09:21:05: 
2019-11-20 09:21:05: 
2019-11-20 09:21:05:     Remaining tiles: 49
2019-11-20 09:21:05:     --------------------------------------------------
2019-11-20 09:21:05: 
2019-11-20 09:21:06:     [Player 1] draws a tile...
2019-11-20 09:21:13:     [Player 2] draws a tile...
2019-11-20 09:21:15:     [Player 3] draws a tile...
2019-11-20 09:21:17: 
2019-11-20 09:21:18: 
2019-11-20 09:21:18:     Remaining tiles: 45
2019-11-20 09:21:18:     --------------------------------------------------
2019-11-20 09:21:18: 
2019-11-20 09:21:20:     [Player 1] draws a tile...
2019-11-20 09:21:22:     [Player 2] draws a tile...
2019-11-20 09:21:27:     [Player 3] draws a tile...
2019-11-20 09:21:29: 
2019-11-20 09:21:29: 
2019-11-20 09:21:29:     Remaining tiles: 41
2019-11-20 09:21:29:     --------------------------------------------------
2019-11-20 09:21:29: 
2019-11-20 09:21:30:     [Player 1] draws a tile...
2019-11-20 09:21:38:     [Player 2] draws a tile...
2019-11-20 09:21:41:     [Player 3] draws a tile...
2019-11-20 09:21:43: 
2019-11-20 09:21:44: 
2019-11-20 09:21:44:     Remaining tiles: 37
2019-11-20 09:21:44:     --------------------------------------------------
2019-11-20 09:21:44: 
2019-11-20 09:21:47:     [Player 1] draws a tile...
2019-11-20 09:21:51:     [Player 2] draws a tile...
2019-11-20 09:21:57:     [Player 3] draws a tile...
2019-11-20 09:21:59: 
2019-11-20 09:21:59: 
2019-11-20 09:21:59:     Remaining tiles: 33
2019-11-20 09:21:59:     --------------------------------------------------
2019-11-20 09:21:59: 
2019-11-20 09:22:00:     [Player 1] draws a tile...
2019-11-20 09:22:03:     [Player 2] draws a tile...
2019-11-20 09:22:05:     [Player 3] draws a tile...
2019-11-20 09:22:07: 
2019-11-20 09:22:08: 
2019-11-20 09:22:08:     Remaining tiles: 29
2019-11-20 09:22:08:     --------------------------------------------------
2019-11-20 09:22:08: 
2019-11-20 09:22:09:     [Player 1] draws a tile...
2019-11-20 09:22:14:     [Player 2] draws a tile...
2019-11-20 09:22:16:     [Player 3] draws a tile...
2019-11-20 09:22:18: 
2019-11-20 09:22:19: 
2019-11-20 09:22:19:     Remaining tiles: 25
2019-11-20 09:22:19:     --------------------------------------------------
2019-11-20 09:22:19: 
2019-11-20 09:22:21:     --------------------------------------------------
2019-11-20 09:22:21: 
2019-11-20 09:22:21:     <AGARI ba="0,0" hai="52,54,98,100,107,112,113,115" m="51209,50218" machi="107" ten="40,8000,1" yaku="19,1,20,1,52,1,54,1" doraHai="99" who="3" fromWho="0" sc="130,-80,293,0,327,0,250,80" />
2019-11-20 09:22:21: 
2019-11-20 09:22:21:     --------------------------------------------------
2019-11-20 09:22:30:     --------------------------------------------------
2019-11-20 09:22:30:     Players: [weavile - 4 - 5000, はり-- - 三段 - 29300, Ｒｅｖｏ - 四段 - 32700, 山オトコ - 三段 - 33000]
2019-11-20 09:22:30:     Dealer: はり-- - 三段 - 29300
2019-11-20 09:22:30:  
2019-11-20 09:22:30:     [Player 1] draws a tile...
2019-11-20 09:22:36:     [Player 2] draws a tile...
2019-11-20 09:22:38:     [Player 3] draws a tile...
2019-11-20 09:22:41: 
2019-11-20 09:22:41: 
2019-11-20 09:22:41:     Remaining tiles: 66
2019-11-20 09:22:41:     --------------------------------------------------
2019-11-20 09:22:41: 
2019-11-20 09:22:42:     [Player 1] draws a tile...
2019-11-20 09:22:43:     [Player 2] draws a tile...
2019-11-20 09:22:46:     [Player 3] draws a tile...
2019-11-20 09:22:49: 
2019-11-20 09:22:49: 
2019-11-20 09:22:49:     Remaining tiles: 62
2019-11-20 09:22:49:     --------------------------------------------------
2019-11-20 09:22:49: 
2019-11-20 09:22:50:     [Player 1] draws a tile...
2019-11-20 09:22:52:     [Player 2] draws a tile...
2019-11-20 09:22:55:     [Player 3] draws a tile...
2019-11-20 09:22:59: 
2019-11-20 09:22:59: 
2019-11-20 09:22:59:     Remaining tiles: 58
2019-11-20 09:22:59:     --------------------------------------------------
2019-11-20 09:22:59: 
2019-11-20 09:23:00:     [Player 1] draws a tile...
2019-11-20 09:23:01:     [Player 2] draws a tile...
2019-11-20 09:23:03:     [Player 3] draws a tile...
2019-11-20 09:23:09:     [Player 3] draws a tile...
2019-11-20 09:23:15: 
2019-11-20 09:23:15: 
2019-11-20 09:23:15:     Remaining tiles: 53
2019-11-20 09:23:15:     --------------------------------------------------
2019-11-20 09:23:15: 
2019-11-20 09:23:16:     [Player 1] draws a tile...
2019-11-20 09:23:18:     [Player 2] draws a tile...
2019-11-20 09:23:21:     [Player 3] draws a tile...
2019-11-20 09:23:30: 
2019-11-20 09:23:30: 
2019-11-20 09:23:30:     Remaining tiles: 49
2019-11-20 09:23:30:     --------------------------------------------------
2019-11-20 09:23:30: 
2019-11-20 09:23:31:     [Player 1] draws a tile...
2019-11-20 09:23:41:     [Player 3] draws a tile...
2019-11-20 09:23:47: 
2019-11-20 09:23:47: 
2019-11-20 09:23:47:     Remaining tiles: 46
2019-11-20 09:23:47:     --------------------------------------------------
2019-11-20 09:23:47: 
2019-11-20 09:23:49:     [Player 1] draws a tile...
2019-11-20 09:23:55:     Reach was called by 1-th player: はり-- - 三段 - 29300
2019-11-20 09:23:55: 
2019-11-20 09:23:57:     [Player 2] draws a tile...
2019-11-20 09:23:58:     [Player 3] draws a tile...
2019-11-20 09:24:03: 
2019-11-20 09:24:03: 
2019-11-20 09:24:03:     Remaining tiles: 42
2019-11-20 09:24:03:     --------------------------------------------------
2019-11-20 09:24:03: 
2019-11-20 09:24:06:     [Player 1] draws a tile...
2019-11-20 09:24:07:     [Player 2] draws a tile...
2019-11-20 09:24:14:     [Player 3] draws a tile...
2019-11-20 09:24:18: 
2019-11-20 09:24:18: 
2019-11-20 09:24:18:     Remaining tiles: 38
2019-11-20 09:24:18:     --------------------------------------------------
2019-11-20 09:24:18: 
2019-11-20 09:24:19:     [Player 1] draws a tile...
2019-11-20 09:24:20:     [Player 2] draws a tile...
2019-11-20 09:24:23:     [Player 3] draws a tile...
2019-11-20 09:24:25: 
2019-11-20 09:24:26: 
2019-11-20 09:24:26:     Remaining tiles: 34
2019-11-20 09:24:26:     --------------------------------------------------
2019-11-20 09:24:26: 
2019-11-20 09:24:26:     [Player 1] draws a tile...
2019-11-20 09:24:29:     [Player 2] draws a tile...
2019-11-20 09:24:32:     [Player 3] draws a tile...
2019-11-20 09:24:35: 
2019-11-20 09:24:36: 
2019-11-20 09:24:36:     Remaining tiles: 30
2019-11-20 09:24:36:     --------------------------------------------------
2019-11-20 09:24:36: 
2019-11-20 09:24:37:     Reach was called by 0-th player: weavile - 4 - 5000
2019-11-20 09:24:37: 
2019-11-20 09:24:49: Unexpected exception
Traceback (most recent call last):
  File "C:\Users\j4903\Desktop\MahjongAI\online_mahjong\main.py", line 17, in connect_and_play
    return client.start_game()
  File "C:\Users\j4903\Desktop\MahjongAI\online_mahjong\client\tenhou_client.py", line 108, in start_game
    msgs = self._get()
  File "C:\Users\j4903\Desktop\MahjongAI\online_mahjong\client\tenhou_client.py", line 683, in _get
    msgs = self.skt.recv(2048).decode('utf-8')
ConnectionAbortedError: [WinError 10053] 你的主机中的软件中止了一个已建立的连接。
2019-11-20 09:24:49: End the game...
2019-11-20 09:24:49:     Game was ended unexpected
2019-11-20 09:24:49: 
