2019-11-20 02:23:37:     Reconnected successfully!
2019-11-20 02:23:38:     Game type = "Red bonus tile" : True, "Open tanyao" : True, "Game  length" : tonnansen
2019-11-20 02:23:38:     Reconnected. Resuming game state...
2019-11-20 02:23:40:     --------------------------------------------------
2019-11-20 02:23:40:     Players: [weavile - 4 - 1300, メタルスライム - 二段 - 46900, ddparis - 二段 - 26500, ひまたろう - 二段 - 24300]
2019-11-20 02:23:40:     Dealer: メタルスライム - 二段 - 46900
2019-11-20 02:23:40:  
2019-11-20 02:23:40: 
2019-11-20 02:23:41: 
2019-11-20 02:23:41:     Remaining tiles: 54
2019-11-20 02:23:41:     --------------------------------------------------
2019-11-20 02:23:41: 
2019-11-20 02:23:41:     [Player 1] draws a tile...
2019-11-20 02:23:44:     [Player 2] draws a tile...
2019-11-20 02:23:51:     [Player 3] draws a tile...
2019-11-20 02:23:57: 
2019-11-20 02:23:57: 
2019-11-20 02:23:57:     Remaining tiles: 50
2019-11-20 02:23:57:     --------------------------------------------------
2019-11-20 02:23:57: 
2019-11-20 02:23:58:     [Player 1] draws a tile...
2019-11-20 02:24:00:     [Player 2] draws a tile...
2019-11-20 02:24:06:     [Player 3] draws a tile...
2019-11-20 02:24:07: 
2019-11-20 02:24:08: 
2019-11-20 02:24:08:     Remaining tiles: 46
2019-11-20 02:24:08:     --------------------------------------------------
2019-11-20 02:24:08: 
2019-11-20 02:24:09:     [Player 1] draws a tile...
2019-11-20 02:24:12:     [Player 2] draws a tile...
2019-11-20 02:24:13:     [Player 3] draws a tile...
2019-11-20 02:24:15: 
2019-11-20 02:24:16: 
2019-11-20 02:24:16:     Remaining tiles: 42
2019-11-20 02:24:16:     --------------------------------------------------
2019-11-20 02:24:16: 
2019-11-20 02:24:16:     [Player 1] draws a tile...
2019-11-20 02:24:21:     [Player 2] draws a tile...
2019-11-20 02:24:23:     [Player 3] draws a tile...
2019-11-20 02:24:25: 
2019-11-20 02:24:26: 
2019-11-20 02:24:26:     Remaining tiles: 38
2019-11-20 02:24:26:     --------------------------------------------------
2019-11-20 02:24:26: 
2019-11-20 02:24:27:     [Player 1] draws a tile...
2019-11-20 02:24:29:     [Player 2] draws a tile...
2019-11-20 02:24:32:     [Player 3] draws a tile...
2019-11-20 02:24:37: 
2019-11-20 02:24:38: 
2019-11-20 02:24:38:     Remaining tiles: 34
2019-11-20 02:24:38:     --------------------------------------------------
2019-11-20 02:24:38: 
2019-11-20 02:24:39:     [Player 1] draws a tile...
2019-11-20 02:24:41:     [Player 2] draws a tile...
2019-11-20 02:24:43:     [Player 3] draws a tile...
2019-11-20 02:24:47: 
2019-11-20 02:24:47: 
2019-11-20 02:24:47:     Remaining tiles: 30
2019-11-20 02:24:47:     --------------------------------------------------
2019-11-20 02:24:47: 
2019-11-20 02:24:48:     [Player 1] draws a tile...
2019-11-20 02:24:51:     [Player 2] draws a tile...
2019-11-20 02:24:55:     [Player 3] draws a tile...
2019-11-20 02:24:58: 
2019-11-20 02:24:58: 
2019-11-20 02:24:58:     Remaining tiles: 26
2019-11-20 02:24:58:     --------------------------------------------------
2019-11-20 02:24:58: 
2019-11-20 02:24:59:     [Player 1] draws a tile...
2019-11-20 02:25:01:     [Player 2] draws a tile...
2019-11-20 02:25:03:     Reach was called by 2-th player: ddparis - 二段 - 26500
2019-11-20 02:25:03: 
2019-11-20 02:25:04:     [Player 3] draws a tile...
2019-11-20 02:25:08: 
2019-11-20 02:25:08: 
2019-11-20 02:25:08:     Remaining tiles: 22
2019-11-20 02:25:08:     --------------------------------------------------
2019-11-20 02:25:08: 
2019-11-20 02:25:10:     [Player 1] draws a tile...
2019-11-20 02:25:12:     [Player 2] draws a tile...
2019-11-20 02:25:13:     [Player 3] draws a tile...
2019-11-20 02:25:15: 
2019-11-20 02:25:16: 
2019-11-20 02:25:16:     Remaining tiles: 18
2019-11-20 02:25:16:     --------------------------------------------------
2019-11-20 02:25:16: 
2019-11-20 02:25:17:     [Player 1] draws a tile...
2019-11-20 02:25:19:     [Player 2] draws a tile...
2019-11-20 02:25:20:     [Player 3] draws a tile...
2019-11-20 02:25:22: 
2019-11-20 02:25:23: 
2019-11-20 02:25:23:     Remaining tiles: 14
2019-11-20 02:25:23:     --------------------------------------------------
2019-11-20 02:25:23: 
2019-11-20 02:25:23:     [Player 1] draws a tile...
2019-11-20 02:25:25:     [Player 2] draws a tile...
2019-11-20 02:25:27:     [Player 3] draws a tile...
2019-11-20 02:25:31: 
2019-11-20 02:25:31: 
2019-11-20 02:25:31:     Remaining tiles: 10
2019-11-20 02:25:31:     --------------------------------------------------
2019-11-20 02:25:31: 
2019-11-20 02:25:32:     [Player 1] draws a tile...
2019-11-20 02:25:34:     [Player 2] draws a tile...
2019-11-20 02:25:35:     [Player 3] draws a tile...
2019-11-20 02:25:41: 
2019-11-20 02:25:41: 
2019-11-20 02:25:41:     Remaining tiles: 6
2019-11-20 02:25:41:     --------------------------------------------------
2019-11-20 02:25:41: 
2019-11-20 02:25:42:     [Player 1] draws a tile...
2019-11-20 02:25:45:     [Player 2] draws a tile...
2019-11-20 02:25:46:     [Player 3] draws a tile...
2019-11-20 02:25:49: 
2019-11-20 02:25:49: 
2019-11-20 02:25:49:     Remaining tiles: 2
2019-11-20 02:25:49:     --------------------------------------------------
2019-11-20 02:25:49: 
2019-11-20 02:25:50:     [Player 1] draws a tile...
2019-11-20 02:25:51:     [Player 2] draws a tile...
2019-11-20 02:25:54:     --------------------------------------------------
2019-11-20 02:25:54: 
2019-11-20 02:25:54:     <AGARI ba="1,2" hai="26,27,45,46,47,60,65,70,75,76,83,125,126,127" machi="125" ten="40,3900,0" yaku="6,1,18,1" doraHai="114" who="1" fromWho="2" sc="13,0,469,62,255,-42,243,0" />
2019-11-20 02:25:54: 
2019-11-20 02:25:54:     --------------------------------------------------
2019-11-20 02:26:01:     --------------------------------------------------
2019-11-20 02:26:01:     Players: [weavile - 4 - 1300, メタルスライム - 二段 - 53100, ddparis - 二段 - 21300, ひまたろう - 二段 - 24300]
2019-11-20 02:26:01:     Dealer: メタルスライム - 二段 - 53100
2019-11-20 02:26:01:  
2019-11-20 02:26:01:     [Player 1] draws a tile...
2019-11-20 02:26:06:     [Player 2] draws a tile...
2019-11-20 02:26:09:     [Player 3] draws a tile...
2019-11-20 02:26:11: 
2019-11-20 02:26:12: Unexpected exception
Traceback (most recent call last):
  File "C:\Users\j4903\Documents\MahjongAI\main.py", line 17, in connect_and_play
    return client.start_game()
  File "C:\Users\j4903\Documents\MahjongAI\client\tenhou_client.py", line 129, in start_game
    if self._handle_draw_tile(msg):
  File "C:\Users\j4903\Documents\MahjongAI\client\tenhou_client.py", line 534, in _handle_draw_tile
    discard_tile_136 = self.game_table.bot.to_discard_tile()
  File "C:\Users\j4903\Documents\MahjongAI\agents\MahjongAgent.py", line 874, in to_discard_tile
    return self.tile_34_to_136(min_tile)
  File "C:\Users\j4903\Documents\MahjongAI\client\mahjong_player.py", line 220, in tile_34_to_136
    return [t136 for t136 in self.tiles136 if tile34 == (t136 // 4)][-1]
IndexError: list index out of range
2019-11-20 02:26:12: End the game...
2019-11-20 02:26:12:     Game was ended unexpected
2019-11-20 02:26:12: 
