2019-10-18 00:41:21:     User(ID76B06F13-c3mhaFM4) was authenticated successfully
2019-10-18 00:41:25:     Game type = "Red bonus tile" : True, "Open tanyao" : True, "Game  length" : tonnansen
2019-10-18 00:41:25:     A new game started!
2019-10-18 00:41:25:     The replay link can be found here: http://tenhou.net/0/?log=2019101816gm-0089-0000-5b13cc21&tw=2
2019-10-18 00:41:25:     Players are: [weavile - 6 - None, ふらにい - 四段 - None, Minus - 三段 - None, クシロウ1129 - 五段 - None]
2019-10-18 00:41:28:     --------------------------------------------------
2019-10-18 00:41:28:     Players: [weavile - 6 - 25000, ふらにい - 四段 - 25000, Minus - 三段 - 25000, クシロウ1129 - 五段 - 25000]
2019-10-18 00:41:28:     Dealer: Minus - 三段 - 25000
2019-10-18 00:41:28:  
2019-10-18 00:41:28:     [Player 2] draws a tile...
2019-10-18 00:41:32:     [Player 3] draws a tile...
2019-10-18 00:41:34: 
2019-10-18 00:41:35: 
2019-10-18 00:41:35:     Remaining tiles: 67
2019-10-18 00:41:35:     --------------------------------------------------
2019-10-18 00:41:35: 
2019-10-18 00:41:35:     [Player 1] draws a tile...
2019-10-18 00:41:37:     [Player 2] draws a tile...
2019-10-18 00:41:39:     [Player 3] draws a tile...
2019-10-18 00:41:44: 
2019-10-18 00:41:44: 
2019-10-18 00:41:44:     Remaining tiles: 63
2019-10-18 00:41:44:     --------------------------------------------------
2019-10-18 00:41:44: 
2019-10-18 00:41:45:     [Player 1] draws a tile...
2019-10-18 00:41:47: Unexpected exception
Traceback (most recent call last):
  File "C:\Users\j4903\Documents\MahjongAI\main.py", line 17, in connect_and_play
    return client.start_game()
  File "C:\Users\j4903\Documents\MahjongAI\client\tenhou_client.py", line 157, in start_game
    res = self._handle_opponent_discard(msg)
  File "C:\Users\j4903\Documents\MahjongAI\client\tenhou_client.py", line 640, in _handle_opponent_discard
    self.drawer and self.drawer.discard(tile, opponent_seat)
  File "gui_main.py", line 689, in discard
    self._add_drop(x, y, self.red_dict.get(tile136, tile136 // 4), player)
  File "gui_main.py", line 901, in _add_drop
    x, y, image=self.photes[player][tile], anchor='nw'
  File "C:\Users\j4903\AppData\Local\Programs\Python\Python37\lib\tkinter\__init__.py", line 2489, in create_image
    return self._create('image', args, kw)
  File "C:\Users\j4903\AppData\Local\Programs\Python\Python37\lib\tkinter\__init__.py", line 2480, in _create
    *(args + self._options(cnf, kw))))
_tkinter.TclError: invalid command name ".!canvas"
2019-10-18 00:41:47: End the game...
2019-10-18 00:41:48:     Game was ended unexpected
2019-10-18 00:41:48: 
