2019-02-07 11:49:09:     Reconnected successfully!
2019-02-07 11:49:10:     Game type = "Red bonus tile" : True, "Open tanyao" : True, "Game  length" : tonpusen
2019-02-07 11:49:10:     Reconnected. Resuming game state...
2019-02-07 11:49:11:     --------------------------------------------------
2019-02-07 11:49:11:  
2019-02-07 11:49:12: 
2019-02-07 11:49:14: 
2019-02-07 11:49:14:     Remaining tiles: 62
2019-02-07 11:49:14:     --------------------------------------------------
2019-02-07 11:49:14: 
2019-02-07 11:49:15:     [Player 1] draws a tile...
2019-02-07 11:49:16:     [Player 2] draws a tile...
2019-02-07 11:49:17:     [Player 3] draws a tile...
2019-02-07 11:49:19: 
2019-02-07 11:49:22: 
2019-02-07 11:49:22:     Remaining tiles: 58
2019-02-07 11:49:22:     --------------------------------------------------
2019-02-07 11:49:22: 
2019-02-07 11:49:23:     [Player 1] draws a tile...
2019-02-07 11:49:24:     [Player 2] draws a tile...
2019-02-07 11:49:27:     [Player 3] draws a tile...
2019-02-07 11:49:29: 
2019-02-07 11:49:32: 
2019-02-07 11:49:32:     Remaining tiles: 54
2019-02-07 11:49:32:     --------------------------------------------------
2019-02-07 11:49:32: 
2019-02-07 11:49:32:     [Player 1] draws a tile...
2019-02-07 11:49:34:     [Player 2] draws a tile...
2019-02-07 11:49:37:     [Player 3] draws a tile...
2019-02-07 11:49:38: 
2019-02-07 11:49:40: 
2019-02-07 11:49:40:     Remaining tiles: 50
2019-02-07 11:49:40:     --------------------------------------------------
2019-02-07 11:49:40: 
2019-02-07 11:49:41:     [Player 1] draws a tile...
2019-02-07 11:49:42:     [Player 2] draws a tile...
2019-02-07 11:49:47:     [Player 3] draws a tile...
2019-02-07 11:49:48: 
2019-02-07 11:49:51: 
2019-02-07 11:49:51:     Remaining tiles: 46
2019-02-07 11:49:51:     --------------------------------------------------
2019-02-07 11:49:51: 
2019-02-07 11:49:52:     [Player 1] draws a tile...
2019-02-07 11:49:54:     [Player 2] draws a tile...
2019-02-07 11:50:03:     [Player 3] draws a tile...
2019-02-07 11:50:10: 
2019-02-07 11:50:13: 
2019-02-07 11:50:13:     Remaining tiles: 42
2019-02-07 11:50:13:     --------------------------------------------------
2019-02-07 11:50:13: 
2019-02-07 11:50:14:     [Player 1] draws a tile...
2019-02-07 11:50:16:     [Player 2] draws a tile...
2019-02-07 11:50:17:     [Player 3] draws a tile...
2019-02-07 11:50:21: 
2019-02-07 11:50:23: 
2019-02-07 11:50:23:     Remaining tiles: 38
2019-02-07 11:50:23:     --------------------------------------------------
2019-02-07 11:50:23: 
2019-02-07 11:50:24:     [Player 1] draws a tile...
2019-02-07 11:50:27:     [Player 2] draws a tile...
2019-02-07 11:50:33:     [Player 3] draws a tile...
2019-02-07 11:50:40: 
2019-02-07 11:50:44: 
2019-02-07 11:50:44:     Remaining tiles: 34
2019-02-07 11:50:44:     --------------------------------------------------
2019-02-07 11:50:44: 
2019-02-07 11:50:44:     [Player 1] draws a tile...
2019-02-07 11:50:46:     [Player 2] draws a tile...
2019-02-07 11:50:48:     [Player 3] draws a tile...
2019-02-07 11:50:52: 
2019-02-07 11:50:54: 
2019-02-07 11:50:54:     Remaining tiles: 30
2019-02-07 11:50:54:     --------------------------------------------------
2019-02-07 11:50:54: 
2019-02-07 11:50:55:     [Player 1] draws a tile...
2019-02-07 11:50:56:     [Player 2] draws a tile...
2019-02-07 11:50:58:     [Player 3] draws a tile...
2019-02-07 11:51:02: 
2019-02-07 11:51:05: 
2019-02-07 11:51:05:     Remaining tiles: 26
2019-02-07 11:51:05:     --------------------------------------------------
2019-02-07 11:51:05: 
2019-02-07 11:51:05:     [Player 1] draws a tile...
2019-02-07 11:51:10:     [Player 2] draws a tile...
2019-02-07 11:51:15:     [Player 3] draws a tile...
2019-02-07 11:51:18: 
2019-02-07 11:51:22: 
2019-02-07 11:51:22:     Remaining tiles: 22
2019-02-07 11:51:22:     --------------------------------------------------
2019-02-07 11:51:22: 
2019-02-07 11:51:23:     [Player 1] draws a tile...
2019-02-07 11:51:25:     [Player 2] draws a tile...
2019-02-07 11:51:28:     [Player 3] draws a tile...
2019-02-07 11:51:36: 
2019-02-07 11:51:38: 
2019-02-07 11:51:40: 
2019-02-07 11:51:40:     Remaining tiles: 18
2019-02-07 11:51:40:     --------------------------------------------------
2019-02-07 11:51:40: 
2019-02-07 11:51:41:     [Player 1] draws a tile...
2019-02-07 11:51:43:     [Player 2] draws a tile...
2019-02-07 11:51:48:     [Player 3] draws a tile...
2019-02-07 11:51:49: 
2019-02-07 11:51:52: 
2019-02-07 11:51:52:     Remaining tiles: 14
2019-02-07 11:51:52:     --------------------------------------------------
2019-02-07 11:51:52: 
2019-02-07 11:51:53:     [Player 1] draws a tile...
2019-02-07 11:51:58:     [Player 2] draws a tile...
2019-02-07 11:52:01:     [Player 3] draws a tile...
2019-02-07 11:52:03: 
2019-02-07 11:52:06: 
2019-02-07 11:52:06:     Remaining tiles: 10
2019-02-07 11:52:06:     --------------------------------------------------
2019-02-07 11:52:06: 
2019-02-07 11:52:06:     [Player 1] draws a tile...
2019-02-07 11:52:08:     [Player 2] draws a tile...
2019-02-07 11:52:11:     [Player 3] draws a tile...
2019-02-07 11:52:13: 
2019-02-07 11:52:17: 
2019-02-07 11:52:17:     Remaining tiles: 6
2019-02-07 11:52:17:     --------------------------------------------------
2019-02-07 11:52:17: 
2019-02-07 11:52:18:     [Player 1] draws a tile...
2019-02-07 11:52:19:     [Player 2] draws a tile...
2019-02-07 11:52:23:     [Player 3] draws a tile...
2019-02-07 11:52:25: 
2019-02-07 11:52:28: 
2019-02-07 11:52:28:     Remaining tiles: 2
2019-02-07 11:52:28:     --------------------------------------------------
2019-02-07 11:52:28: 
2019-02-07 11:52:29:     [Player 1] draws a tile...
2019-02-07 11:52:30:     [Player 2] draws a tile...
2019-02-07 11:52:33:     NO ONE WINS, NO MORE TILES...

2019-02-07 11:52:33: Unexpected exception
Traceback (most recent call last):
  File "c:\Users\j4903\Documents\MahjongAI\main.py", line 17, in connect_and_play
    return client.start_game()
  File "c:\Users\j4903\Documents\MahjongAI\client\tenhou_client.py", line 147, in start_game
    '<RYUUKYOKU' in msg and self._handle_liuju(msg)
  File "c:\Users\j4903\Documents\MahjongAI\client\tenhou_client.py", line 460, in _handle_liuju
    self._round_end_info_to_file("        FT-P{}:{}:{}\n".format(k, Tile.t34_to_g(tiles34), tiles34))
  File "c:\Users\j4903\Documents\MahjongAI\client\tenhou_client.py", line 748, in _round_end_info_to_file
    self.logger_obj.add_round_end_result(msg)
  File "c:\Users\j4903\Documents\MahjongAI\logger\logger_handler.py", line 57, in add_round_end_result
    open(self.scores_path, 'a').write(msg)
  File "C:\Users\j4903\AppData\Local\Programs\Python\Python37-32\lib\encodings\cp1252.py", line 19, in encode
    return codecs.charmap_encode(input,self.errors,encoding_table)[0]
UnicodeEncodeError: 'charmap' codec can't encode characters in position 14-26: character maps to <undefined>
2019-02-07 11:52:33: End the game...
2019-02-07 11:52:33:     Game was ended unexpected
2019-02-07 11:52:33: 
