2019-08-28 19:32:25:     User(ID76B06F13-c3mhaFM4) was authenticated successfully
2019-08-28 19:32:27:     Game type = "Red bonus tile" : True, "Open tanyao" : True, "Game  length" : tonnansen
2019-08-28 19:32:27:     A new game started!
2019-08-28 19:32:27:     The replay link can be found here: http://tenhou.net/0/?log=2019082911gm-0089-0000-2c4006ad&tw=1
2019-08-28 19:32:27:     Players are: [weavile - 7 - None, O|白いオオカミ - 三段 - None, Prishe - 三段 - None, taka111 - 四段 - None]
2019-08-28 19:32:32:     --------------------------------------------------
2019-08-28 19:32:32:     Players: [weavile - 7 - 25000, O|白いオオカミ - 三段 - 25000, Prishe - 三段 - 25000, taka111 - 四段 - 25000]
2019-08-28 19:32:32:     Dealer: taka111 - 四段 - 25000
2019-08-28 19:32:32:  
2019-08-28 19:32:32:     [Player 3] draws a tile...
2019-08-28 19:32:36: 
2019-08-28 19:32:38: 
2019-08-28 19:32:38:     Remaining tiles: 68
2019-08-28 19:32:38:     --------------------------------------------------
2019-08-28 19:32:38: 
2019-08-28 19:32:39:     [Player 1] draws a tile...
2019-08-28 19:32:44:     [Player 2] draws a tile...
2019-08-28 19:32:46:     [Player 3] draws a tile...
2019-08-28 19:32:48: 
2019-08-28 19:32:50: 
2019-08-28 19:32:50:     Remaining tiles: 64
2019-08-28 19:32:50:     --------------------------------------------------
2019-08-28 19:32:50: 
2019-08-28 19:32:51:     [Player 1] draws a tile...
2019-08-28 19:32:56:     [Player 2] draws a tile...
2019-08-28 19:32:57:     [Player 3] draws a tile...
2019-08-28 19:32:59: 
2019-08-28 19:33:02: 
2019-08-28 19:33:02:     Remaining tiles: 60
2019-08-28 19:33:02:     --------------------------------------------------
2019-08-28 19:33:02: 
2019-08-28 19:33:03:     [Player 1] draws a tile...
2019-08-28 19:33:04:     [Player 2] draws a tile...
2019-08-28 19:33:06:     [Player 3] draws a tile...
2019-08-28 19:33:09: 
2019-08-28 19:33:12: 
2019-08-28 19:33:12:     Remaining tiles: 56
2019-08-28 19:33:12:     --------------------------------------------------
2019-08-28 19:33:12: 
2019-08-28 19:33:12:     [Player 1] draws a tile...
2019-08-28 19:33:17:     [Player 2] draws a tile...
2019-08-28 19:33:19:     [Player 3] draws a tile...
2019-08-28 19:33:21: 
2019-08-28 19:33:24: 
2019-08-28 19:33:24:     Remaining tiles: 52
2019-08-28 19:33:24:     --------------------------------------------------
2019-08-28 19:33:24: 
2019-08-28 19:33:24:     [Player 1] draws a tile...
2019-08-28 19:33:29:     [Player 2] draws a tile...
2019-08-28 19:33:32:     [Player 3] draws a tile...
2019-08-28 19:33:35: 
2019-08-28 19:33:39: 
2019-08-28 19:33:39:     Remaining tiles: 48
2019-08-28 19:33:39:     --------------------------------------------------
2019-08-28 19:33:39: 
2019-08-28 19:33:39:     [Player 1] draws a tile...
2019-08-28 19:33:43:     [Player 2] draws a tile...
2019-08-28 19:33:47:     [Player 3] draws a tile...
2019-08-28 19:33:50: 
2019-08-28 19:33:54: 
2019-08-28 19:33:54:     Remaining tiles: 44
2019-08-28 19:33:54:     --------------------------------------------------
2019-08-28 19:33:54: 
2019-08-28 19:33:55:     [Player 1] draws a tile...
2019-08-28 19:33:58:     [Player 2] draws a tile...
2019-08-28 19:34:00:     [Player 3] draws a tile...
2019-08-28 19:34:04: 
2019-08-28 19:34:07: 
2019-08-28 19:34:07:     Remaining tiles: 40
2019-08-28 19:34:07:     --------------------------------------------------
2019-08-28 19:34:07: 
2019-08-28 19:34:08:     [Player 1] draws a tile...
2019-08-28 19:34:10:     [Player 2] draws a tile...
2019-08-28 19:34:13:     [Player 3] draws a tile...
2019-08-28 19:34:15: 
2019-08-28 19:34:18: 
2019-08-28 19:34:18:     Remaining tiles: 36
2019-08-28 19:34:18:     --------------------------------------------------
2019-08-28 19:34:18: 
2019-08-28 19:34:19:     [Player 1] draws a tile...
2019-08-28 19:34:25:     [Player 2] draws a tile...
2019-08-28 19:34:27:     [Player 3] draws a tile...
2019-08-28 19:34:29: 
2019-08-28 19:34:33: 
2019-08-28 19:34:33:     Remaining tiles: 32
2019-08-28 19:34:33:     --------------------------------------------------
2019-08-28 19:34:33: 
2019-08-28 19:34:33:     [Player 1] draws a tile...
2019-08-28 19:34:38:     [Player 2] draws a tile...
2019-08-28 19:34:39:     [Player 3] draws a tile...
2019-08-28 19:34:42: 
2019-08-28 19:34:45: 
2019-08-28 19:34:45:     Remaining tiles: 28
2019-08-28 19:34:45:     --------------------------------------------------
2019-08-28 19:34:45: 
2019-08-28 19:34:47:     [Player 1] draws a tile...
2019-08-28 19:34:52:     [Player 2] draws a tile...
2019-08-28 19:34:53:     [Player 3] draws a tile...
2019-08-28 19:34:57: 
2019-08-28 19:34:59: 
2019-08-28 19:34:59:     Remaining tiles: 24
2019-08-28 19:34:59:     --------------------------------------------------
2019-08-28 19:34:59: 
2019-08-28 19:35:00:     [Player 1] draws a tile...
2019-08-28 19:35:02:     [Player 2] draws a tile...
2019-08-28 19:35:06:     [Player 3] draws a tile...
2019-08-28 19:35:07: 
2019-08-28 19:35:11: 
2019-08-28 19:35:11:     Remaining tiles: 20
2019-08-28 19:35:11:     --------------------------------------------------
2019-08-28 19:35:11: 
2019-08-28 19:35:13:     [Player 1] draws a tile...
2019-08-28 19:35:18:     [Player 2] draws a tile...
2019-08-28 19:35:20:     [Player 3] draws a tile...
2019-08-28 19:35:32:     [Player 3] draws a tile...
2019-08-28 19:35:33: 
2019-08-28 19:35:37: 
2019-08-28 19:35:37:     Remaining tiles: 15
2019-08-28 19:35:37:     --------------------------------------------------
2019-08-28 19:35:37: 
2019-08-28 19:35:39:     [Player 1] draws a tile...
2019-08-28 19:35:41:     [Player 2] draws a tile...
2019-08-28 19:35:44:     [Player 3] draws a tile...
2019-08-28 19:35:46: 
2019-08-28 19:35:48: 
2019-08-28 19:35:48:     Remaining tiles: 11
2019-08-28 19:35:48:     --------------------------------------------------
2019-08-28 19:35:48: 
2019-08-28 19:35:50:     [Player 1] draws a tile...
2019-08-28 19:35:55:     --------------------------------------------------
2019-08-28 19:35:55: 
2019-08-28 19:35:55:     <AGARI ba="0,0" hai="18,23,27,46,47,54,59,61,85,88,90,92,94,98" machi="54" ten="30,12000,1" yaku="7,1,25,2,8,1,54,1" doraHai="133" who="3" fromWho="1" sc="250,0,250,-120,250,0,250,120" />
2019-08-28 19:35:55: Unexpected exception
Traceback (most recent call last):
  File "C:\Users\j4903\Documents\MahjongAI\main.py", line 17, in connect_and_play
    return client.start_game()
  File "C:\Users\j4903\Documents\MahjongAI\client\tenhou_client.py", line 146, in start_game
    '<AGARI' in msg and self._handle_round_end(msg)
  File "C:\Users\j4903\Documents\MahjongAI\client\tenhou_client.py", line 404, in _handle_round_end
    self._round_end_info_to_file(res_str)
  File "C:\Users\j4903\Documents\MahjongAI\client\tenhou_client.py", line 748, in _round_end_info_to_file
    self.logger_obj.add_round_end_result(msg)
  File "C:\Users\j4903\Documents\MahjongAI\logger\logger_handler.py", line 57, in add_round_end_result
    open(self.scores_path, 'a').write(msg)
UnicodeEncodeError: 'gbk' codec can't encode character '\U0001f01d' in position 82: illegal multibyte sequence
2019-08-28 19:35:55: End the game...
2019-08-28 19:35:55:     Game was ended unexpected
2019-08-28 19:35:55: 
