2019-02-07 12:07:45:     User(ID76B06F13-c3mhaFM4) was authenticated successfully
2019-02-07 12:07:46:     Game type = "Red bonus tile" : True, "Open tanyao" : True, "Game  length" : tonpusen
2019-02-07 12:07:47:     A new game started!
2019-02-07 12:07:47:     The replay link can be found here: http://tenhou.net/0/?log=2019020805gm-0001-0000-cd907cef&tw=0
2019-02-07 12:07:51:     --------------------------------------------------
2019-02-07 12:07:51:  
2019-02-07 12:07:51: 
2019-02-07 12:07:53: 
2019-02-07 12:07:53:     Remaining tiles: 69
2019-02-07 12:07:53:     --------------------------------------------------
2019-02-07 12:07:53: 
2019-02-07 12:07:54:     [Player 1] draws a tile...
2019-02-07 12:07:58:     [Player 2] draws a tile...
2019-02-07 12:08:00:     [Player 3] draws a tile...
2019-02-07 12:08:02: 
2019-02-07 12:08:04: 
2019-02-07 12:08:04:     Remaining tiles: 65
2019-02-07 12:08:04:     --------------------------------------------------
2019-02-07 12:08:04: 
2019-02-07 12:08:05:     [Player 1] draws a tile...
2019-02-07 12:08:10:     [Player 2] draws a tile...
2019-02-07 12:08:20:     [Player 3] draws a tile...
2019-02-07 12:08:26: 
2019-02-07 12:08:30: 
2019-02-07 12:08:30:     Remaining tiles: 61
2019-02-07 12:08:30:     --------------------------------------------------
2019-02-07 12:08:30: 
2019-02-07 12:08:31:     [Player 1] draws a tile...
2019-02-07 12:08:38:     [Player 2] draws a tile...
2019-02-07 12:08:40:     [Player 3] draws a tile...
2019-02-07 12:08:43: 
2019-02-07 12:08:47: 
2019-02-07 12:08:47:     Remaining tiles: 57
2019-02-07 12:08:47:     --------------------------------------------------
2019-02-07 12:08:47: 
2019-02-07 12:08:47:     [Player 1] draws a tile...
2019-02-07 12:08:58:     [Player 2] draws a tile...
2019-02-07 12:09:03:     [Player 3] draws a tile...
2019-02-07 12:09:18: 
2019-02-07 12:09:21: 
2019-02-07 12:09:21:     Remaining tiles: 53
2019-02-07 12:09:21:     --------------------------------------------------
2019-02-07 12:09:21: 
2019-02-07 12:09:23:     [Player 1] draws a tile...
2019-02-07 12:09:30:     [Player 2] draws a tile...
2019-02-07 12:09:48: 
2019-02-07 12:09:50: 
2019-02-07 12:09:50:     Remaining tiles: 50
2019-02-07 12:09:50:     --------------------------------------------------
2019-02-07 12:09:50: 
2019-02-07 12:09:52:     [Player 1] draws a tile...
2019-02-07 12:09:54:     [Player 2] draws a tile...
2019-02-07 12:09:57:     [Player 3] draws a tile...
2019-02-07 12:10:01: 
2019-02-07 12:10:03: 
2019-02-07 12:10:03:     Remaining tiles: 46
2019-02-07 12:10:03:     --------------------------------------------------
2019-02-07 12:10:03: 
2019-02-07 12:10:03:     [Player 1] draws a tile...
2019-02-07 12:10:07:     [Player 2] draws a tile...
2019-02-07 12:10:11:     [Player 3] draws a tile...
2019-02-07 12:10:13: 
2019-02-07 12:10:16: 
2019-02-07 12:10:16:     Remaining tiles: 42
2019-02-07 12:10:16:     --------------------------------------------------
2019-02-07 12:10:16: 
2019-02-07 12:10:17:     [Player 1] draws a tile...
2019-02-07 12:10:21:     [Player 2] draws a tile...
2019-02-07 12:10:26:     [Player 3] draws a tile...
2019-02-07 12:10:35: 
2019-02-07 12:10:37: 
2019-02-07 12:10:37:     Remaining tiles: 38
2019-02-07 12:10:37:     --------------------------------------------------
2019-02-07 12:10:37: 
2019-02-07 12:10:55:     [Player 3] draws a tile...
2019-02-07 12:10:57: 
2019-02-07 12:10:58: 
2019-02-07 12:10:58:     Remaining tiles: 36
2019-02-07 12:10:58:     --------------------------------------------------
2019-02-07 12:10:58: 
2019-02-07 12:10:59: 
2019-02-07 12:10:59:     [Player 1] draws a tile...
2019-02-07 12:11:04:     [Player 2] draws a tile...
2019-02-07 12:11:06:     [Player 3] draws a tile...
2019-02-07 12:11:08: 
2019-02-07 12:11:08: 
2019-02-07 12:11:08:     Remaining tiles: 32
2019-02-07 12:11:08:     --------------------------------------------------
2019-02-07 12:11:08: 
2019-02-07 12:11:11:     [Player 1] draws a tile...
2019-02-07 12:11:17:     [Player 2] draws a tile...
2019-02-07 12:11:19:     [Player 3] draws a tile...
2019-02-07 12:11:21: 
2019-02-07 12:11:21: 
2019-02-07 12:11:21:     Remaining tiles: 28
2019-02-07 12:11:21:     --------------------------------------------------
2019-02-07 12:11:21: 
2019-02-07 12:11:24:     [Player 1] draws a tile...
2019-02-07 12:11:27:     [Player 2] draws a tile...
2019-02-07 12:11:34: 
2019-02-07 12:11:34: 
2019-02-07 12:11:34:     Remaining tiles: 25
2019-02-07 12:11:34:     --------------------------------------------------
2019-02-07 12:11:34: 
2019-02-07 12:11:35:     [Player 1] draws a tile...
2019-02-07 12:11:37:     [Player 2] draws a tile...
2019-02-07 12:11:39:     [Player 3] draws a tile...
2019-02-07 12:11:41: 
2019-02-07 12:11:41: 
2019-02-07 12:11:41:     Remaining tiles: 21
2019-02-07 12:11:41:     --------------------------------------------------
2019-02-07 12:11:41: 
2019-02-07 12:11:43:     [Player 1] draws a tile...
2019-02-07 12:11:45:     [Player 2] draws a tile...
2019-02-07 12:11:49:     [Player 3] draws a tile...
2019-02-07 12:11:51: 
2019-02-07 12:11:51: 
2019-02-07 12:11:51:     Remaining tiles: 17
2019-02-07 12:11:51:     --------------------------------------------------
2019-02-07 12:11:51: 
2019-02-07 12:11:51:     [Player 1] draws a tile...
2019-02-07 12:11:55:     [Player 2] draws a tile...
2019-02-07 12:11:56:     [Player 3] draws a tile...
2019-02-07 12:11:59: 
2019-02-07 12:11:59: 
2019-02-07 12:11:59:     Remaining tiles: 13
2019-02-07 12:11:59:     --------------------------------------------------
2019-02-07 12:11:59: 
2019-02-07 12:12:01:     [Player 1] draws a tile...
2019-02-07 12:12:04:     [Player 2] draws a tile...
2019-02-07 12:12:08:     --------------------------------------------------
2019-02-07 12:12:08: 
2019-02-07 12:12:08:     <AGARI ba="0,1" hai="45,47,77,80,83,84,86,88" m="14767,48171" machi="86" ten="30,2000,0" yaku="18,1,54,1" doraHai="5" who="3" fromWho="2" sc="240,0,250,0,250,-20,250,30" />
2019-02-07 12:12:08: Unexpected exception
Traceback (most recent call last):
  File "c:\Users\j4903\Documents\MahjongAI\main.py", line 17, in connect_and_play
    return client.start_game()
  File "c:\Users\j4903\Documents\MahjongAI\client\tenhou_client.py", line 146, in start_game
    '<AGARI' in msg and self._handle_round_end(msg)
  File "c:\Users\j4903\Documents\MahjongAI\client\tenhou_client.py", line 404, in _handle_round_end
    self._round_end_info_to_file(res_str)
  File "c:\Users\j4903\Documents\MahjongAI\client\tenhou_client.py", line 748, in _round_end_info_to_file
    self.logger_obj.add_round_end_result(msg)
  File "c:\Users\j4903\Documents\MahjongAI\logger\logger_handler.py", line 57, in add_round_end_result
    open(self.scores_path, 'a').write(msg)
  File "C:\Users\j4903\AppData\Local\Programs\Python\Python37-32\lib\encodings\cp1252.py", line 19, in encode
    return codecs.charmap_encode(input,self.errors,encoding_table)[0]
UnicodeEncodeError: 'charmap' codec can't encode character '\U0001f013' in position 81: character maps to <undefined>
2019-02-07 12:12:08: End the game...
2019-02-07 12:12:08:     Game was ended unexpected
2019-02-07 12:12:08: 
