2019-02-07 18:44:59:     Reconnected successfully!
2019-02-07 18:44:59:     Game type = "Red bonus tile" : True, "Open tanyao" : True, "Game  length" : tonnansen
2019-02-07 18:45:00:     Reconnected. Resuming game state...
2019-02-07 18:45:03:     --------------------------------------------------
2019-02-07 18:45:03:  
2019-02-07 18:45:05:     [Player 3] draws a tile...
2019-02-07 18:45:07: 
2019-02-07 18:45:12: 
2019-02-07 18:45:12:     Remaining tiles: 66
2019-02-07 18:45:12:     --------------------------------------------------
2019-02-07 18:45:12: 
2019-02-07 18:45:14:     [Player 1] draws a tile...
2019-02-07 18:45:15:     [Player 2] draws a tile...
2019-02-07 18:45:17:     [Player 3] draws a tile...
2019-02-07 18:45:18: 
2019-02-07 18:45:22: 
2019-02-07 18:45:22:     Remaining tiles: 62
2019-02-07 18:45:22:     --------------------------------------------------
2019-02-07 18:45:22: 
2019-02-07 18:45:24:     [Player 1] draws a tile...
2019-02-07 18:45:26:     [Player 2] draws a tile...
2019-02-07 18:45:28:     [Player 3] draws a tile...
2019-02-07 18:45:29: 
2019-02-07 18:45:34: 
2019-02-07 18:45:34:     Remaining tiles: 58
2019-02-07 18:45:34:     --------------------------------------------------
2019-02-07 18:45:34: 
2019-02-07 18:45:35:     [Player 1] draws a tile...
2019-02-07 18:45:39:     [Player 2] draws a tile...
2019-02-07 18:45:41:     [Player 3] draws a tile...
2019-02-07 18:45:42: 
2019-02-07 18:45:46: 
2019-02-07 18:45:46:     Remaining tiles: 54
2019-02-07 18:45:46:     --------------------------------------------------
2019-02-07 18:45:46: 
2019-02-07 18:45:46:     [Player 1] draws a tile...
2019-02-07 18:45:54:     [Player 2] draws a tile...
2019-02-07 18:45:55:     [Player 3] draws a tile...
2019-02-07 18:45:56: 
2019-02-07 18:46:00: 
2019-02-07 18:46:00:     Remaining tiles: 50
2019-02-07 18:46:00:     --------------------------------------------------
2019-02-07 18:46:00: 
2019-02-07 18:46:00:     [Player 1] draws a tile...
2019-02-07 18:46:05:     [Player 2] draws a tile...
2019-02-07 18:46:08:     [Player 3] draws a tile...
2019-02-07 18:46:09: 
2019-02-07 18:46:12: 
2019-02-07 18:46:12:     Remaining tiles: 46
2019-02-07 18:46:12:     --------------------------------------------------
2019-02-07 18:46:12: 
2019-02-07 18:46:14:     [Player 1] draws a tile...
2019-02-07 18:46:21:     [Player 2] draws a tile...
2019-02-07 18:46:23:     [Player 3] draws a tile...
2019-02-07 18:46:24: 
2019-02-07 18:46:28: 
2019-02-07 18:46:28:     Remaining tiles: 42
2019-02-07 18:46:28:     --------------------------------------------------
2019-02-07 18:46:28: 
2019-02-07 18:46:29:     [Player 1] draws a tile...
2019-02-07 18:46:32:     [Player 2] draws a tile...
2019-02-07 18:46:35:     [Player 3] draws a tile...
2019-02-07 18:46:38: 
2019-02-07 18:46:41: 
2019-02-07 18:46:41:     Remaining tiles: 38
2019-02-07 18:46:41:     --------------------------------------------------
2019-02-07 18:46:41: 
2019-02-07 18:46:42:     [Player 1] draws a tile...
2019-02-07 18:46:49:     [Player 2] draws a tile...
2019-02-07 18:46:52:     [Player 3] draws a tile...
2019-02-07 18:46:54: 
2019-02-07 18:46:57: 
2019-02-07 18:46:57:     Remaining tiles: 34
2019-02-07 18:46:57:     --------------------------------------------------
2019-02-07 18:46:57: 
2019-02-07 18:46:57:     [Player 1] draws a tile...
2019-02-07 18:47:00:     [Player 2] draws a tile...
2019-02-07 18:47:05:     [Player 3] draws a tile...
2019-02-07 18:47:11: 
2019-02-07 18:47:14: 
2019-02-07 18:47:14:     Remaining tiles: 30
2019-02-07 18:47:14:     --------------------------------------------------
2019-02-07 18:47:14: 
2019-02-07 18:47:16:     [Player 1] draws a tile...
2019-02-07 18:47:21:     [Player 2] draws a tile...
2019-02-07 18:47:23:     [Player 3] draws a tile...
2019-02-07 18:47:27: 
2019-02-07 18:47:31: 
2019-02-07 18:47:31:     Remaining tiles: 26
2019-02-07 18:47:31:     --------------------------------------------------
2019-02-07 18:47:31: 
2019-02-07 18:47:31:     [Player 1] draws a tile...
2019-02-07 18:47:34:     [Player 2] draws a tile...
2019-02-07 18:47:36:     [Player 3] draws a tile...
2019-02-07 18:47:42: 
2019-02-07 18:47:45: 
2019-02-07 18:47:45:     Remaining tiles: 22
2019-02-07 18:47:45:     --------------------------------------------------
2019-02-07 18:47:45: 
2019-02-07 18:47:46:     [Player 1] draws a tile...
2019-02-07 18:47:48:     [Player 2] draws a tile...
2019-02-07 18:47:50:     [Player 3] draws a tile...
2019-02-07 18:47:53: 
2019-02-07 18:47:57: 
2019-02-07 18:47:57:     Remaining tiles: 18
2019-02-07 18:47:57:     --------------------------------------------------
2019-02-07 18:47:57: 
2019-02-07 18:47:58:     [Player 1] draws a tile...
2019-02-07 18:48:04:     [Player 2] draws a tile...
2019-02-07 18:48:07:     [Player 3] draws a tile...
2019-02-07 18:48:09: 
2019-02-07 18:48:11: 
2019-02-07 18:48:11:     Remaining tiles: 14
2019-02-07 18:48:11:     --------------------------------------------------
2019-02-07 18:48:11: 
2019-02-07 18:48:13:     [Player 1] draws a tile...
2019-02-07 18:48:16: 
2019-02-07 18:48:18:     --------------------------------------------------
2019-02-07 18:48:18: 
2019-02-07 18:48:18:     <AGARI ba="0,0" hai="12,14,15,21,24,28,56,57,59,61,66,87,88,93" machi="12" ten="40,5200,0" yaku="8,1,52,1,54,1" doraHai="81" who="3" fromWho="1" sc="250,0,130,-52,250,0,370,52" />
2019-02-07 18:48:18: Unexpected exception
Traceback (most recent call last):
  File "c:\Users\j4903\Documents\MahjongAI\main.py", line 17, in connect_and_play
    return client.start_game()
  File "c:\Users\j4903\Documents\MahjongAI\client\tenhou_client.py", line 146, in start_game
    '<AGARI' in msg and self._handle_round_end(msg)
  File "c:\Users\j4903\Documents\MahjongAI\client\tenhou_client.py", line 404, in _handle_round_end
    self._round_end_info_to_file(res_str)
  File "c:\Users\j4903\Documents\MahjongAI\client\tenhou_client.py", line 748, in _round_end_info_to_file
    self.logger_obj.add_round_end_result(msg)
  File "c:\Users\j4903\Documents\MahjongAI\logger\logger_handler.py", line 57, in add_round_end_result
    open(self.scores_path, 'a').write(msg)
  File "C:\Users\j4903\AppData\Local\Programs\Python\Python37-32\lib\encodings\cp1252.py", line 19, in encode
    return codecs.charmap_encode(input,self.errors,encoding_table)[0]
UnicodeEncodeError: 'charmap' codec can't encode character '\U0001f00a' in position 88: character maps to <undefined>
2019-02-07 18:48:18: End the game...
2019-02-07 18:48:18:     Game was ended unexpected
2019-02-07 18:48:18: 
