2019-02-07 14:20:18:     Reconnected successfully!
2019-02-07 14:20:20:     Game type = "Red bonus tile" : True, "Open tanyao" : True, "Game  length" : tonnansen
2019-02-07 14:20:21:     Reconnected. Resuming game state...
2019-02-07 14:20:23:     --------------------------------------------------
2019-02-07 14:20:23:  
2019-02-07 14:20:24: 
2019-02-07 14:20:26: 
2019-02-07 14:20:26:     Remaining tiles: 64
2019-02-07 14:20:26:     --------------------------------------------------
2019-02-07 14:20:26: 
2019-02-07 14:20:30:     [Player 3] draws a tile...
2019-02-07 14:20:32: 
2019-02-07 14:20:35: 
2019-02-07 14:20:35:     Remaining tiles: 62
2019-02-07 14:20:35:     --------------------------------------------------
2019-02-07 14:20:35: 
2019-02-07 14:20:36:     [Player 1] draws a tile...
2019-02-07 14:20:41: 
2019-02-07 14:20:42:     [Player 1] draws a tile...
2019-02-07 14:20:44:     [Player 2] draws a tile...
2019-02-07 14:20:48:     [Player 3] draws a tile...
2019-02-07 14:20:57: 
2019-02-07 14:21:01: 
2019-02-07 14:21:01:     Remaining tiles: 57
2019-02-07 14:21:01:     --------------------------------------------------
2019-02-07 14:21:01: 
2019-02-07 14:21:01:     [Player 1] draws a tile...
2019-02-07 14:21:03:     [Player 2] draws a tile...
2019-02-07 14:21:05:     [Player 3] draws a tile...
2019-02-07 14:21:11: 
2019-02-07 14:21:13: 
2019-02-07 14:21:13:     Remaining tiles: 53
2019-02-07 14:21:13:     --------------------------------------------------
2019-02-07 14:21:13: 
2019-02-07 14:21:13:     [Player 1] draws a tile...
2019-02-07 14:21:16:     [Player 2] draws a tile...
2019-02-07 14:21:21:     [Player 3] draws a tile...
2019-02-07 14:21:28: 
2019-02-07 14:21:30:     [Player 1] draws a tile...
2019-02-07 14:21:34:     --------------------------------------------------
2019-02-07 14:21:34: 
2019-02-07 14:21:34:     <AGARI ba="0,0" hai="6,10,13,14,18,22,41,46,48,60,61" m="46154" machi="6" ten="30,3900,0" yaku="13,1,52,2" doraHai="58" who="2" fromWho="1" sc="188,0,312,-39,250,39,250,0" />
2019-02-07 14:21:34: Unexpected exception
Traceback (most recent call last):
  File "c:\Users\j4903\Documents\MahjongAI\main.py", line 17, in connect_and_play
    return client.start_game()
  File "c:\Users\j4903\Documents\MahjongAI\client\tenhou_client.py", line 146, in start_game
    '<AGARI' in msg and self._handle_round_end(msg)
  File "c:\Users\j4903\Documents\MahjongAI\client\tenhou_client.py", line 404, in _handle_round_end
    self._round_end_info_to_file(res_str)
  File "c:\Users\j4903\Documents\MahjongAI\client\tenhou_client.py", line 748, in _round_end_info_to_file
    self.logger_obj.add_round_end_result(msg)
  File "c:\Users\j4903\Documents\MahjongAI\logger\logger_handler.py", line 57, in add_round_end_result
    open(self.scores_path, 'a').write(msg)
  File "C:\Users\j4903\AppData\Local\Programs\Python\Python37-32\lib\encodings\cp1252.py", line 19, in encode
    return codecs.charmap_encode(input,self.errors,encoding_table)[0]
UnicodeEncodeError: 'charmap' codec can't encode character '\U0001f008' in position 79: character maps to <undefined>
2019-02-07 14:21:34: End the game...
2019-02-07 14:21:34:     Game was ended unexpected
2019-02-07 14:21:34: 
