2019-02-07 14:16:21:     User(ID76B06F13-c3mhaFM4) was authenticated successfully
2019-02-07 14:16:42:     Game type = "Red bonus tile" : True, "Open tanyao" : True, "Game  length" : tonnansen
2019-02-07 14:16:42:     A new game started!
2019-02-07 14:16:42:     The replay link can be found here: http://tenhou.net/0/?log=2019020807gm-0089-0000-e46cc0c1&tw=2
2019-02-07 14:16:48:     --------------------------------------------------
2019-02-07 14:16:48:  
2019-02-07 14:16:48:     [Player 2] draws a tile...
2019-02-07 14:16:58:     [Player 3] draws a tile...
2019-02-07 14:17:04: 
2019-02-07 14:17:06: 
2019-02-07 14:17:06:     Remaining tiles: 67
2019-02-07 14:17:06:     --------------------------------------------------
2019-02-07 14:17:06: 
2019-02-07 14:17:08:     [Player 1] draws a tile...
2019-02-07 14:17:10:     [Player 2] draws a tile...
2019-02-07 14:17:18:     [Player 3] draws a tile...
2019-02-07 14:17:21: 
2019-02-07 14:17:24: 
2019-02-07 14:17:24:     Remaining tiles: 63
2019-02-07 14:17:24:     --------------------------------------------------
2019-02-07 14:17:24: 
2019-02-07 14:17:24:     [Player 1] draws a tile...
2019-02-07 14:17:27:     [Player 2] draws a tile...
2019-02-07 14:17:29:     [Player 3] draws a tile...
2019-02-07 14:17:32: 
2019-02-07 14:17:36: 
2019-02-07 14:17:36:     Remaining tiles: 59
2019-02-07 14:17:36:     --------------------------------------------------
2019-02-07 14:17:36: 
2019-02-07 14:17:37:     [Player 1] draws a tile...
2019-02-07 14:17:38:     [Player 2] draws a tile...
2019-02-07 14:17:40:     [Player 3] draws a tile...
2019-02-07 14:17:43: 
2019-02-07 14:17:47: 
2019-02-07 14:17:47:     Remaining tiles: 55
2019-02-07 14:17:47:     --------------------------------------------------
2019-02-07 14:17:47: 
2019-02-07 14:17:48:     [Player 1] draws a tile...
2019-02-07 14:17:50: 
2019-02-07 14:18:05:     [Player 3] draws a tile...
2019-02-07 14:18:08: 
2019-02-07 14:18:15: 
2019-02-07 14:18:15:     Remaining tiles: 52
2019-02-07 14:18:15:     --------------------------------------------------
2019-02-07 14:18:15: 
2019-02-07 14:18:16:     [Player 1] draws a tile...
2019-02-07 14:18:17:     [Player 2] draws a tile...
2019-02-07 14:18:23:     [Player 3] draws a tile...
2019-02-07 14:18:28: 
2019-02-07 14:18:36: 
2019-02-07 14:18:36:     Remaining tiles: 48
2019-02-07 14:18:36:     --------------------------------------------------
2019-02-07 14:18:36: 
2019-02-07 14:18:37:     [Player 1] draws a tile...
2019-02-07 14:18:38:     [Player 2] draws a tile...
2019-02-07 14:18:43:     [Player 3] draws a tile...
2019-02-07 14:18:47: 
2019-02-07 14:18:51: 
2019-02-07 14:18:51:     Remaining tiles: 44
2019-02-07 14:18:51:     --------------------------------------------------
2019-02-07 14:18:51: 
2019-02-07 14:18:52:     [Player 1] draws a tile...
2019-02-07 14:18:53:     [Player 2] draws a tile...
2019-02-07 14:19:00:     [Player 3] draws a tile...
2019-02-07 14:19:05: 
2019-02-07 14:19:06: 
2019-02-07 14:19:06:     Remaining tiles: 40
2019-02-07 14:19:06:     --------------------------------------------------
2019-02-07 14:19:06: 
2019-02-07 14:19:07: 
2019-02-07 14:19:07:     [Player 1] draws a tile...
2019-02-07 14:19:20:     [Player 3] draws a tile...
2019-02-07 14:19:23: 
2019-02-07 14:19:23: 
2019-02-07 14:19:23:     Remaining tiles: 37
2019-02-07 14:19:23:     --------------------------------------------------
2019-02-07 14:19:23: 
2019-02-07 14:19:24:     [Player 1] draws a tile...
2019-02-07 14:19:27:     [Player 2] draws a tile...
2019-02-07 14:19:30:     [Player 2] draws a tile...
2019-02-07 14:19:32:     [Player 3] draws a tile...
2019-02-07 14:19:34: 
2019-02-07 14:19:34: 
2019-02-07 14:19:34:     Remaining tiles: 33
2019-02-07 14:19:34:     --------------------------------------------------
2019-02-07 14:19:34: 
2019-02-07 14:19:35:     [Player 1] draws a tile...
2019-02-07 14:19:36:     [Player 2] draws a tile...
2019-02-07 14:19:39:     [Player 3] draws a tile...
2019-02-07 14:19:45: 
2019-02-07 14:19:46: 
2019-02-07 14:19:46:     Remaining tiles: 29
2019-02-07 14:19:46:     --------------------------------------------------
2019-02-07 14:19:46: 
2019-02-07 14:19:46:     [Player 1] draws a tile...
2019-02-07 14:19:48:     [Player 2] draws a tile...
2019-02-07 14:19:50:     [Player 3] draws a tile...
2019-02-07 14:19:53: 
2019-02-07 14:19:54: 
2019-02-07 14:19:54:     Remaining tiles: 25
2019-02-07 14:19:54:     --------------------------------------------------
2019-02-07 14:19:54: 
2019-02-07 14:19:55:     --------------------------------------------------
2019-02-07 14:19:55: 
2019-02-07 14:19:55:     <AGARI ba="0,2" hai="4,5,6,24,26,46,51,52,74,76,77,81,83,87" machi="52" ten="40,5200,0" yaku="1,1,54,1,53,1" doraHai="84,36" doraHaiUra="89,80" who="1" fromWho="0" sc="240,-52,240,72,250,0,250,0" />
2019-02-07 14:19:55: Unexpected exception
Traceback (most recent call last):
  File "c:\Users\j4903\Documents\MahjongAI\main.py", line 17, in connect_and_play
    return client.start_game()
  File "c:\Users\j4903\Documents\MahjongAI\client\tenhou_client.py", line 146, in start_game
    '<AGARI' in msg and self._handle_round_end(msg)
  File "c:\Users\j4903\Documents\MahjongAI\client\tenhou_client.py", line 404, in _handle_round_end
    self._round_end_info_to_file(res_str)
  File "c:\Users\j4903\Documents\MahjongAI\client\tenhou_client.py", line 748, in _round_end_info_to_file
    self.logger_obj.add_round_end_result(msg)
  File "c:\Users\j4903\Documents\MahjongAI\logger\logger_handler.py", line 57, in add_round_end_result
    open(self.scores_path, 'a').write(msg)
  File "C:\Users\j4903\AppData\Local\Programs\Python\Python37-32\lib\encodings\cp1252.py", line 19, in encode
    return codecs.charmap_encode(input,self.errors,encoding_table)[0]
UnicodeEncodeError: 'charmap' codec can't encode character '\U0001f01d' in position 97: character maps to <undefined>
2019-02-07 14:19:55: End the game...
2019-02-07 14:19:55:     Game was ended unexpected
2019-02-07 14:19:55: 
