2019-02-07 12:24:04:     Reconnected successfully!
2019-02-07 12:24:05:     Game type = "Red bonus tile" : True, "Open tanyao" : True, "Game  length" : tonpusen
2019-02-07 12:24:06:     Reconnected. Resuming game state...
2019-02-07 12:24:10:     --------------------------------------------------
2019-02-07 12:24:10:  
2019-02-07 12:24:11: 
2019-02-07 12:24:14: 
2019-02-07 12:24:14:     Remaining tiles: 63
2019-02-07 12:24:14:     --------------------------------------------------
2019-02-07 12:24:14: 
2019-02-07 12:24:14:     [Player 1] draws a tile...
2019-02-07 12:24:22: 
2019-02-07 12:24:24: 
2019-02-07 12:24:24:     Remaining tiles: 61
2019-02-07 12:24:24:     --------------------------------------------------
2019-02-07 12:24:24: 
2019-02-07 12:24:24:     [Player 1] draws a tile...
2019-02-07 12:24:26:     [Player 2] draws a tile...
2019-02-07 12:24:31: 
2019-02-07 12:24:34: 
2019-02-07 12:24:34:     Remaining tiles: 58
2019-02-07 12:24:34:     --------------------------------------------------
2019-02-07 12:24:34: 
2019-02-07 12:24:34:     [Player 1] draws a tile...
2019-02-07 12:24:43: 
2019-02-07 12:24:45: 
2019-02-07 12:24:45:     Remaining tiles: 56
2019-02-07 12:24:45:     --------------------------------------------------
2019-02-07 12:24:45: 
2019-02-07 12:24:46:     [Player 1] draws a tile...
2019-02-07 12:24:48:     [Player 2] draws a tile...
2019-02-07 12:24:50:     [Player 3] draws a tile...
2019-02-07 12:24:53: 
2019-02-07 12:24:56: 
2019-02-07 12:24:56:     Remaining tiles: 52
2019-02-07 12:24:56:     --------------------------------------------------
2019-02-07 12:24:56: 
2019-02-07 12:24:57:     [Player 1] draws a tile...
2019-02-07 12:25:12:     [Player 2] draws a tile...
2019-02-07 12:25:14:     [Player 3] draws a tile...
2019-02-07 12:25:16: 
2019-02-07 12:25:20: 
2019-02-07 12:25:20:     Remaining tiles: 48
2019-02-07 12:25:20:     --------------------------------------------------
2019-02-07 12:25:20: 
2019-02-07 12:25:51: Socket connection might be shut down... 31s
2019-02-07 12:25:51:     Game was ended unexpected
2019-02-07 12:25:51: 
