2019-02-07 12:22:05:     Reconnected successfully!
2019-02-07 12:22:06:     Game type = "Red bonus tile" : True, "Open tanyao" : True, "Game  length" : tonpusen
2019-02-07 12:22:07:     Reconnected. Resuming game state...
2019-02-07 12:22:15:     --------------------------------------------------
2019-02-07 12:22:15:  
2019-02-07 12:22:15: 
2019-02-07 12:22:18: 
2019-02-07 12:22:18:     Remaining tiles: 67
2019-02-07 12:22:18:     --------------------------------------------------
2019-02-07 12:22:18: 
2019-02-07 12:22:18:     [Player 1] draws a tile...
2019-02-07 12:22:20:     [Player 2] draws a tile...
2019-02-07 12:22:22:     [Player 3] draws a tile...
2019-02-07 12:22:25: 
2019-02-07 12:22:27: 
2019-02-07 12:22:27:     Remaining tiles: 63
2019-02-07 12:22:27:     --------------------------------------------------
2019-02-07 12:22:27: 
2019-02-07 12:22:27:     [Player 1] draws a tile...
2019-02-07 12:22:35: 
2019-02-07 12:22:36: 
2019-02-07 12:22:36:     Remaining tiles: 61
2019-02-07 12:22:36:     --------------------------------------------------
2019-02-07 12:22:36: 
2019-02-07 12:22:37:     [Player 1] draws a tile...
2019-02-07 12:22:40:     [Player 2] draws a tile...
2019-02-07 12:22:43:     [Player 3] draws a tile...
2019-02-07 12:22:48: 
2019-02-07 12:22:52: 
2019-02-07 12:22:52:     Remaining tiles: 57
2019-02-07 12:22:52:     --------------------------------------------------
2019-02-07 12:22:52: 
2019-02-07 12:22:53:     [Player 1] draws a tile...
2019-02-07 12:23:00: 
2019-02-07 12:23:03: 
2019-02-07 12:23:03:     Remaining tiles: 55
2019-02-07 12:23:03:     --------------------------------------------------
2019-02-07 12:23:03: 
2019-02-07 12:23:04:     [Player 1] draws a tile...
2019-02-07 12:23:05:     [Player 2] draws a tile...
2019-02-07 12:23:07:     [Player 3] draws a tile...
2019-02-07 12:23:10: 
2019-02-07 12:23:13: 
2019-02-07 12:23:13:     Remaining tiles: 51
2019-02-07 12:23:13:     --------------------------------------------------
2019-02-07 12:23:13: 
2019-02-07 12:23:14:     [Player 1] draws a tile...
2019-02-07 12:23:17:     [Player 2] draws a tile...
2019-02-07 12:23:19:     [Player 3] draws a tile...
2019-02-07 12:23:24: 
2019-02-07 12:23:27: 
2019-02-07 12:23:27:     Remaining tiles: 47
2019-02-07 12:23:27:     --------------------------------------------------
2019-02-07 12:23:27: 
2019-02-07 12:23:27:     [Player 1] draws a tile...
2019-02-07 12:23:40:     [Player 3] draws a tile...
2019-02-07 12:23:42:     --------------------------------------------------
2019-02-07 12:23:42: 
2019-02-07 12:23:42:     <AGARI ba="0,0" hai="38,40,46,49,52,57,92,93" m="7479,42058" machi="40" ten="30,4000,0" yaku="14,1,52,1,54,1" doraHai="48" who="3" fromWho="3" sc="240,-10,240,-10,270,-20,250,40" />
2019-02-07 12:23:42: Unexpected exception
Traceback (most recent call last):
  File "c:\Users\j4903\Documents\MahjongAI\main.py", line 17, in connect_and_play
    return client.start_game()
  File "c:\Users\j4903\Documents\MahjongAI\client\tenhou_client.py", line 146, in start_game
    '<AGARI' in msg and self._handle_round_end(msg)
  File "c:\Users\j4903\Documents\MahjongAI\client\tenhou_client.py", line 404, in _handle_round_end
    self._round_end_info_to_file(res_str)
  File "c:\Users\j4903\Documents\MahjongAI\client\tenhou_client.py", line 748, in _round_end_info_to_file
    self.logger_obj.add_round_end_result(msg)
  File "c:\Users\j4903\Documents\MahjongAI\logger\logger_handler.py", line 57, in add_round_end_result
    open(self.scores_path, 'a').write(msg)
  File "C:\Users\j4903\AppData\Local\Programs\Python\Python37-32\lib\encodings\cp1252.py", line 19, in encode
    return codecs.charmap_encode(input,self.errors,encoding_table)[0]
UnicodeEncodeError: 'charmap' codec can't encode character '\U0001f01a' in position 80: character maps to <undefined>
2019-02-07 12:23:42: End the game...
2019-02-07 12:23:42:     Game was ended unexpected
2019-02-07 12:23:42: 
