2019-02-07 12:15:42:     Reconnected successfully!
2019-02-07 12:15:43:     Game type = "Red bonus tile" : True, "Open tanyao" : True, "Game  length" : tonpusen
2019-02-07 12:15:43:     Reconnected. Resuming game state...
2019-02-07 12:15:44:     --------------------------------------------------
2019-02-07 12:15:44:  
2019-02-07 12:15:45: 
2019-02-07 12:15:48: 
2019-02-07 12:15:48:     Remaining tiles: 67
2019-02-07 12:15:48:     --------------------------------------------------
2019-02-07 12:15:48: 
2019-02-07 12:15:51: 
2019-02-07 12:15:54: 
2019-02-07 12:15:54:     Remaining tiles: 66
2019-02-07 12:15:54:     --------------------------------------------------
2019-02-07 12:15:54: 
2019-02-07 12:15:55:     [Player 1] draws a tile...
2019-02-07 12:15:56:     [Player 2] draws a tile...
2019-02-07 12:16:05:     [Player 3] draws a tile...
2019-02-07 12:16:09: 
2019-02-07 12:16:13: 
2019-02-07 12:16:13:     Remaining tiles: 62
2019-02-07 12:16:13:     --------------------------------------------------
2019-02-07 12:16:13: 
2019-02-07 12:16:13:     [Player 1] draws a tile...
2019-02-07 12:16:15:     [Player 2] draws a tile...
2019-02-07 12:16:24: 
2019-02-07 12:16:27: 
2019-02-07 12:16:27:     Remaining tiles: 59
2019-02-07 12:16:27:     --------------------------------------------------
2019-02-07 12:16:27: 
2019-02-07 12:16:30:     [Player 1] draws a tile...
2019-02-07 12:16:34:     [Player 2] draws a tile...
2019-02-07 12:16:45:     [Player 3] draws a tile...
2019-02-07 12:17:20: Socket connection might be shut down... 31s
2019-02-07 12:17:20:     Game was ended unexpected
2019-02-07 12:17:20: 
