2019-10-09 16:44:44:     User(ID76B06F13-c3mhaFM4) was authenticated successfully
2019-10-09 16:44:48:     Game type = "Red bonus tile" : True, "Open tanyao" : True, "Game  length" : tonnansen
2019-10-09 16:44:48:     A new game started!
2019-10-09 16:44:48:     The replay link can be found here: http://tenhou.net/0/?log=2019101008gm-0089-0000-25b8a8a3&tw=1
2019-10-09 16:44:48:     Players are: [weavile - 7 - None, apeironn - 1 - None, シルベ`ヌ - 三段 - None, Apple123 - 三段 - None]
2019-10-09 16:45:01:     --------------------------------------------------
2019-10-09 16:45:01:     Players: [weavile - 7 - 25000, apeironn - 1 - 25000, シルベ`ヌ - 三段 - 25000, Apple123 - 三段 - 25000]
2019-10-09 16:45:01:     Dealer: Apple123 - 三段 - 25000
2019-10-09 16:45:01:  
2019-10-09 16:45:01:     [Player 3] draws a tile...
2019-10-09 16:45:03: 
2019-10-09 16:45:05: 
2019-10-09 16:45:05:     Remaining tiles: 68
2019-10-09 16:45:05:     --------------------------------------------------
2019-10-09 16:45:05: 
2019-10-09 16:45:06:     [Player 1] draws a tile...
2019-10-09 16:45:08:     [Player 2] draws a tile...
2019-10-09 16:45:11:     [Player 3] draws a tile...
2019-10-09 16:45:22: 
2019-10-09 16:45:24: 
2019-10-09 16:45:24:     Remaining tiles: 64
2019-10-09 16:45:24:     --------------------------------------------------
2019-10-09 16:45:24: 
2019-10-09 16:45:25:     [Player 1] draws a tile...
2019-10-09 16:45:28:     [Player 2] draws a tile...
2019-10-09 16:45:30:     [Player 3] draws a tile...
2019-10-09 16:45:33: 
2019-10-09 16:45:36: 
2019-10-09 16:45:36:     Remaining tiles: 60
2019-10-09 16:45:36:     --------------------------------------------------
2019-10-09 16:45:36: 
2019-10-09 16:45:37:     [Player 1] draws a tile...
2019-10-09 16:45:45:     [Player 2] draws a tile...
2019-10-09 16:45:46:     [Player 3] draws a tile...
2019-10-09 16:45:47: 
2019-10-09 16:45:50: 
2019-10-09 16:45:50:     Remaining tiles: 56
2019-10-09 16:45:50:     --------------------------------------------------
2019-10-09 16:45:50: 
2019-10-09 16:45:50:     [Player 1] draws a tile...
2019-10-09 16:45:53:     [Player 2] draws a tile...
2019-10-09 16:46:04: 
2019-10-09 16:46:07: 
2019-10-09 16:46:07:     Remaining tiles: 53
2019-10-09 16:46:07:     --------------------------------------------------
2019-10-09 16:46:07: 
2019-10-09 16:46:08:     [Player 1] draws a tile...
2019-10-09 16:46:10:     [Player 2] draws a tile...
2019-10-09 16:46:12:     [Player 3] draws a tile...
2019-10-09 16:46:14: 
2019-10-09 16:46:18: 
2019-10-09 16:46:18:     Remaining tiles: 49
2019-10-09 16:46:18:     --------------------------------------------------
2019-10-09 16:46:18: 
2019-10-09 16:46:19:     [Player 1] draws a tile...
2019-10-09 16:46:23:     [Player 2] draws a tile...
2019-10-09 16:46:26:     [Player 3] draws a tile...
2019-10-09 16:46:29: 
2019-10-09 16:46:32: 
2019-10-09 16:46:32:     Remaining tiles: 45
2019-10-09 16:46:32:     --------------------------------------------------
2019-10-09 16:46:32: 
2019-10-09 16:46:33:     [Player 1] draws a tile...
2019-10-09 16:46:36:     [Player 2] draws a tile...
2019-10-09 16:46:38:     [Player 3] draws a tile...
2019-10-09 16:46:42: 
2019-10-09 16:46:45: 
2019-10-09 16:46:45:     Remaining tiles: 41
2019-10-09 16:46:45:     --------------------------------------------------
2019-10-09 16:46:45: 
2019-10-09 16:46:46:     [Player 1] draws a tile...
2019-10-09 16:46:48:     [Player 2] draws a tile...
2019-10-09 16:46:54:     [Player 3] draws a tile...
2019-10-09 16:46:57: 
2019-10-09 16:46:59: 
2019-10-09 16:46:59:     Remaining tiles: 37
2019-10-09 16:46:59:     --------------------------------------------------
2019-10-09 16:46:59: 
2019-10-09 16:47:00:     [Player 1] draws a tile...
2019-10-09 16:47:04:     [Player 2] draws a tile...
2019-10-09 16:47:05:     [Player 3] draws a tile...
2019-10-09 16:47:09: 
2019-10-09 16:47:12: 
2019-10-09 16:47:12:     Remaining tiles: 33
2019-10-09 16:47:12:     --------------------------------------------------
2019-10-09 16:47:12: 
2019-10-09 16:47:13:     [Player 1] draws a tile...
2019-10-09 16:47:15:     [Player 2] draws a tile...
2019-10-09 16:47:17:     [Player 3] draws a tile...
2019-10-09 16:47:20: 
2019-10-09 16:47:23: 
2019-10-09 16:47:23:     Remaining tiles: 29
2019-10-09 16:47:23:     --------------------------------------------------
2019-10-09 16:47:23: 
2019-10-09 16:47:24:     [Player 1] draws a tile...
2019-10-09 16:47:28:     [Player 2] draws a tile...
2019-10-09 16:47:31:     [Player 3] draws a tile...
2019-10-09 16:47:35: 
2019-10-09 16:47:38: 
2019-10-09 16:47:38:     Remaining tiles: 25
2019-10-09 16:47:38:     --------------------------------------------------
2019-10-09 16:47:38: 
2019-10-09 16:47:39:     [Player 1] draws a tile...
2019-10-09 16:47:44:     [Player 3] draws a tile...
2019-10-09 16:47:48: 
2019-10-09 16:47:51: 
2019-10-09 16:47:51:     Remaining tiles: 22
2019-10-09 16:47:51:     --------------------------------------------------
2019-10-09 16:47:51: 
2019-10-09 16:47:52:     [Player 1] draws a tile...
2019-10-09 16:47:56:     Reach was called by 1-th player: apeironn - 1 - 25000
2019-10-09 16:47:56: 
2019-10-09 16:48:00:     --------------------------------------------------
2019-10-09 16:48:00: 
2019-10-09 16:48:00:     <AGARI ba="0,0" hai="6,7,10,13,17,40,41,42,52,58,62" m="50283" machi="10" ten="30,2900,0" yaku="19,1,54,1" doraHai="16" who="3" fromWho="1" sc="250,0,250,-29,250,0,250,29" />
2019-10-09 16:48:00: Unexpected exception
Traceback (most recent call last):
  File "C:\Users\j4903\Documents\MahjongAI\main.py", line 17, in connect_and_play
    return client.start_game()
  File "C:\Users\j4903\Documents\MahjongAI\client\tenhou_client.py", line 146, in start_game
    '<AGARI' in msg and self._handle_round_end(msg)
  File "C:\Users\j4903\Documents\MahjongAI\client\tenhou_client.py", line 404, in _handle_round_end
    self._round_end_info_to_file(res_str)
  File "C:\Users\j4903\Documents\MahjongAI\client\tenhou_client.py", line 748, in _round_end_info_to_file
    self.logger_obj.add_round_end_result(msg)
  File "C:\Users\j4903\Documents\MahjongAI\logger\logger_handler.py", line 57, in add_round_end_result
    open(self.scores_path, 'a').write(msg)
UnicodeEncodeError: 'gbk' codec can't encode character '\U0001f009' in position 88: illegal multibyte sequence
2019-10-09 16:48:00: End the game...
2019-10-09 16:48:01:     Game was ended unexpected
2019-10-09 16:48:01: 
