2019-02-07 12:05:16:     Reconnected successfully!
2019-02-07 12:05:17:     Game type = "Red bonus tile" : True, "Open tanyao" : True, "Game  length" : tonpusen
2019-02-07 12:05:18:     Reconnected. Resuming game state...
2019-02-07 12:05:20:     --------------------------------------------------
2019-02-07 12:05:20:  
2019-02-07 12:05:23: 
2019-02-07 12:05:25: 
2019-02-07 12:05:25:     Remaining tiles: 64
2019-02-07 12:05:25:     --------------------------------------------------
2019-02-07 12:05:25: 
2019-02-07 12:05:26:     [Player 1] draws a tile...
2019-02-07 12:05:30:     [Player 2] draws a tile...
2019-02-07 12:05:32:     [Player 3] draws a tile...
2019-02-07 12:05:33: 
2019-02-07 12:05:37: 
2019-02-07 12:05:37:     Remaining tiles: 60
2019-02-07 12:05:37:     --------------------------------------------------
2019-02-07 12:05:37: 
2019-02-07 12:05:37:     [Player 1] draws a tile...
2019-02-07 12:05:40:     [Player 2] draws a tile...
2019-02-07 12:05:43:     [Player 3] draws a tile...
2019-02-07 12:05:47: 
2019-02-07 12:05:50: 
2019-02-07 12:05:50:     Remaining tiles: 56
2019-02-07 12:05:50:     --------------------------------------------------
2019-02-07 12:05:50: 
2019-02-07 12:05:51:     [Player 1] draws a tile...
2019-02-07 12:06:00:     [Player 2] draws a tile...
2019-02-07 12:06:08:     [Player 3] draws a tile...
2019-02-07 12:06:40: Socket connection might be shut down... 31s
2019-02-07 12:06:40:     Game was ended unexpected
2019-02-07 12:06:40: 
