2019-02-07 11:32:00:     User(ID76B06F13-c3mhaFM4) was authenticated successfully
2019-02-07 11:32:01:     Game type = "Red bonus tile" : True, "Open tanyao" : True, "Game  length" : tonpusen
2019-02-07 11:32:01:     A new game started!
2019-02-07 11:32:01:     The replay link can be found here: http://tenhou.net/0/?log=2019020804gm-0001-0000-0bad2f91&tw=2
2019-02-07 11:32:05:     --------------------------------------------------
2019-02-07 11:32:05:  
2019-02-07 11:32:05:     [Player 2] draws a tile...
2019-02-07 11:32:12:     [Player 3] draws a tile...
2019-02-07 11:32:15: 
2019-02-07 11:32:18: 
2019-02-07 11:32:18:     Remaining tiles: 67
2019-02-07 11:32:18:     --------------------------------------------------
2019-02-07 11:32:18: 
2019-02-07 11:32:18:     [Player 1] draws a tile...
2019-02-07 11:32:20:     [Player 2] draws a tile...
2019-02-07 11:32:22:     [Player 3] draws a tile...
2019-02-07 11:32:24: 
2019-02-07 11:32:27: 
2019-02-07 11:32:27:     Remaining tiles: 63
2019-02-07 11:32:27:     --------------------------------------------------
2019-02-07 11:32:27: 
2019-02-07 11:32:27:     [Player 1] draws a tile...
2019-02-07 11:32:37:     [Player 2] draws a tile...
2019-02-07 11:32:38:     [Player 3] draws a tile...
2019-02-07 11:32:42: 
2019-02-07 11:32:45: 
2019-02-07 11:32:45:     Remaining tiles: 59
2019-02-07 11:32:45:     --------------------------------------------------
2019-02-07 11:32:45: 
2019-02-07 11:32:46:     [Player 1] draws a tile...
2019-02-07 11:32:49:     [Player 2] draws a tile...
2019-02-07 11:32:51:     [Player 3] draws a tile...
2019-02-07 11:32:54: 
2019-02-07 11:33:00: 
2019-02-07 11:33:00:     Remaining tiles: 55
2019-02-07 11:33:00:     --------------------------------------------------
2019-02-07 11:33:00: 
2019-02-07 11:33:00:     [Player 1] draws a tile...
2019-02-07 11:33:05:     [Player 2] draws a tile...
2019-02-07 11:33:08:     [Player 3] draws a tile...
2019-02-07 11:33:11: 
2019-02-07 11:33:17: 
2019-02-07 11:33:17:     Remaining tiles: 51
2019-02-07 11:33:17:     --------------------------------------------------
2019-02-07 11:33:17: 
2019-02-07 11:33:18:     [Player 1] draws a tile...
2019-02-07 11:33:21:     [Player 2] draws a tile...
2019-02-07 11:33:23:     [Player 3] draws a tile...
2019-02-07 11:33:24: 
2019-02-07 11:33:30: 
2019-02-07 11:33:30:     Remaining tiles: 47
2019-02-07 11:33:30:     --------------------------------------------------
2019-02-07 11:33:30: 
2019-02-07 11:33:30:     [Player 1] draws a tile...
2019-02-07 11:33:32:     [Player 2] draws a tile...
2019-02-07 11:33:36:     [Player 3] draws a tile...
2019-02-07 11:33:38: 
2019-02-07 11:33:41: 
2019-02-07 11:33:41:     Remaining tiles: 43
2019-02-07 11:33:41:     --------------------------------------------------
2019-02-07 11:33:41: 
2019-02-07 11:33:42:     [Player 1] draws a tile...
2019-02-07 11:33:43:     [Player 2] draws a tile...
2019-02-07 11:33:48:     [Player 3] draws a tile...
2019-02-07 11:33:50: 
2019-02-07 11:33:53: 
2019-02-07 11:33:53:     Remaining tiles: 39
2019-02-07 11:33:53:     --------------------------------------------------
2019-02-07 11:33:53: 
2019-02-07 11:33:54:     [Player 1] draws a tile...
2019-02-07 11:33:57:     [Player 2] draws a tile...
2019-02-07 11:33:59:     [Player 3] draws a tile...
2019-02-07 11:34:01: 
2019-02-07 11:34:04: 
2019-02-07 11:34:04:     Remaining tiles: 35
2019-02-07 11:34:04:     --------------------------------------------------
2019-02-07 11:34:04: 
2019-02-07 11:34:05:     [Player 1] draws a tile...
2019-02-07 11:34:07:     [Player 2] draws a tile...
2019-02-07 11:34:09:     [Player 3] draws a tile...
2019-02-07 11:34:12: 
2019-02-07 11:34:16: 
2019-02-07 11:34:16:     Remaining tiles: 31
2019-02-07 11:34:16:     --------------------------------------------------
2019-02-07 11:34:16: 
2019-02-07 11:34:16:     [Player 1] draws a tile...
2019-02-07 11:34:19:     [Player 2] draws a tile...
2019-02-07 11:34:24:     [Player 3] draws a tile...
2019-02-07 11:34:27: 
2019-02-07 11:34:29: 
2019-02-07 11:34:29:     Remaining tiles: 27
2019-02-07 11:34:29:     --------------------------------------------------
2019-02-07 11:34:29: 
2019-02-07 11:34:32:     [Player 1] draws a tile...
2019-02-07 11:34:36:     [Player 2] draws a tile...
2019-02-07 11:34:47: 
2019-02-07 11:34:51: 
2019-02-07 11:34:51:     Remaining tiles: 24
2019-02-07 11:34:51:     --------------------------------------------------
2019-02-07 11:34:51: 
2019-02-07 11:34:51:     [Player 1] draws a tile...
2019-02-07 11:34:54:     [Player 2] draws a tile...
2019-02-07 11:34:58:     [Player 3] draws a tile...
2019-02-07 11:35:00: 
2019-02-07 11:35:02: 
2019-02-07 11:35:02:     Remaining tiles: 20
2019-02-07 11:35:02:     --------------------------------------------------
2019-02-07 11:35:02: 
2019-02-07 11:35:02:     [Player 1] draws a tile...
2019-02-07 11:35:04:     [Player 2] draws a tile...
2019-02-07 11:35:07:     [Player 3] draws a tile...
2019-02-07 11:35:10: 
2019-02-07 11:35:12: 
2019-02-07 11:35:12:     Remaining tiles: 16
2019-02-07 11:35:12:     --------------------------------------------------
2019-02-07 11:35:12: 
2019-02-07 11:35:14:     [Player 1] draws a tile...
2019-02-07 11:35:21:     [Player 2] draws a tile...
2019-02-07 11:35:24:     [Player 3] draws a tile...
2019-02-07 11:35:28: 
2019-02-07 11:35:30: 
2019-02-07 11:35:30:     Remaining tiles: 12
2019-02-07 11:35:30:     --------------------------------------------------
2019-02-07 11:35:30: 
2019-02-07 11:35:33:     [Player 1] draws a tile...
2019-02-07 11:35:37:     [Player 2] draws a tile...
2019-02-07 11:35:38:     [Player 3] draws a tile...
2019-02-07 11:35:40: 
2019-02-07 11:35:44: 
2019-02-07 11:35:44:     Remaining tiles: 8
2019-02-07 11:35:44:     --------------------------------------------------
2019-02-07 11:35:44: 
2019-02-07 11:35:44:     [Player 1] draws a tile...
2019-02-07 11:35:48:     [Player 2] draws a tile...
2019-02-07 11:35:53:     --------------------------------------------------
2019-02-07 11:35:53: 
2019-02-07 11:35:53:     <AGARI ba="0,0" hai="7,10,14,17,18,19,23,24,28,82,84,85,86,91" machi="28" ten="40,1300,0" yaku="8,1" doraHai="132" who="0" fromWho="2" sc="250,13,250,0,250,-13,250,0" />
2019-02-07 11:35:53: Unexpected exception
Traceback (most recent call last):
  File "c:\Users\j4903\Documents\MahjongAI\main.py", line 17, in connect_and_play
    return client.start_game()
  File "c:\Users\j4903\Documents\MahjongAI\client\tenhou_client.py", line 146, in start_game
    '<AGARI' in msg and self._handle_round_end(msg)
  File "c:\Users\j4903\Documents\MahjongAI\client\tenhou_client.py", line 404, in _handle_round_end
    self._round_end_info_to_file(res_str)
  File "c:\Users\j4903\Documents\MahjongAI\client\tenhou_client.py", line 748, in _round_end_info_to_file
    self.logger_obj.add_round_end_result(msg)
  File "c:\Users\j4903\Documents\MahjongAI\logger\logger_handler.py", line 57, in add_round_end_result
    open(self.scores_path, 'a').write(msg)
  File "C:\Users\j4903\AppData\Local\Programs\Python\Python37-32\lib\encodings\cp1252.py", line 19, in encode
    return codecs.charmap_encode(input,self.errors,encoding_table)[0]
UnicodeEncodeError: 'charmap' codec can't encode character '\U0001f00e' in position 80: character maps to <undefined>
2019-02-07 11:35:53: End the game...
2019-02-07 11:35:53:     Game was ended unexpected
2019-02-07 11:35:53: 
