2019-02-07 11:46:20:     Reconnected successfully!
2019-02-07 11:46:21:     Game type = "Red bonus tile" : True, "Open tanyao" : True, "Game  length" : tonpusen
2019-02-07 11:46:21:     Reconnected. Resuming game state...
2019-02-07 11:46:22:     --------------------------------------------------
2019-02-07 11:46:22:  
2019-02-07 11:46:23: 
2019-02-07 11:46:25: 
2019-02-07 11:46:25:     Remaining tiles: 65
2019-02-07 11:46:25:     --------------------------------------------------
2019-02-07 11:46:25: 
2019-02-07 11:46:26:     [Player 1] draws a tile...
2019-02-07 11:46:27:     [Player 2] draws a tile...
2019-02-07 11:46:32:     [Player 3] draws a tile...
2019-02-07 11:46:35: 
2019-02-07 11:46:38: 
2019-02-07 11:46:38:     Remaining tiles: 61
2019-02-07 11:46:38:     --------------------------------------------------
2019-02-07 11:46:38: 
2019-02-07 11:46:39:     [Player 1] draws a tile...
2019-02-07 11:46:40:     [Player 2] draws a tile...
2019-02-07 11:46:42:     [Player 3] draws a tile...
2019-02-07 11:46:44: 
2019-02-07 11:46:46: 
2019-02-07 11:46:46:     Remaining tiles: 57
2019-02-07 11:46:46:     --------------------------------------------------
2019-02-07 11:46:46: 
2019-02-07 11:46:47:     [Player 1] draws a tile...
2019-02-07 11:46:54:     [Player 3] draws a tile...
2019-02-07 11:46:57: 
2019-02-07 11:47:01: 
2019-02-07 11:47:01:     Remaining tiles: 54
2019-02-07 11:47:01:     --------------------------------------------------
2019-02-07 11:47:01: 
2019-02-07 11:47:02:     [Player 1] draws a tile...
2019-02-07 11:47:06:     [Player 2] draws a tile...
2019-02-07 11:47:09:     [Player 3] draws a tile...
2019-02-07 11:47:12: 
2019-02-07 11:47:15: 
2019-02-07 11:47:15:     Remaining tiles: 50
2019-02-07 11:47:15:     --------------------------------------------------
2019-02-07 11:47:15: 
2019-02-07 11:47:17:     [Player 1] draws a tile...
2019-02-07 11:47:19:     [Player 2] draws a tile...
2019-02-07 11:47:21:     [Player 3] draws a tile...
2019-02-07 11:47:25: 
2019-02-07 11:47:27: 
2019-02-07 11:47:27:     Remaining tiles: 46
2019-02-07 11:47:27:     --------------------------------------------------
2019-02-07 11:47:27: 
2019-02-07 11:47:28:     [Player 1] draws a tile...
2019-02-07 11:47:30:     [Player 2] draws a tile...
2019-02-07 11:47:34:     [Player 3] draws a tile...
2019-02-07 11:47:40: 
2019-02-07 11:47:43: 
2019-02-07 11:47:43:     Remaining tiles: 42
2019-02-07 11:47:43:     --------------------------------------------------
2019-02-07 11:47:43: 
2019-02-07 11:47:44:     [Player 1] draws a tile...
2019-02-07 11:47:47:     [Player 2] draws a tile...
2019-02-07 11:47:50:     [Player 3] draws a tile...
2019-02-07 11:47:52: 
2019-02-07 11:47:55: 
2019-02-07 11:47:55:     Remaining tiles: 38
2019-02-07 11:47:55:     --------------------------------------------------
2019-02-07 11:47:55: 
2019-02-07 11:47:56:     [Player 1] draws a tile...
2019-02-07 11:48:00:     [Player 3] draws a tile...
2019-02-07 11:48:02: 
2019-02-07 11:48:05: 
2019-02-07 11:48:05:     Remaining tiles: 35
2019-02-07 11:48:05:     --------------------------------------------------
2019-02-07 11:48:05: 
2019-02-07 11:48:06:     [Player 1] draws a tile...
2019-02-07 11:48:11:     [Player 2] draws a tile...
2019-02-07 11:48:13:     [Player 3] draws a tile...
2019-02-07 11:48:17: 
2019-02-07 11:48:21: 
2019-02-07 11:48:21:     Remaining tiles: 31
2019-02-07 11:48:21:     --------------------------------------------------
2019-02-07 11:48:21: 
2019-02-07 11:48:22:     [Player 1] draws a tile...
2019-02-07 11:48:26:     [Player 2] draws a tile...
2019-02-07 11:48:27:     [Player 3] draws a tile...
2019-02-07 11:48:30: 
2019-02-07 11:48:32: 
2019-02-07 11:48:32:     Remaining tiles: 27
2019-02-07 11:48:32:     --------------------------------------------------
2019-02-07 11:48:32: 
2019-02-07 11:48:33:     [Player 1] draws a tile...
2019-02-07 11:48:36:     [Player 2] draws a tile...
2019-02-07 11:48:38:     [Player 3] draws a tile...
2019-02-07 11:48:40: 
2019-02-07 11:48:43: 
2019-02-07 11:48:46: 
2019-02-07 11:48:46:     Remaining tiles: 23
2019-02-07 11:48:46:     --------------------------------------------------
2019-02-07 11:48:46: 
2019-02-07 11:48:47:     [Player 1] draws a tile...
2019-02-07 11:48:49: 
2019-02-07 11:48:53:     --------------------------------------------------
2019-02-07 11:48:53: 
2019-02-07 11:48:53:     <AGARI ba="1,3" hai="13,17,23,26,30,33,54,55" m="14859,51211" machi="26" ten="30,1000,0" yaku="20,1" doraHai="124" who="2" fromWho="1" sc="250,0,260,-13,220,43,240,0" />
2019-02-07 11:48:53: Unexpected exception
Traceback (most recent call last):
  File "c:\Users\j4903\Documents\MahjongAI\main.py", line 17, in connect_and_play
    return client.start_game()
  File "c:\Users\j4903\Documents\MahjongAI\client\tenhou_client.py", line 146, in start_game
    '<AGARI' in msg and self._handle_round_end(msg)
  File "c:\Users\j4903\Documents\MahjongAI\client\tenhou_client.py", line 404, in _handle_round_end
    self._round_end_info_to_file(res_str)
  File "c:\Users\j4903\Documents\MahjongAI\client\tenhou_client.py", line 748, in _round_end_info_to_file
    self.logger_obj.add_round_end_result(msg)
  File "c:\Users\j4903\Documents\MahjongAI\logger\logger_handler.py", line 57, in add_round_end_result
    open(self.scores_path, 'a').write(msg)
  File "C:\Users\j4903\AppData\Local\Programs\Python\Python37-32\lib\encodings\cp1252.py", line 19, in encode
    return codecs.charmap_encode(input,self.errors,encoding_table)[0]
UnicodeEncodeError: 'charmap' codec can't encode character '\U0001f00d' in position 88: character maps to <undefined>
2019-02-07 11:48:53: End the game...
2019-02-07 11:48:53:     Game was ended unexpected
2019-02-07 11:48:53: 
