2019-02-07 16:18:23:     User(ID76B06F13-c3mhaFM4) was authenticated successfully
2019-02-07 16:18:31:     Game type = "Red bonus tile" : True, "Open tanyao" : True, "Game  length" : tonnansen
2019-02-07 16:18:31:     A new game started!
2019-02-07 16:18:31:     The replay link can be found here: http://tenhou.net/0/?log=2019020809gm-0089-0000-82a3ec08&tw=1
2019-02-07 16:18:35:     --------------------------------------------------
2019-02-07 16:18:35:  
2019-02-07 16:18:35:     [Player 3] draws a tile...
2019-02-07 16:18:39: 
2019-02-07 16:18:41: 
2019-02-07 16:18:41:     Remaining tiles: 68
2019-02-07 16:18:41:     --------------------------------------------------
2019-02-07 16:18:41: 
2019-02-07 16:18:42:     [Player 1] draws a tile...
2019-02-07 16:18:44:     [Player 2] draws a tile...
2019-02-07 16:18:49:     [Player 3] draws a tile...
2019-02-07 16:18:51: 
2019-02-07 16:18:53: 
2019-02-07 16:18:55: 
2019-02-07 16:18:55:     Remaining tiles: 64
2019-02-07 16:18:55:     --------------------------------------------------
2019-02-07 16:18:55: 
2019-02-07 16:18:56:     [Player 1] draws a tile...
2019-02-07 16:18:58:     [Player 2] draws a tile...
2019-02-07 16:19:06:     [Player 3] draws a tile...
2019-02-07 16:19:08: 
2019-02-07 16:19:10: 
2019-02-07 16:19:10:     Remaining tiles: 60
2019-02-07 16:19:10:     --------------------------------------------------
2019-02-07 16:19:10: 
2019-02-07 16:19:11:     [Player 1] draws a tile...
2019-02-07 16:19:16:     [Player 2] draws a tile...
2019-02-07 16:19:24:     [Player 3] draws a tile...
2019-02-07 16:19:28: 
2019-02-07 16:19:32: 
2019-02-07 16:19:32:     Remaining tiles: 56
2019-02-07 16:19:32:     --------------------------------------------------
2019-02-07 16:19:32: 
2019-02-07 16:19:32:     [Player 1] draws a tile...
2019-02-07 16:19:37:     [Player 2] draws a tile...
2019-02-07 16:19:39:     [Player 3] draws a tile...
2019-02-07 16:19:43: 
2019-02-07 16:19:48: 
2019-02-07 16:19:48:     Remaining tiles: 52
2019-02-07 16:19:48:     --------------------------------------------------
2019-02-07 16:19:48: 
2019-02-07 16:19:49:     [Player 1] draws a tile...
2019-02-07 16:19:54:     [Player 2] draws a tile...
2019-02-07 16:20:04:     [Player 3] draws a tile...
2019-02-07 16:20:08: 
2019-02-07 16:20:12: 
2019-02-07 16:20:12:     Remaining tiles: 48
2019-02-07 16:20:12:     --------------------------------------------------
2019-02-07 16:20:12: 
2019-02-07 16:20:29:     [Player 1] draws a tile...
2019-02-07 16:20:32:     [Player 2] draws a tile...
2019-02-07 16:20:40:     [Player 3] draws a tile...
2019-02-07 16:20:50: 
2019-02-07 16:20:53: 
2019-02-07 16:20:53:     Remaining tiles: 44
2019-02-07 16:20:53:     --------------------------------------------------
2019-02-07 16:20:53: 
2019-02-07 16:20:56:     [Player 1] draws a tile...
2019-02-07 16:21:04:     [Player 2] draws a tile...
2019-02-07 16:21:07:     [Player 3] draws a tile...
2019-02-07 16:21:12: 
2019-02-07 16:21:14: 
2019-02-07 16:21:14:     Remaining tiles: 40
2019-02-07 16:21:14:     --------------------------------------------------
2019-02-07 16:21:14: 
2019-02-07 16:21:20:     [Player 1] draws a tile...
2019-02-07 16:21:28:     [Player 2] draws a tile...
2019-02-07 16:21:31:     [Player 3] draws a tile...
2019-02-07 16:21:36: 
2019-02-07 16:21:40: 
2019-02-07 16:21:40:     Remaining tiles: 36
2019-02-07 16:21:40:     --------------------------------------------------
2019-02-07 16:21:40: 
2019-02-07 16:21:46:     [Player 1] draws a tile...
2019-02-07 16:21:53:     [Player 2] draws a tile...
2019-02-07 16:21:59:     [Player 3] draws a tile...
2019-02-07 16:22:04: 
2019-02-07 16:22:07: 
2019-02-07 16:22:07:     Remaining tiles: 32
2019-02-07 16:22:07:     --------------------------------------------------
2019-02-07 16:22:07: 
2019-02-07 16:22:09:     [Player 1] draws a tile...
2019-02-07 16:22:16:     [Player 2] draws a tile...
2019-02-07 16:22:20:     [Player 3] draws a tile...
2019-02-07 16:22:31: 
2019-02-07 16:22:35: 
2019-02-07 16:22:35:     Remaining tiles: 28
2019-02-07 16:22:35:     --------------------------------------------------
2019-02-07 16:22:35: 
2019-02-07 16:22:35:     [Player 1] draws a tile...
2019-02-07 16:22:42:     [Player 2] draws a tile...
2019-02-07 16:22:51:     [Player 3] draws a tile...
2019-02-07 16:22:55: 
2019-02-07 16:22:57: 
2019-02-07 16:22:57:     Remaining tiles: 24
2019-02-07 16:22:57:     --------------------------------------------------
2019-02-07 16:22:57: 
2019-02-07 16:23:00:     [Player 1] draws a tile...
2019-02-07 16:23:07:     [Player 2] draws a tile...
2019-02-07 16:23:12: 
2019-02-07 16:23:15:     [Player 3] draws a tile...
2019-02-07 16:23:19: 
2019-02-07 16:23:22: 
2019-02-07 16:23:22:     Remaining tiles: 20
2019-02-07 16:23:22:     --------------------------------------------------
2019-02-07 16:23:22: 
2019-02-07 16:23:23:     [Player 1] draws a tile...
2019-02-07 16:23:31:     --------------------------------------------------
2019-02-07 16:23:31: 
2019-02-07 16:23:31:     <AGARI ba="0,1" hai="15,16,23,42,44,46,48,49,54,56,58,97,102,104" machi="48" ten="30,8000,1" yaku="1,1,2,1,7,1,54,1,53,1" doraHai="125,118" doraHaiUra="20,50" who="2" fromWho="1" sc="250,0,250,-80,240,90,250,0" />
2019-02-07 16:23:31: Unexpected exception
Traceback (most recent call last):
  File "C:\Users\j4903\Documents\MahjongAI\main.py", line 17, in connect_and_play
    return client.start_game()
  File "C:\Users\j4903\Documents\MahjongAI\client\tenhou_client.py", line 146, in start_game
    '<AGARI' in msg and self._handle_round_end(msg)
  File "C:\Users\j4903\Documents\MahjongAI\client\tenhou_client.py", line 404, in _handle_round_end
    self._round_end_info_to_file(res_str)
  File "C:\Users\j4903\Documents\MahjongAI\client\tenhou_client.py", line 748, in _round_end_info_to_file
    self.logger_obj.add_round_end_result(msg)
  File "C:\Users\j4903\Documents\MahjongAI\logger\logger_handler.py", line 57, in add_round_end_result
    open(self.scores_path, 'a').write(msg)
  File "C:\Users\j4903\AppData\Local\Programs\Python\Python37-32\lib\encodings\cp1252.py", line 19, in encode
    return codecs.charmap_encode(input,self.errors,encoding_table)[0]
UnicodeEncodeError: 'charmap' codec can't encode character '\U0001f01c' in position 89: character maps to <undefined>
2019-02-07 16:23:31: End the game...
2019-02-07 16:23:31:     Game was ended unexpected
2019-02-07 16:23:31: 
