2019-02-07 12:18:31:     User(ID76B06F13-c3mhaFM4) was authenticated successfully
2019-02-07 12:18:33:     Game type = "Red bonus tile" : True, "Open tanyao" : True, "Game  length" : tonpusen
2019-02-07 12:18:33:     A new game started!
2019-02-07 12:18:33:     The replay link can be found here: http://tenhou.net/0/?log=2019020805gm-0001-0000-e26a3006&tw=3
2019-02-07 12:18:37:     --------------------------------------------------
2019-02-07 12:18:37:  
2019-02-07 12:18:37:     [Player 1] draws a tile...
2019-02-07 12:18:42:     [Player 2] draws a tile...
2019-02-07 12:18:52: 
2019-02-07 12:18:55: 
2019-02-07 12:18:55:     Remaining tiles: 67
2019-02-07 12:18:55:     --------------------------------------------------
2019-02-07 12:18:55: 
2019-02-07 12:18:57:     [Player 1] draws a tile...
2019-02-07 12:19:02:     [Player 2] draws a tile...
2019-02-07 12:19:05:     [Player 3] draws a tile...
2019-02-07 12:19:07: 
2019-02-07 12:19:11: 
2019-02-07 12:19:11:     Remaining tiles: 63
2019-02-07 12:19:11:     --------------------------------------------------
2019-02-07 12:19:11: 
2019-02-07 12:19:12:     [Player 1] draws a tile...
2019-02-07 12:19:16:     [Player 2] draws a tile...
2019-02-07 12:19:18:     [Player 3] draws a tile...
2019-02-07 12:19:21: 
2019-02-07 12:19:23: 
2019-02-07 12:19:23:     Remaining tiles: 59
2019-02-07 12:19:23:     --------------------------------------------------
2019-02-07 12:19:23: 
2019-02-07 12:19:24:     [Player 1] draws a tile...
2019-02-07 12:19:28:     [Player 2] draws a tile...
2019-02-07 12:19:30:     [Player 3] draws a tile...
2019-02-07 12:19:34: 
2019-02-07 12:19:36: 
2019-02-07 12:19:36:     Remaining tiles: 55
2019-02-07 12:19:36:     --------------------------------------------------
2019-02-07 12:19:36: 
2019-02-07 12:19:37:     [Player 1] draws a tile...
2019-02-07 12:19:44:     [Player 2] draws a tile...
2019-02-07 12:19:45:     [Player 3] draws a tile...
2019-02-07 12:19:46: 
2019-02-07 12:19:49: 
2019-02-07 12:19:49:     Remaining tiles: 51
2019-02-07 12:19:49:     --------------------------------------------------
2019-02-07 12:19:49: 
2019-02-07 12:19:50:     [Player 1] draws a tile...
2019-02-07 12:19:53:     [Player 2] draws a tile...
2019-02-07 12:19:55:     [Player 3] draws a tile...
2019-02-07 12:19:58: 
2019-02-07 12:20:01: 
2019-02-07 12:20:01:     Remaining tiles: 47
2019-02-07 12:20:01:     --------------------------------------------------
2019-02-07 12:20:01: 
2019-02-07 12:20:05:     [Player 1] draws a tile...
2019-02-07 12:20:11:     [Player 2] draws a tile...
2019-02-07 12:20:13:     [Player 3] draws a tile...
2019-02-07 12:20:15: 
2019-02-07 12:20:19: 
2019-02-07 12:20:19:     Remaining tiles: 43
2019-02-07 12:20:19:     --------------------------------------------------
2019-02-07 12:20:19: 
2019-02-07 12:20:19:     [Player 1] draws a tile...
2019-02-07 12:20:24: 
2019-02-07 12:20:27: 
2019-02-07 12:20:27:     Remaining tiles: 41
2019-02-07 12:20:27:     --------------------------------------------------
2019-02-07 12:20:27: 
2019-02-07 12:20:27:     [Player 1] draws a tile...
2019-02-07 12:20:31:     [Player 2] draws a tile...
2019-02-07 12:20:35:     [Player 3] draws a tile...
2019-02-07 12:20:38: 
2019-02-07 12:20:41: 
2019-02-07 12:20:41:     Remaining tiles: 37
2019-02-07 12:20:41:     --------------------------------------------------
2019-02-07 12:20:41: 
2019-02-07 12:20:41:     [Player 1] draws a tile...
2019-02-07 12:20:44:     [Player 2] draws a tile...
2019-02-07 12:20:46:     [Player 3] draws a tile...
2019-02-07 12:20:48: 
2019-02-07 12:20:51: 
2019-02-07 12:20:51:     Remaining tiles: 33
2019-02-07 12:20:51:     --------------------------------------------------
2019-02-07 12:20:51: 
2019-02-07 12:20:51:     [Player 1] draws a tile...
2019-02-07 12:20:53:     [Player 2] draws a tile...
2019-02-07 12:20:58: 
2019-02-07 12:21:01: 
2019-02-07 12:21:01:     Remaining tiles: 30
2019-02-07 12:21:01:     --------------------------------------------------
2019-02-07 12:21:01: 
2019-02-07 12:21:02:     [Player 1] draws a tile...
2019-02-07 12:21:05:     [Player 2] draws a tile...
2019-02-07 12:21:12:     [Player 3] draws a tile...
2019-02-07 12:21:16: 
2019-02-07 12:21:18: 
2019-02-07 12:21:18:     Remaining tiles: 26
2019-02-07 12:21:18:     --------------------------------------------------
2019-02-07 12:21:18: 
2019-02-07 12:21:19:     [Player 1] draws a tile...
2019-02-07 12:21:21:     [Player 2] draws a tile...
2019-02-07 12:21:24:     [Player 3] draws a tile...
2019-02-07 12:21:26: 
2019-02-07 12:21:29: 
2019-02-07 12:21:29:     Remaining tiles: 22
2019-02-07 12:21:29:     --------------------------------------------------
2019-02-07 12:21:29: 
2019-02-07 12:21:29:     [Player 1] draws a tile...
2019-02-07 12:21:31: 
2019-02-07 12:21:33:     [Player 2] draws a tile...
2019-02-07 12:21:35:     [Player 3] draws a tile...
2019-02-07 12:21:37: 
2019-02-07 12:21:39: 
2019-02-07 12:21:39:     Remaining tiles: 18
2019-02-07 12:21:39:     --------------------------------------------------
2019-02-07 12:21:39: 
2019-02-07 12:21:40:     [Player 1] draws a tile...
2019-02-07 12:21:44:     [Player 3] draws a tile...
2019-02-07 12:21:45: 
2019-02-07 12:21:48: 
2019-02-07 12:21:48:     Remaining tiles: 15
2019-02-07 12:21:48:     --------------------------------------------------
2019-02-07 12:21:48: 
2019-02-07 12:21:50:     --------------------------------------------------
2019-02-07 12:21:50: 
2019-02-07 12:21:50:     <AGARI ba="0,1" hai="12,14,15,18,20,23,27,31,44,45,47" m="25195" machi="27" ten="30,1000,0" yaku="8,1" doraHai="114" who="2" fromWho="0" sc="250,-10,240,0,250,20,250,0" />
2019-02-07 12:21:50: Unexpected exception
Traceback (most recent call last):
  File "c:\Users\j4903\Documents\MahjongAI\main.py", line 17, in connect_and_play
    return client.start_game()
  File "c:\Users\j4903\Documents\MahjongAI\client\tenhou_client.py", line 146, in start_game
    '<AGARI' in msg and self._handle_round_end(msg)
  File "c:\Users\j4903\Documents\MahjongAI\client\tenhou_client.py", line 404, in _handle_round_end
    self._round_end_info_to_file(res_str)
  File "c:\Users\j4903\Documents\MahjongAI\client\tenhou_client.py", line 748, in _round_end_info_to_file
    self.logger_obj.add_round_end_result(msg)
  File "c:\Users\j4903\Documents\MahjongAI\logger\logger_handler.py", line 57, in add_round_end_result
    open(self.scores_path, 'a').write(msg)
  File "C:\Users\j4903\AppData\Local\Programs\Python\Python37-32\lib\encodings\cp1252.py", line 19, in encode
    return codecs.charmap_encode(input,self.errors,encoding_table)[0]
UnicodeEncodeError: 'charmap' codec can't encode character '\U0001f00d' in position 80: character maps to <undefined>
2019-02-07 12:21:50: End the game...
2019-02-07 12:21:50:     Game was ended unexpected
2019-02-07 12:21:50: 
