2019-02-07 11:39:45:     Reconnected successfully!
2019-02-07 11:39:46:     Game type = "Red bonus tile" : True, "Open tanyao" : True, "Game  length" : tonpusen
2019-02-07 11:39:47:     Reconnected. Resuming game state...
2019-02-07 11:39:52:     --------------------------------------------------
2019-02-07 11:39:52:  
2019-02-07 11:39:52:     [Player 3] draws a tile...
2019-02-07 11:39:54: 
2019-02-07 11:39:58: 
2019-02-07 11:39:58:     Remaining tiles: 66
2019-02-07 11:39:58:     --------------------------------------------------
2019-02-07 11:39:58: 
2019-02-07 11:39:59:     [Player 1] draws a tile...
2019-02-07 11:40:00:     [Player 2] draws a tile...
2019-02-07 11:40:01:     [Player 3] draws a tile...
2019-02-07 11:40:03: 
2019-02-07 11:40:07: 
2019-02-07 11:40:07:     Remaining tiles: 62
2019-02-07 11:40:07:     --------------------------------------------------
2019-02-07 11:40:07: 
2019-02-07 11:40:07:     [Player 1] draws a tile...
2019-02-07 11:40:10:     [Player 2] draws a tile...
2019-02-07 11:40:16: 
2019-02-07 11:40:17: 
2019-02-07 11:40:17:     Remaining tiles: 59
2019-02-07 11:40:17:     --------------------------------------------------
2019-02-07 11:40:17: 
2019-02-07 11:40:18:     [Player 1] draws a tile...
2019-02-07 11:40:23:     [Player 2] draws a tile...
2019-02-07 11:40:25:     [Player 3] draws a tile...
2019-02-07 11:40:26: 
2019-02-07 11:40:30: 
2019-02-07 11:40:30:     Remaining tiles: 55
2019-02-07 11:40:30:     --------------------------------------------------
2019-02-07 11:40:30: 
2019-02-07 11:40:31:     [Player 1] draws a tile...
2019-02-07 11:40:39:     [Player 2] draws a tile...
2019-02-07 11:40:42:     [Player 3] draws a tile...
2019-02-07 11:40:43: 
2019-02-07 11:40:46: 
2019-02-07 11:40:46:     Remaining tiles: 51
2019-02-07 11:40:46:     --------------------------------------------------
2019-02-07 11:40:46: 
2019-02-07 11:40:58:     [Player 1] draws a tile...
2019-02-07 11:41:06:     [Player 2] draws a tile...
2019-02-07 11:41:37: Socket connection might be shut down... 31s
2019-02-07 11:41:37:     Game was ended unexpected
2019-02-07 11:41:37: 
