2019-02-07 12:12:26:     Reconnected successfully!
2019-02-07 12:12:27:     Game type = "Red bonus tile" : True, "Open tanyao" : True, "Game  length" : tonpusen
2019-02-07 12:12:27:     Reconnected. Resuming game state...
2019-02-07 12:12:28:     --------------------------------------------------
2019-02-07 12:12:28:  
2019-02-07 12:12:28: 
2019-02-07 12:12:31: 
2019-02-07 12:12:31:     Remaining tiles: 66
2019-02-07 12:12:31:     --------------------------------------------------
2019-02-07 12:12:31: 
2019-02-07 12:12:32:     [Player 1] draws a tile...
2019-02-07 12:12:34:     [Player 2] draws a tile...
2019-02-07 12:12:40:     [Player 3] draws a tile...
2019-02-07 12:12:42: 
2019-02-07 12:12:44: 
2019-02-07 12:12:44:     Remaining tiles: 62
2019-02-07 12:12:44:     --------------------------------------------------
2019-02-07 12:12:44: 
2019-02-07 12:12:45:     [Player 1] draws a tile...
2019-02-07 12:12:47:     [Player 2] draws a tile...
2019-02-07 12:12:55: 
2019-02-07 12:12:57: 
2019-02-07 12:12:57:     Remaining tiles: 59
2019-02-07 12:12:57:     --------------------------------------------------
2019-02-07 12:12:57: 
2019-02-07 12:12:58:     [Player 1] draws a tile...
2019-02-07 12:13:07:     [Player 2] draws a tile...
2019-02-07 12:13:09:     [Player 3] draws a tile...
2019-02-07 12:13:13: 
2019-02-07 12:13:15:     [Player 1] draws a tile...
2019-02-07 12:13:17:     [Player 2] draws a tile...
2019-02-07 12:13:26:     [Player 3] draws a tile...
2019-02-07 12:13:28: 
2019-02-07 12:13:30: 
2019-02-07 12:13:30:     Remaining tiles: 52
2019-02-07 12:13:30:     --------------------------------------------------
2019-02-07 12:13:30: 
2019-02-07 12:13:31:     [Player 1] draws a tile...
2019-02-07 12:13:37:     [Player 2] draws a tile...
2019-02-07 12:13:40:     [Player 3] draws a tile...
2019-02-07 12:13:45: 
2019-02-07 12:13:45:     [Player 1] draws a tile...
2019-02-07 12:13:48:     [Player 2] draws a tile...
2019-02-07 12:13:49:     [Player 3] draws a tile...
2019-02-07 12:13:59: 
2019-02-07 12:14:00: 
2019-02-07 12:14:00:     Remaining tiles: 45
2019-02-07 12:14:00:     --------------------------------------------------
2019-02-07 12:14:00: 
2019-02-07 12:14:02:     [Player 1] draws a tile...
2019-02-07 12:14:08:     [Player 2] draws a tile...
2019-02-07 12:14:13:     [Player 3] draws a tile...
2019-02-07 12:14:15: 
2019-02-07 12:14:18: 
2019-02-07 12:14:18:     Remaining tiles: 41
2019-02-07 12:14:18:     --------------------------------------------------
2019-02-07 12:14:18: 
2019-02-07 12:14:19:     [Player 1] draws a tile...
2019-02-07 12:14:35:     [Player 3] draws a tile...
2019-02-07 12:15:06: Socket connection might be shut down... 31s
2019-02-07 12:15:06:     Game was ended unexpected
2019-02-07 12:15:06: 
