2019-02-07 10:53:16:     User(ID76B06F13-c3mhaFM4) was authenticated successfully
2019-02-07 10:54:15:     Game type = "Red bonus tile" : True, "Open tanyao" : True, "Game  length" : tonpusen
2019-02-07 10:54:15:     A new game started!
2019-02-07 10:54:15:     The replay link can be found here: http://tenhou.net/0/?log=2019020803gm-0001-0000-60d0ca50&tw=0
2019-02-07 10:54:15:     Players are: [weavile - 新人 - None, WorthIt - 1 - None, jsuzy - 四段 - None, 浅野忠信ぞね - 三段 - None]
2019-02-07 10:54:23:     --------------------------------------------------
2019-02-07 10:54:23:     Players: [weavile - 新人 - 25000, WorthIt - 1 - 25000, jsuzy - 四段 - 25000, 浅野忠信ぞね - 三段 - 25000]
2019-02-07 10:54:23:     Dealer: weavile - 新人 - 25000
2019-02-07 10:54:23:  
2019-02-07 10:54:23: 
2019-02-07 10:54:25: 
2019-02-07 10:54:25:     Remaining tiles: 69
2019-02-07 10:54:25:     --------------------------------------------------
2019-02-07 10:54:25: 
2019-02-07 10:54:26:     [Player 1] draws a tile...
2019-02-07 10:54:26:     [Player 1] draws a tile...
2019-02-07 10:54:30:     [Player 2] draws a tile...
2019-02-07 10:54:31:     [Player 3] draws a tile...
2019-02-07 10:54:35: 
2019-02-07 10:54:38: 
2019-02-07 10:54:38:     Remaining tiles: 65
2019-02-07 10:54:38:     --------------------------------------------------
2019-02-07 10:54:38: 
2019-02-07 10:54:40:     [Player 1] draws a tile...
2019-02-07 10:54:42:     [Player 2] draws a tile...
2019-02-07 10:54:44:     [Player 3] draws a tile...
2019-02-07 10:54:46: 
2019-02-07 10:54:49: 
2019-02-07 10:54:49:     Remaining tiles: 61
2019-02-07 10:54:49:     --------------------------------------------------
2019-02-07 10:54:49: 
2019-02-07 10:54:50:     [Player 1] draws a tile...
2019-02-07 10:54:52:     [Player 2] draws a tile...
2019-02-07 10:54:56:     [Player 3] draws a tile...
2019-02-07 10:54:59: 
2019-02-07 10:55:01: 
2019-02-07 10:55:01:     Remaining tiles: 57
2019-02-07 10:55:01:     --------------------------------------------------
2019-02-07 10:55:01: 
2019-02-07 10:55:02:     [Player 1] draws a tile...
2019-02-07 10:55:06:     [Player 2] draws a tile...
2019-02-07 10:55:08:     [Player 3] draws a tile...
2019-02-07 10:55:10: 
2019-02-07 10:55:14: 
2019-02-07 10:55:14:     Remaining tiles: 53
2019-02-07 10:55:14:     --------------------------------------------------
2019-02-07 10:55:14: 
2019-02-07 10:55:18:     [Player 1] draws a tile...
2019-02-07 10:55:20:     [Player 2] draws a tile...
2019-02-07 10:55:25:     [Player 3] draws a tile...
2019-02-07 10:55:26: 
2019-02-07 10:55:28: 
2019-02-07 10:55:28:     Remaining tiles: 49
2019-02-07 10:55:28:     --------------------------------------------------
2019-02-07 10:55:28: 
2019-02-07 10:55:29:     [Player 1] draws a tile...
2019-02-07 10:55:31:     [Player 2] draws a tile...
2019-02-07 10:55:33:     [Player 3] draws a tile...
2019-02-07 10:55:34: 
2019-02-07 10:55:36: 
2019-02-07 10:55:36:     Remaining tiles: 45
2019-02-07 10:55:36:     --------------------------------------------------
2019-02-07 10:55:36: 
2019-02-07 10:55:37:     [Player 1] draws a tile...
2019-02-07 10:55:39:     [Player 2] draws a tile...
2019-02-07 10:55:41:     [Player 3] draws a tile...
2019-02-07 10:55:43: 
2019-02-07 10:55:46: 
2019-02-07 10:55:46:     Remaining tiles: 41
2019-02-07 10:55:46:     --------------------------------------------------
2019-02-07 10:55:46: 
2019-02-07 10:55:48:     [Player 1] draws a tile...
2019-02-07 10:55:52:     [Player 2] draws a tile...
2019-02-07 10:55:55:     [Player 3] draws a tile...
2019-02-07 10:55:59: 
2019-02-07 10:56:02: 
2019-02-07 10:56:02:     Remaining tiles: 37
2019-02-07 10:56:02:     --------------------------------------------------
2019-02-07 10:56:02: 
2019-02-07 10:56:02:     [Player 1] draws a tile...
2019-02-07 10:56:04:     [Player 2] draws a tile...
2019-02-07 10:56:08:     [Player 3] draws a tile...
2019-02-07 10:56:09: 
2019-02-07 10:56:13: 
2019-02-07 10:56:13:     Remaining tiles: 33
2019-02-07 10:56:13:     --------------------------------------------------
2019-02-07 10:56:13: 
2019-02-07 10:56:13:     [Player 1] draws a tile...
2019-02-07 10:56:15:     Reach was called by 1-th player: WorthIt - 1 - 25000
2019-02-07 10:56:15: 
2019-02-07 10:56:18:     [Player 2] draws a tile...
2019-02-07 10:56:23:     [Player 3] draws a tile...
2019-02-07 10:56:32: 
2019-02-07 10:56:36: 
2019-02-07 10:56:36:     Remaining tiles: 29
2019-02-07 10:56:36:     --------------------------------------------------
2019-02-07 10:56:36: 
2019-02-07 10:56:36:     [Player 1] draws a tile...
2019-02-07 10:56:39:     [Player 2] draws a tile...
2019-02-07 10:56:40:     [Player 3] draws a tile...
2019-02-07 10:56:45: 
2019-02-07 10:56:47: 
2019-02-07 10:56:47:     Remaining tiles: 25
2019-02-07 10:56:47:     --------------------------------------------------
2019-02-07 10:56:47: 
2019-02-07 10:56:48:     [Player 1] draws a tile...
2019-02-07 10:56:51:     --------------------------------------------------
2019-02-07 10:56:51: 
2019-02-07 10:56:51:     <AGARI ba="0,1" hai="46,49,54,56,57,58,78,79,84,85,90,91,92,94" machi="54" ten="40,2600,0" yaku="9,1,8,1" doraHai="124" who="3" fromWho="1" sc="250,0,240,-26,250,0,250,36" />
2019-02-07 10:56:51: Unexpected exception
Traceback (most recent call last):
  File "c:\Users\j4903\Documents\MahjongAI\main.py", line 17, in connect_and_play
    return client.start_game()
  File "c:\Users\j4903\Documents\MahjongAI\client\tenhou_client.py", line 146, in start_game
    '<AGARI' in msg and self._handle_round_end(msg)
  File "c:\Users\j4903\Documents\MahjongAI\client\tenhou_client.py", line 404, in _handle_round_end
    self._round_end_info_to_file(res_str)
  File "c:\Users\j4903\Documents\MahjongAI\client\tenhou_client.py", line 748, in _round_end_info_to_file
    self.logger_obj.add_round_end_result(msg)
  File "c:\Users\j4903\Documents\MahjongAI\logger\logger_handler.py", line 57, in add_round_end_result
    open(self.scores_path, 'a').write(msg)
UnicodeEncodeError: 'gbk' codec can't encode character '\U0001f01d' in position 89: illegal multibyte sequence
2019-02-07 10:56:51: End the game...
2019-02-07 10:56:51:     Game was ended unexpected
2019-02-07 10:56:51: 
