2019-02-07 12:01:09:     Reconnected successfully!
2019-02-07 12:01:10:     Game type = "Red bonus tile" : True, "Open tanyao" : True, "Game  length" : tonpusen
2019-02-07 12:01:10:     Reconnected. Resuming game state...
2019-02-07 12:01:12:     --------------------------------------------------
2019-02-07 12:01:13:  
2019-02-07 12:01:14:     [Player 3] draws a tile...
2019-02-07 12:01:17: 
2019-02-07 12:01:19: 
2019-02-07 12:01:19:     Remaining tiles: 64
2019-02-07 12:01:19:     --------------------------------------------------
2019-02-07 12:01:19: 
2019-02-07 12:01:19:     [Player 1] draws a tile...
2019-02-07 12:01:31: 
2019-02-07 12:01:34: 
2019-02-07 12:01:34:     Remaining tiles: 62
2019-02-07 12:01:34:     --------------------------------------------------
2019-02-07 12:01:34: 
2019-02-07 12:01:36:     [Player 1] draws a tile...
2019-02-07 12:01:42:     [Player 2] draws a tile...
2019-02-07 12:01:47:     [Player 3] draws a tile...
2019-02-07 12:01:49: 
2019-02-07 12:01:51: 
2019-02-07 12:01:51:     Remaining tiles: 58
2019-02-07 12:01:51:     --------------------------------------------------
2019-02-07 12:01:51: 
2019-02-07 12:01:52:     [Player 1] draws a tile...
2019-02-07 12:01:56:     [Player 2] draws a tile...
2019-02-07 12:02:04:     [Player 3] draws a tile...
2019-02-07 12:02:06: 
2019-02-07 12:02:08: 
2019-02-07 12:02:08:     Remaining tiles: 54
2019-02-07 12:02:08:     --------------------------------------------------
2019-02-07 12:02:08: 
2019-02-07 12:02:09:     [Player 1] draws a tile...
2019-02-07 12:02:13:     [Player 2] draws a tile...
2019-02-07 12:02:17:     [Player 3] draws a tile...
2019-02-07 12:02:19: 
2019-02-07 12:02:21: 
2019-02-07 12:02:21:     Remaining tiles: 50
2019-02-07 12:02:21:     --------------------------------------------------
2019-02-07 12:02:21: 
2019-02-07 12:02:22:     [Player 1] draws a tile...
2019-02-07 12:02:25:     [Player 2] draws a tile...
2019-02-07 12:02:32:     [Player 3] draws a tile...
2019-02-07 12:02:34: 
2019-02-07 12:02:37: 
2019-02-07 12:02:37:     Remaining tiles: 46
2019-02-07 12:02:37:     --------------------------------------------------
2019-02-07 12:02:37: 
2019-02-07 12:02:40: 
2019-02-07 12:02:44: 
2019-02-07 12:02:44:     Remaining tiles: 45
2019-02-07 12:02:44:     --------------------------------------------------
2019-02-07 12:02:44: 
2019-02-07 12:02:44:     [Player 1] draws a tile...
2019-02-07 12:02:56:     [Player 2] draws a tile...
2019-02-07 12:03:00:     [Player 3] draws a tile...
2019-02-07 12:03:02: 
2019-02-07 12:03:06: 
2019-02-07 12:03:06:     Remaining tiles: 41
2019-02-07 12:03:06:     --------------------------------------------------
2019-02-07 12:03:06: 
2019-02-07 12:03:38: Socket connection might be shut down... 31s
2019-02-07 12:03:38:     Game was ended unexpected
2019-02-07 12:03:38: 
