2019-02-07 11:36:11:     Reconnected successfully!
2019-02-07 11:36:11:     Game type = "Red bonus tile" : True, "Open tanyao" : True, "Game  length" : tonpusen
2019-02-07 11:36:12:     Reconnected. Resuming game state...
2019-02-07 11:36:13:     --------------------------------------------------
2019-02-07 11:36:13:  
2019-02-07 11:36:14:     [Player 3] draws a tile...
2019-02-07 11:36:17: 
2019-02-07 11:36:19: 
2019-02-07 11:36:19:     Remaining tiles: 66
2019-02-07 11:36:19:     --------------------------------------------------
2019-02-07 11:36:19: 
2019-02-07 11:36:20:     [Player 1] draws a tile...
2019-02-07 11:36:24:     [Player 2] draws a tile...
2019-02-07 11:36:25:     [Player 3] draws a tile...
2019-02-07 11:36:32: 
2019-02-07 11:36:36: 
2019-02-07 11:36:36:     Remaining tiles: 62
2019-02-07 11:36:36:     --------------------------------------------------
2019-02-07 11:36:36: 
2019-02-07 11:36:36:     [Player 1] draws a tile...
2019-02-07 11:36:44:     [Player 2] draws a tile...
2019-02-07 11:36:44:     [Player 3] draws a tile...
2019-02-07 11:36:46: 
2019-02-07 11:36:48: 
2019-02-07 11:36:48:     Remaining tiles: 58
2019-02-07 11:36:48:     --------------------------------------------------
2019-02-07 11:36:48: 
2019-02-07 11:36:49:     [Player 1] draws a tile...
2019-02-07 11:36:52:     [Player 2] draws a tile...
2019-02-07 11:36:54:     [Player 3] draws a tile...
2019-02-07 11:36:55: 
2019-02-07 11:36:57: 
2019-02-07 11:36:57:     Remaining tiles: 54
2019-02-07 11:36:57:     --------------------------------------------------
2019-02-07 11:36:57: 
2019-02-07 11:36:58:     [Player 1] draws a tile...
2019-02-07 11:37:01:     [Player 2] draws a tile...
2019-02-07 11:37:03:     [Player 3] draws a tile...
2019-02-07 11:37:05: 
2019-02-07 11:37:09: 
2019-02-07 11:37:09:     Remaining tiles: 50
2019-02-07 11:37:09:     --------------------------------------------------
2019-02-07 11:37:09: 
2019-02-07 11:37:09:     [Player 1] draws a tile...
2019-02-07 11:37:11:     [Player 2] draws a tile...
2019-02-07 11:37:14:     [Player 3] draws a tile...
2019-02-07 11:37:18: 
2019-02-07 11:37:20: 
2019-02-07 11:37:20:     Remaining tiles: 46
2019-02-07 11:37:20:     --------------------------------------------------
2019-02-07 11:37:20: 
2019-02-07 11:37:21:     [Player 1] draws a tile...
2019-02-07 11:37:22:     [Player 2] draws a tile...
2019-02-07 11:37:26:     [Player 3] draws a tile...
2019-02-07 11:37:33: 
2019-02-07 11:37:35: 
2019-02-07 11:37:35:     Remaining tiles: 42
2019-02-07 11:37:35:     --------------------------------------------------
2019-02-07 11:37:35: 
2019-02-07 11:37:36:     [Player 1] draws a tile...
2019-02-07 11:37:39:     [Player 2] draws a tile...
2019-02-07 11:37:51:     [Player 2] draws a tile...
