2019-02-07 14:58:54:     User(ID76B06F13-c3mhaFM4) was authenticated successfully
2019-02-07 14:59:10:     Game type = "Red bonus tile" : True, "Open tanyao" : True, "Game  length" : tonnansen
2019-02-07 14:59:10:     A new game started!
2019-02-07 14:59:10:     The replay link can be found here: http://tenhou.net/0/?log=2019020807gm-0089-0000-080c87cc&tw=2
2019-02-07 14:59:14:     --------------------------------------------------
2019-02-07 14:59:14:  
2019-02-07 14:59:14:     [Player 2] draws a tile...
2019-02-07 14:59:26:     [Player 3] draws a tile...
2019-02-07 14:59:27: 
2019-02-07 14:59:30: 
2019-02-07 14:59:30:     Remaining tiles: 67
2019-02-07 14:59:30:     --------------------------------------------------
2019-02-07 14:59:30: 
2019-02-07 14:59:35:     [Player 3] draws a tile...
2019-02-07 14:59:36: 
2019-02-07 14:59:38: 
2019-02-07 14:59:38:     Remaining tiles: 65
2019-02-07 14:59:38:     --------------------------------------------------
2019-02-07 14:59:38: 
2019-02-07 14:59:39:     [Player 1] draws a tile...
2019-02-07 14:59:41:     [Player 2] draws a tile...
2019-02-07 14:59:45:     [Player 3] draws a tile...
2019-02-07 14:59:47: 
2019-02-07 14:59:50: 
2019-02-07 14:59:50:     Remaining tiles: 61
2019-02-07 14:59:50:     --------------------------------------------------
2019-02-07 14:59:50: 
2019-02-07 14:59:50:     [Player 1] draws a tile...
2019-02-07 14:59:53:     [Player 2] draws a tile...
2019-02-07 14:59:55:     [Player 3] draws a tile...
2019-02-07 15:00:00:     [Player 3] draws a tile...
2019-02-07 15:00:03: 
2019-02-07 15:00:06: 
2019-02-07 15:00:06:     Remaining tiles: 56
2019-02-07 15:00:06:     --------------------------------------------------
2019-02-07 15:00:06: 
2019-02-07 15:00:07:     [Player 1] draws a tile...
2019-02-07 15:00:08:     [Player 2] draws a tile...
2019-02-07 15:00:11:     [Player 3] draws a tile...
2019-02-07 15:00:13: 
2019-02-07 15:00:15: 
2019-02-07 15:00:15:     Remaining tiles: 52
2019-02-07 15:00:15:     --------------------------------------------------
2019-02-07 15:00:15: 
2019-02-07 15:00:16:     [Player 1] draws a tile...
2019-02-07 15:00:26:     [Player 2] draws a tile...
2019-02-07 15:00:31:     [Player 3] draws a tile...
2019-02-07 15:00:34: 
2019-02-07 15:00:38: 
2019-02-07 15:00:38:     Remaining tiles: 48
2019-02-07 15:00:38:     --------------------------------------------------
2019-02-07 15:00:38: 
2019-02-07 15:00:39:     [Player 1] draws a tile...
2019-02-07 15:00:45:     [Player 2] draws a tile...
2019-02-07 15:00:48:     [Player 3] draws a tile...
2019-02-07 15:00:51: 
2019-02-07 15:00:55: 
2019-02-07 15:00:55:     Remaining tiles: 44
2019-02-07 15:00:55:     --------------------------------------------------
2019-02-07 15:00:55: 
2019-02-07 15:00:56:     [Player 1] draws a tile...
2019-02-07 15:01:04:     [Player 2] draws a tile...
2019-02-07 15:01:10:     [Player 3] draws a tile...
2019-02-07 15:01:12: 
2019-02-07 15:01:17: 
2019-02-07 15:01:17:     Remaining tiles: 40
2019-02-07 15:01:17:     --------------------------------------------------
2019-02-07 15:01:17: 
2019-02-07 15:01:17:     [Player 1] draws a tile...
2019-02-07 15:01:22:     [Player 2] draws a tile...
2019-02-07 15:01:24:     [Player 3] draws a tile...
2019-02-07 15:01:29: 
2019-02-07 15:01:32: 
2019-02-07 15:01:32:     Remaining tiles: 36
2019-02-07 15:01:32:     --------------------------------------------------
2019-02-07 15:01:32: 
2019-02-07 15:01:33:     [Player 1] draws a tile...
2019-02-07 15:01:35:     [Player 2] draws a tile...
2019-02-07 15:01:41: 
2019-02-07 15:01:45: 
2019-02-07 15:01:45:     Remaining tiles: 33
2019-02-07 15:01:45:     --------------------------------------------------
2019-02-07 15:01:45: 
2019-02-07 15:01:46:     [Player 1] draws a tile...
2019-02-07 15:01:48:     [Player 2] draws a tile...
2019-02-07 15:01:50:     [Player 3] draws a tile...
2019-02-07 15:01:52: 
2019-02-07 15:01:56: 
2019-02-07 15:01:56:     Remaining tiles: 29
2019-02-07 15:01:56:     --------------------------------------------------
2019-02-07 15:01:56: 
2019-02-07 15:01:58:     [Player 1] draws a tile...
2019-02-07 15:02:05:     [Player 2] draws a tile...
2019-02-07 15:02:08:     [Player 3] draws a tile...
2019-02-07 15:02:11: 
2019-02-07 15:02:15: 
2019-02-07 15:02:15:     Remaining tiles: 25
2019-02-07 15:02:15:     --------------------------------------------------
2019-02-07 15:02:15: 
2019-02-07 15:02:18:     [Player 1] draws a tile...
2019-02-07 15:02:25:     [Player 2] draws a tile...
2019-02-07 15:02:27:     [Player 3] draws a tile...
2019-02-07 15:02:29: 
2019-02-07 15:02:32: 
2019-02-07 15:02:32:     Remaining tiles: 21
2019-02-07 15:02:32:     --------------------------------------------------
2019-02-07 15:02:32: 
2019-02-07 15:02:33:     [Player 1] draws a tile...
2019-02-07 15:02:35:     [Player 2] draws a tile...
2019-02-07 15:02:39:     --------------------------------------------------
2019-02-07 15:02:39: 
2019-02-07 15:02:39:     <AGARI ba="0,0" hai="5,10,14,54,59,60,88,90,91,92,94" m="12415" machi="90" ten="30,2000,0" yaku="8,1,54,1" doraHai="128" who="3" fromWho="2" sc="250,0,250,0,250,-20,250,20" />
2019-02-07 15:02:39: Unexpected exception
Traceback (most recent call last):
  File "C:\Users\j4903\Documents\MahjongAI\main.py", line 17, in connect_and_play
    return client.start_game()
  File "C:\Users\j4903\Documents\MahjongAI\client\tenhou_client.py", line 146, in start_game
    '<AGARI' in msg and self._handle_round_end(msg)
  File "C:\Users\j4903\Documents\MahjongAI\client\tenhou_client.py", line 404, in _handle_round_end
    self._round_end_info_to_file(res_str)
  File "C:\Users\j4903\Documents\MahjongAI\client\tenhou_client.py", line 748, in _round_end_info_to_file
    self.logger_obj.add_round_end_result(msg)
  File "C:\Users\j4903\Documents\MahjongAI\logger\logger_handler.py", line 57, in add_round_end_result
    open(self.scores_path, 'a').write(msg)
  File "C:\Users\j4903\AppData\Local\Programs\Python\Python37-32\lib\encodings\cp1252.py", line 19, in encode
    return codecs.charmap_encode(input,self.errors,encoding_table)[0]
UnicodeEncodeError: 'charmap' codec can't encode character '\U0001f014' in position 81: character maps to <undefined>
2019-02-07 15:02:39: End the game...
2019-02-07 15:02:39:     Game was ended unexpected
2019-02-07 15:02:39: 
