2019-02-07 19:02:53: test
2019-02-07 19:02:56: test
2019-02-07 19:02:56: test
2019-02-07 19:03:01: test
2019-02-07 19:03:01: test
2019-02-07 19:03:02: test
2019-02-07 19:03:02: test
2019-02-07 19:03:02: test
2019-02-07 19:03:02: test
2019-02-07 19:03:02: test
2019-02-07 19:03:11: test
2019-02-07 19:03:11: test
2019-02-07 19:03:11: test
2019-02-07 19:03:11: test
2019-02-07 19:03:11: test
2019-02-07 19:03:11: test
2019-02-07 19:03:11: test
2019-02-07 19:03:11: test
2019-02-07 19:03:20: test
2019-02-07 19:03:20: test
2019-02-07 19:03:29: test
2019-02-07 19:03:31: test
2019-02-07 19:03:31: test
2019-02-07 19:03:32: test
2019-02-07 19:03:32: test
2019-02-07 19:03:34: test
2019-02-07 19:03:34: test
2019-02-07 19:03:34: test
2019-02-07 19:03:34: test
2019-02-07 19:03:34: test
2019-02-07 19:03:34: test
2019-02-07 19:03:34: test
2019-02-07 19:03:35: test
2019-02-07 19:03:38: test
2019-02-07 19:03:38: test
2019-02-07 19:03:44: test
2019-02-07 19:03:45: test
2019-02-07 19:03:47: test
2019-02-07 19:03:48: test
2019-02-07 19:03:49: test
2019-02-07 19:03:49: test
2019-02-07 19:03:49: test
2019-02-07 19:03:51: test
2019-02-07 19:03:51: test
2019-02-07 19:03:51: test
2019-02-07 19:03:51: test
2019-02-07 19:03:51: test
2019-02-07 19:03:51: test
2019-02-07 19:03:51: test
2019-02-07 19:03:52: test
2019-02-07 19:03:54: test
2019-02-07 19:03:54: test
2019-02-07 19:03:58: test
2019-02-07 19:04:02: test
2019-02-07 19:04:03: test
2019-02-07 19:04:04: test
2019-02-07 19:04:04: test
2019-02-07 19:04:04: test
2019-02-07 19:04:04: test
2019-02-07 19:04:06: test
2019-02-07 19:04:06: test
2019-02-07 19:04:06: test
2019-02-07 19:04:06: test
2019-02-07 19:04:06: test
2019-02-07 19:04:06: test
2019-02-07 19:04:06: test
2019-02-07 19:04:07: test
2019-02-07 19:04:09: test
2019-02-07 19:04:09: test
2019-02-07 19:04:13: test
2019-02-07 19:04:14: test
2019-02-07 19:04:17: test
2019-02-07 19:04:17: test
2019-02-07 19:04:17: test
2019-02-07 19:04:17: test
2019-02-07 19:04:17: test
2019-02-07 19:04:21: test
2019-02-07 19:04:21: test
2019-02-07 19:04:21: test
2019-02-07 19:04:21: test
2019-02-07 19:04:21: test
2019-02-07 19:04:21: test
2019-02-07 19:04:21: test
2019-02-07 19:04:22: test
2019-02-07 19:04:24: test
2019-02-07 19:04:24: test
2019-02-07 19:04:28: test
2019-02-07 19:04:28: test
2019-02-07 19:04:30: test
2019-02-07 19:04:32: test
2019-02-07 19:04:32: test
2019-02-07 19:04:32: test
2019-02-07 19:04:32: test
2019-02-07 19:04:36: test
2019-02-07 19:04:36: test
2019-02-07 19:04:36: test
2019-02-07 19:04:36: test
2019-02-07 19:04:36: test
2019-02-07 19:04:36: test
2019-02-07 19:04:36: test
2019-02-07 19:04:37: test
2019-02-07 19:04:39: test
2019-02-07 19:04:39: test
2019-02-07 19:04:47: test
2019-02-07 19:04:47: test
2019-02-07 19:04:49: test
2019-02-07 19:04:49: test
2019-02-07 19:04:49: test
2019-02-07 19:04:50: test
2019-02-07 19:04:50: test
2019-02-07 19:04:50: test
2019-02-07 19:04:53: test
2019-02-07 19:04:53: test
2019-02-07 19:04:53: test
2019-02-07 19:04:53: test
2019-02-07 19:04:53: test
2019-02-07 19:04:53: test
2019-02-07 19:04:54: test
2019-02-07 19:04:57: test
2019-02-07 19:04:57: test
2019-02-07 19:05:03: test
2019-02-07 19:05:03: test
2019-02-07 19:05:05: test
2019-02-07 19:05:05: test
2019-02-07 19:05:05: test
2019-02-07 19:05:06: test
2019-02-07 19:05:06: test
2019-02-07 19:05:06: test
2019-02-07 19:05:09: test
2019-02-07 19:05:09: test
2019-02-07 19:05:09: test
2019-02-07 19:05:09: test
2019-02-07 19:05:09: test
2019-02-07 19:05:09: test
2019-02-07 19:05:09: test
2019-02-07 19:05:12: test
2019-02-07 19:05:12: test
2019-02-07 19:05:15: test
2019-02-07 19:05:15: test
2019-02-07 19:05:18: test
2019-02-07 19:05:19: test
2019-02-07 19:05:19: test
2019-02-07 19:05:19: test
2019-02-07 19:05:19: test
2019-02-07 19:05:20: test
2019-02-07 19:05:22: test
2019-02-07 19:05:22: test
2019-02-07 19:05:22: test
2019-02-07 19:05:22: test
2019-02-07 19:05:22: test
2019-02-07 19:05:22: test
2019-02-07 19:05:23: test
2019-02-07 19:05:26: test
2019-02-07 19:05:26: test
2019-02-07 19:05:31: test
2019-02-07 19:05:31: test
2019-02-07 19:05:32: test
2019-02-07 19:05:32: test
2019-02-07 19:05:32: test
2019-02-07 19:05:32: test
2019-02-07 19:05:32: test
2019-02-07 19:05:32: test
2019-02-07 19:05:32: test
2019-02-07 19:05:39: test
2019-02-07 19:05:39: test
2019-02-07 19:05:39: test
2019-02-07 19:05:39: test
2019-02-07 19:05:39: test
2019-02-07 19:05:39: test
2019-02-07 19:05:39: test
2019-02-07 19:05:39: test
2019-02-07 19:05:50: test
2019-02-07 19:05:50: test
2019-02-07 19:05:50: test
2019-02-07 19:05:51: test
2019-02-07 19:05:51: test
2019-02-07 19:05:51: test
2019-02-07 19:05:53: test
2019-02-07 19:05:53: test
2019-02-07 19:05:53: test
2019-02-07 19:05:53: test
2019-02-07 19:05:53: test
2019-02-07 19:05:53: test
2019-02-07 19:05:55: test
2019-02-07 19:05:56: test
2019-02-07 19:05:56: test
2019-02-07 19:06:01: test
2019-02-07 19:06:03: test
2019-02-07 19:06:07: test
2019-02-07 19:06:07: test
2019-02-07 19:06:07: test
2019-02-07 19:06:07: test
2019-02-07 19:06:07: test
2019-02-07 19:06:08: test
2019-02-07 19:06:10: test
2019-02-07 19:06:10: test
2019-02-07 19:06:10: test
2019-02-07 19:06:10: test
2019-02-07 19:06:10: test
2019-02-07 19:06:10: test
2019-02-07 19:06:11: test
2019-02-07 19:06:13: test
2019-02-07 19:06:13: test
2019-02-07 19:06:17: test
2019-02-07 19:06:17: test
2019-02-07 19:06:20: test
2019-02-07 19:06:20: test
2019-02-07 19:06:20: test
2019-02-07 19:06:21: test
2019-02-07 19:06:21: test
2019-02-07 19:06:22: test
2019-02-07 19:06:22: test
2019-02-07 19:06:22: test
2019-02-07 19:06:22: test
2019-02-07 19:06:22: test
2019-02-07 19:06:22: test
2019-02-07 19:06:22: test
2019-02-07 19:06:23: test
2019-02-07 19:06:25: test
2019-02-07 19:06:25: test
2019-02-07 19:06:28: test
2019-02-07 19:06:33: test
2019-02-07 19:06:36: test
2019-02-07 19:06:37: test
2019-02-07 19:06:37: test
2019-02-07 19:06:38: test
2019-02-07 19:06:38: test
2019-02-07 19:06:39: test
2019-02-07 19:06:39: test
2019-02-07 19:06:39: test
2019-02-07 19:06:39: test
2019-02-07 19:06:39: test
2019-02-07 19:06:39: test
2019-02-07 19:06:39: test
2019-02-07 19:06:40: test
2019-02-07 19:06:42: test
2019-02-07 19:06:42: test
2019-02-07 19:06:45: test
2019-02-07 19:06:45: test
2019-02-07 19:06:48: test
2019-02-07 19:06:49: test
2019-02-07 19:06:49: test
2019-02-07 19:06:49: test
2019-02-07 19:06:49: test
2019-02-07 19:06:50: test
2019-02-07 19:06:52: test
2019-02-07 19:06:52: test
2019-02-07 19:06:52: test
2019-02-07 19:06:52: test
2019-02-07 19:06:52: test
2019-02-07 19:06:52: test
2019-02-07 19:06:53: test
2019-02-07 19:06:55: test
2019-02-07 19:06:55: test
2019-02-07 19:06:58: test
2019-02-07 19:06:58: test
2019-02-07 19:07:02: test
2019-02-07 19:07:03: test
2019-02-07 19:07:03: test
2019-02-07 19:07:03: test
2019-02-07 19:07:03: test
2019-02-07 19:07:04: test
2019-02-07 19:07:06: test
2019-02-07 19:07:06: test
2019-02-07 19:07:06: test
2019-02-07 19:07:06: test
2019-02-07 19:07:06: test
2019-02-07 19:07:06: test
2019-02-07 19:07:08: test
2019-02-07 19:07:11: test
2019-02-07 19:07:11: test
2019-02-07 19:07:15: test
2019-02-07 19:07:15: test
2019-02-07 19:07:17: test
2019-02-07 19:07:17: test
2019-02-07 19:07:19: test
2019-02-07 19:07:19: test
2019-02-07 19:07:19: test
2019-02-07 19:07:19: test
2019-02-07 19:07:20: test
2019-02-07 19:07:21: test
2019-02-07 19:07:21: test
2019-02-07 19:07:21: test
2019-02-07 19:07:21: test
2019-02-07 19:07:21: test
2019-02-07 19:07:21: test
2019-02-07 19:07:22: test
2019-02-07 19:07:26: test
2019-02-07 19:07:26: test
2019-02-07 19:07:28: test
2019-02-07 19:07:30: test
2019-02-07 19:07:32: test
2019-02-07 19:07:32: test
2019-02-07 19:07:32: test
2019-02-07 19:07:33: test
2019-02-07 19:07:33: test
2019-02-07 19:07:33: test
2019-02-07 19:07:35: test
2019-02-07 19:07:35: test
2019-02-07 19:07:35: test
2019-02-07 19:07:35: test
2019-02-07 19:07:35: test
2019-02-07 19:07:35: test
2019-02-07 19:07:37: test
2019-02-07 19:07:39: test
2019-02-07 19:07:39: test
2019-02-07 19:07:43: test
2019-02-07 19:07:43: test
2019-02-07 19:07:49: test
2019-02-07 19:07:49: test
2019-02-07 19:07:49: test
2019-02-07 19:07:50: test
2019-02-07 19:07:50: test
2019-02-07 19:07:51: test
2019-02-07 19:07:53: test
2019-02-07 19:07:53: test
2019-02-07 19:07:53: test
2019-02-07 19:07:53: test
2019-02-07 19:07:53: test
2019-02-07 19:07:53: test
2019-02-07 19:07:54: test
2019-02-07 19:07:56: test
2019-02-07 19:07:56: test
2019-02-07 19:07:59: test
2019-02-07 19:07:59: test
2019-02-07 19:08:14: test
2019-02-07 19:08:14: test
2019-02-07 19:08:14: test
2019-02-07 19:08:15: test
2019-02-07 19:08:15: test
2019-02-07 19:08:16: test
2019-02-07 19:08:18: test
2019-02-07 19:08:18: test
2019-02-07 19:08:18: test
2019-02-07 19:08:18: test
2019-02-07 19:08:18: test
2019-02-07 19:08:18: test
2019-02-07 19:08:18: test
2019-02-07 19:08:21: test
2019-02-07 19:08:21: test
2019-02-07 19:08:25: test
2019-02-07 19:08:25: test
2019-02-07 19:08:32: test
2019-02-07 19:08:34: test
2019-02-07 19:08:34: test
2019-02-07 19:08:35: test
2019-02-07 19:08:35: test
2019-02-07 19:08:35: test
2019-02-07 19:08:38: test
2019-02-07 19:08:38: test
2019-02-07 19:08:38: test
2019-02-07 19:08:38: test
2019-02-07 19:08:38: test
2019-02-07 19:08:38: test
2019-02-07 19:08:40: test
2019-02-07 19:08:43: test
2019-02-07 19:08:43: test
2019-02-07 19:08:47: test
2019-02-07 19:08:47: test
2019-02-07 19:08:51: test
2019-02-07 19:08:52: test
2019-02-07 19:08:52: test
2019-02-07 19:08:53: test
2019-02-07 19:08:53: test
2019-02-07 19:08:53: test
2019-02-07 19:08:56: test
2019-02-07 19:08:56: test
2019-02-07 19:08:56: test
2019-02-07 19:08:56: test
2019-02-07 19:08:56: test
2019-02-07 19:08:56: test
2019-02-07 19:08:58: test
2019-02-07 19:08:58: test
2019-02-07 19:08:58: test
2019-02-07 19:08:58: test
2019-02-07 19:08:58: test
2019-02-07 19:08:58: test
2019-02-07 19:08:58: test
2019-02-07 19:09:08: test
2019-02-07 19:09:08: test
2019-02-07 19:09:08: test
2019-02-07 19:09:08: test
2019-02-07 19:09:08: test
2019-02-07 19:09:08: test
2019-02-07 19:09:08: test
2019-02-07 19:09:08: test
2019-02-07 19:09:08: test
2019-02-07 19:09:09: test
2019-02-07 19:09:09: test
2019-02-07 19:09:10: test
2019-02-07 19:09:10: test
2019-02-07 19:09:10: test
2019-02-07 19:09:10: test
2019-02-07 19:09:10: test
2019-02-07 19:09:10: test
2019-02-07 19:09:11: test
2019-02-07 19:09:12: test
2019-02-07 19:09:15: test
2019-02-07 19:09:15: test
2019-02-07 19:09:18: test
2019-02-07 19:09:19: test
2019-02-07 19:09:21: test
2019-02-07 19:09:21: test
2019-02-07 19:09:21: test
2019-02-07 19:09:21: test
2019-02-07 19:09:21: test
2019-02-07 19:09:23: test
2019-02-07 19:09:23: test
2019-02-07 19:09:23: test
2019-02-07 19:09:23: test
2019-02-07 19:09:23: test
2019-02-07 19:09:23: test
2019-02-07 19:09:23: test
2019-02-07 19:09:24: test
2019-02-07 19:09:26: test
2019-02-07 19:09:28: test
2019-02-07 19:09:31: test
2019-02-07 19:09:32: test
2019-02-07 19:09:32: test
2019-02-07 19:09:33: test
2019-02-07 19:09:33: test
2019-02-07 19:09:34: test
2019-02-07 19:09:34: test
2019-02-07 19:09:34: test
2019-02-07 19:09:34: test
2019-02-07 19:09:34: test
2019-02-07 19:09:34: test
2019-02-07 19:09:34: test
2019-02-07 19:09:35: test
2019-02-07 19:09:38: test
2019-02-07 19:09:38: test
2019-02-07 19:09:40: test
2019-02-07 19:09:40: test
2019-02-07 19:09:42: test
2019-02-07 19:09:44: test
2019-02-07 19:09:44: test
2019-02-07 19:09:44: test
2019-02-07 19:09:44: test
2019-02-07 19:09:49: test
2019-02-07 19:09:49: test
2019-02-07 19:09:49: test
2019-02-07 19:09:49: test
2019-02-07 19:09:49: test
2019-02-07 19:09:49: test
2019-02-07 19:09:49: test
2019-02-07 19:09:50: test
2019-02-07 19:09:52: test
2019-02-07 19:09:52: test
2019-02-07 19:09:55: test
2019-02-07 19:09:57: test
2019-02-07 19:09:59: test
2019-02-07 19:09:59: test
2019-02-07 19:09:59: test
2019-02-07 19:09:59: test
2019-02-07 19:09:59: test
2019-02-07 19:10:00: test
2019-02-07 19:10:00: test
2019-02-07 19:10:00: test
2019-02-07 19:10:00: test
2019-02-07 19:10:00: test
2019-02-07 19:10:00: test
2019-02-07 19:10:00: test
2019-02-07 19:10:02: test
2019-02-07 19:10:04: test
2019-02-07 19:10:04: test
2019-02-07 19:10:07: test
2019-02-07 19:10:07: test
2019-02-07 19:10:09: test
2019-02-07 19:10:10: test
2019-02-07 19:10:12: test
2019-02-07 19:10:13: test
2019-02-07 19:10:16: test
2019-02-07 19:10:16: test
2019-02-07 19:10:20: test
2019-02-07 19:10:20: test
2019-02-07 19:10:21: test
2019-02-07 19:10:21: test
2019-02-07 19:10:22: test
2019-02-07 19:10:22: test
2019-02-07 19:10:22: test
2019-02-07 19:10:25: test
2019-02-07 19:10:25: test
2019-02-07 19:10:25: test
2019-02-07 19:10:25: test
2019-02-07 19:10:25: test
2019-02-07 19:10:25: test
2019-02-07 19:10:26: test
2019-02-07 19:10:29: test
2019-02-07 19:10:30: test
2019-02-07 19:10:32: test
2019-02-07 19:10:33: test
2019-02-07 19:10:34: test
2019-02-07 19:10:34: test
2019-02-07 19:10:34: test
2019-02-07 19:10:35: test
2019-02-07 19:10:35: test
2019-02-07 19:10:35: test
2019-02-07 19:10:37: test
2019-02-07 19:10:37: test
2019-02-07 19:10:37: test
2019-02-07 19:10:37: test
2019-02-07 19:10:37: test
2019-02-07 19:10:37: test
2019-02-07 19:10:39: test
2019-02-07 19:10:42: test
2019-02-07 19:10:42: test
2019-02-07 19:10:44: test
2019-02-07 19:10:44: test
2019-02-07 19:10:46: test
2019-02-07 19:10:47: test
2019-02-07 19:10:47: test
2019-02-07 19:10:47: test
2019-02-07 19:10:47: test
2019-02-07 19:10:47: test
2019-02-07 19:10:50: test
2019-02-07 19:10:50: test
2019-02-07 19:10:50: test
2019-02-07 19:10:50: test
2019-02-07 19:10:50: test
2019-02-07 19:10:50: test
2019-02-07 19:10:51: test
2019-02-07 19:10:54: test
2019-02-07 19:10:54: test
2019-02-07 19:10:57: test
2019-02-07 19:10:57: test
2019-02-07 19:11:05: test
2019-02-07 19:11:06: test
2019-02-07 19:11:06: test
2019-02-07 19:11:06: test
2019-02-07 19:11:06: test
2019-02-07 19:11:07: test
2019-02-07 19:11:08: test
2019-02-07 19:11:08: test
2019-02-07 19:11:08: test
2019-02-07 19:11:08: test
2019-02-07 19:11:08: test
2019-02-07 19:11:08: test
2019-02-07 19:11:10: test
2019-02-07 19:11:12: test
2019-02-07 19:11:12: test
2019-02-07 19:11:15: test
2019-02-07 19:11:15: test
2019-02-07 19:11:16: test
2019-02-07 19:11:16: test
2019-02-07 19:11:16: test
2019-02-07 19:11:16: test
2019-02-07 19:11:16: test
2019-02-07 19:11:16: test
2019-02-07 19:11:16: test
2019-02-07 19:11:23: test
2019-02-07 19:11:23: test
2019-02-07 19:11:23: test
2019-02-07 19:11:23: test
2019-02-07 19:11:23: test
2019-02-07 19:11:23: test
2019-02-07 19:11:23: test
2019-02-07 19:11:23: test
2019-02-07 19:11:28: test
2019-02-07 19:11:28: test
2019-02-07 19:11:31: test
2019-02-07 19:11:31: test
2019-02-07 19:11:33: test
2019-02-07 19:11:33: test
2019-02-07 19:11:33: test
2019-02-07 19:11:34: test
2019-02-07 19:11:34: test
2019-02-07 19:11:36: test
2019-02-07 19:11:36: test
2019-02-07 19:11:36: test
2019-02-07 19:11:36: test
2019-02-07 19:11:36: test
2019-02-07 19:11:36: test
2019-02-07 19:11:37: test
2019-02-07 19:11:38: test
2019-02-07 19:11:38: test
2019-02-07 19:11:41: test
2019-02-07 19:11:41: test
2019-02-07 19:11:43: test
2019-02-07 19:11:43: test
2019-02-07 19:11:43: test
2019-02-07 19:11:44: test
2019-02-07 19:11:44: test
2019-02-07 19:11:44: test
2019-02-07 19:11:47: test
2019-02-07 19:11:47: test
2019-02-07 19:11:47: test
2019-02-07 19:11:47: test
2019-02-07 19:11:47: test
2019-02-07 19:11:47: test
2019-02-07 19:11:47: test
2019-02-07 19:11:50: test
2019-02-07 19:11:50: test
2019-02-07 19:11:53: test
2019-02-07 19:11:53: test
2019-02-07 19:11:55: test
2019-02-07 19:11:55: test
2019-02-07 19:11:55: test
2019-02-07 19:11:56: test
2019-02-07 19:11:56: test
2019-02-07 19:11:58: test
2019-02-07 19:11:58: test
2019-02-07 19:11:58: test
2019-02-07 19:11:58: test
2019-02-07 19:11:58: test
2019-02-07 19:11:58: test
2019-02-07 19:11:58: test
2019-02-07 19:12:02: test
2019-02-07 19:12:02: test
2019-02-07 19:12:07: test
2019-02-07 19:12:07: test
2019-02-07 19:12:11: test
2019-02-07 19:12:12: test
2019-02-07 19:12:12: test
2019-02-07 19:12:13: test
2019-02-07 19:12:13: test
2019-02-07 19:12:15: test
2019-02-07 19:12:15: test
2019-02-07 19:12:15: test
2019-02-07 19:12:15: test
2019-02-07 19:12:15: test
2019-02-07 19:12:15: test
2019-02-07 19:12:16: test
2019-02-07 19:12:18: test
2019-02-07 19:12:18: test
2019-02-07 19:12:21: test
2019-02-07 19:12:21: test
2019-02-07 19:12:32: Unexpected exception
Traceback (most recent call last):
  File "c:\Users\j4903\Documents\MahjongAI\main.py", line 17, in connect_and_play
    return client.start_game()
  File "c:\Users\j4903\Documents\MahjongAI\client\tenhou_client.py", line 157, in start_game
    res = self._handle_opponent_discard(msg)
  File "c:\Users\j4903\Documents\MahjongAI\client\tenhou_client.py", line 640, in _handle_opponent_discard
    self.drawer and self.drawer.discard(tile, opponent_seat)
  File "c:\Users\j4903\Documents\MahjongAI\gui_main.py", line 682, in discard
    self._set_discard_labels(player)
  File "c:\Users\j4903\Documents\MahjongAI\gui_main.py", line 696, in _set_discard_labels
    self._set_back_discard_labels()
  File "c:\Users\j4903\Documents\MahjongAI\gui_main.py", line 704, in _set_back_discard_labels
    self.cvs.itemconfig(obj, fill=BgColor.status_monitor, outline=BgColor.status_monitor)
  File "C:\Users\j4903\AppData\Local\Programs\Python\Python37-32\lib\tkinter\__init__.py", line 2578, in itemconfigure
    return self._configure(('itemconfigure', tagOrId), cnf, kw)
  File "C:\Users\j4903\AppData\Local\Programs\Python\Python37-32\lib\tkinter\__init__.py", line 1476, in _configure
    self.tk.call(_flatten((self._w, cmd)) + self._options(cnf))
_tkinter.TclError: invalid command name ".!canvas"
2019-02-07 19:12:32: test
2019-02-07 19:12:33: test
2019-02-07 19:12:33: test
