2019-02-07 11:42:50:     User(ID76B06F13-c3mhaFM4) was authenticated successfully
2019-02-07 11:42:51:     Game type = "Red bonus tile" : True, "Open tanyao" : True, "Game  length" : tonpusen
2019-02-07 11:42:51:     A new game started!
2019-02-07 11:42:51:     The replay link can be found here: http://tenhou.net/0/?log=2019020804gm-0001-0000-f4cd303b&tw=0
2019-02-07 11:42:54:     --------------------------------------------------
2019-02-07 11:42:54:  
2019-02-07 11:42:54: 
2019-02-07 11:42:57: 
2019-02-07 11:42:57:     Remaining tiles: 69
2019-02-07 11:42:57:     --------------------------------------------------
2019-02-07 11:42:57: 
2019-02-07 11:42:58:     [Player 1] draws a tile...
2019-02-07 11:42:59:     [Player 2] draws a tile...
2019-02-07 11:43:01:     [Player 3] draws a tile...
2019-02-07 11:43:03: 
2019-02-07 11:43:09: 
2019-02-07 11:43:09:     Remaining tiles: 65
2019-02-07 11:43:09:     --------------------------------------------------
2019-02-07 11:43:09: 
2019-02-07 11:43:10:     [Player 1] draws a tile...
2019-02-07 11:43:10:     [Player 2] draws a tile...
2019-02-07 11:43:12:     [Player 3] draws a tile...
2019-02-07 11:43:14: 
2019-02-07 11:43:21: 
2019-02-07 11:43:21:     Remaining tiles: 61
2019-02-07 11:43:21:     --------------------------------------------------
2019-02-07 11:43:21: 
2019-02-07 11:43:21:     [Player 1] draws a tile...
2019-02-07 11:43:23:     [Player 2] draws a tile...
2019-02-07 11:43:25:     [Player 3] draws a tile...
2019-02-07 11:43:27: 
2019-02-07 11:43:30: 
2019-02-07 11:43:30:     Remaining tiles: 57
2019-02-07 11:43:30:     --------------------------------------------------
2019-02-07 11:43:30: 
2019-02-07 11:43:31:     [Player 1] draws a tile...
2019-02-07 11:43:32:     [Player 2] draws a tile...
2019-02-07 11:43:35:     [Player 3] draws a tile...
2019-02-07 11:43:46: 
2019-02-07 11:43:48: 
2019-02-07 11:43:48:     Remaining tiles: 53
2019-02-07 11:43:48:     --------------------------------------------------
2019-02-07 11:43:48: 
2019-02-07 11:43:49:     [Player 1] draws a tile...
2019-02-07 11:43:52:     [Player 2] draws a tile...
2019-02-07 11:43:54:     [Player 3] draws a tile...
2019-02-07 11:44:01: 
2019-02-07 11:44:05: 
2019-02-07 11:44:05:     Remaining tiles: 49
2019-02-07 11:44:05:     --------------------------------------------------
2019-02-07 11:44:05: 
2019-02-07 11:44:06:     [Player 1] draws a tile...
2019-02-07 11:44:08:     [Player 2] draws a tile...
2019-02-07 11:44:12:     [Player 3] draws a tile...
2019-02-07 11:44:14: 
2019-02-07 11:44:16: 
2019-02-07 11:44:16:     Remaining tiles: 45
2019-02-07 11:44:16:     --------------------------------------------------
2019-02-07 11:44:16: 
2019-02-07 11:44:17:     [Player 1] draws a tile...
2019-02-07 11:44:18:     [Player 2] draws a tile...
2019-02-07 11:44:22:     [Player 3] draws a tile...
2019-02-07 11:44:27: 
2019-02-07 11:44:29: 
2019-02-07 11:44:29:     Remaining tiles: 41
2019-02-07 11:44:29:     --------------------------------------------------
2019-02-07 11:44:29: 
2019-02-07 11:44:30:     [Player 1] draws a tile...
2019-02-07 11:44:32:     [Player 2] draws a tile...
2019-02-07 11:44:37:     [Player 3] draws a tile...
2019-02-07 11:44:41: 
2019-02-07 11:44:42: 
2019-02-07 11:44:42:     Remaining tiles: 37
2019-02-07 11:44:42:     --------------------------------------------------
2019-02-07 11:44:42: 
2019-02-07 11:44:43: 
2019-02-07 11:44:43:     [Player 1] draws a tile...
2019-02-07 11:44:45:     [Player 2] draws a tile...
2019-02-07 11:44:48:     [Player 3] draws a tile...
2019-02-07 11:44:51: 
2019-02-07 11:44:51: 
2019-02-07 11:44:51:     Remaining tiles: 33
2019-02-07 11:44:51:     --------------------------------------------------
2019-02-07 11:44:51: 
2019-02-07 11:44:52:     [Player 1] draws a tile...
2019-02-07 11:44:55:     [Player 2] draws a tile...
2019-02-07 11:44:59:     [Player 3] draws a tile...
2019-02-07 11:45:00: 
2019-02-07 11:45:01: 
2019-02-07 11:45:01:     Remaining tiles: 29
2019-02-07 11:45:01:     --------------------------------------------------
2019-02-07 11:45:01: 
2019-02-07 11:45:01:     [Player 1] draws a tile...
2019-02-07 11:45:06:     [Player 2] draws a tile...
2019-02-07 11:45:09:     [Player 3] draws a tile...
2019-02-07 11:45:11: 
2019-02-07 11:45:13: 
2019-02-07 11:45:13: 
2019-02-07 11:45:13:     Remaining tiles: 25
2019-02-07 11:45:13:     --------------------------------------------------
2019-02-07 11:45:13: 
2019-02-07 11:45:13:     [Player 1] draws a tile...
2019-02-07 11:45:16:     [Player 2] draws a tile...
2019-02-07 11:45:18:     [Player 3] draws a tile...
2019-02-07 11:45:21: 
2019-02-07 11:45:21: 
2019-02-07 11:45:21:     Remaining tiles: 21
2019-02-07 11:45:21:     --------------------------------------------------
2019-02-07 11:45:21: 
2019-02-07 11:45:21:     [Player 1] draws a tile...
2019-02-07 11:45:23:     [Player 2] draws a tile...
2019-02-07 11:45:25:     [Player 3] draws a tile...
2019-02-07 11:45:26: 
2019-02-07 11:45:26: 
2019-02-07 11:45:26:     Remaining tiles: 17
2019-02-07 11:45:26:     --------------------------------------------------
2019-02-07 11:45:26: 
2019-02-07 11:45:27:     [Player 1] draws a tile...
2019-02-07 11:45:30:     [Player 2] draws a tile...
2019-02-07 11:45:31:     [Player 3] draws a tile...
2019-02-07 11:45:32: 
2019-02-07 11:45:32: 
2019-02-07 11:45:32:     Remaining tiles: 13
2019-02-07 11:45:32:     --------------------------------------------------
2019-02-07 11:45:32: 
2019-02-07 11:45:36:     [Player 1] draws a tile...
2019-02-07 11:45:37:     [Player 2] draws a tile...
2019-02-07 11:45:39:     [Player 3] draws a tile...
2019-02-07 11:45:40: 
2019-02-07 11:45:40: 
2019-02-07 11:45:40:     Remaining tiles: 9
2019-02-07 11:45:40:     --------------------------------------------------
2019-02-07 11:45:40: 
2019-02-07 11:45:41:     [Player 1] draws a tile...
2019-02-07 11:45:44:     [Player 2] draws a tile...
2019-02-07 11:45:46:     [Player 3] draws a tile...
2019-02-07 11:45:47: 
2019-02-07 11:45:47: 
2019-02-07 11:45:47:     Remaining tiles: 5
2019-02-07 11:45:47:     --------------------------------------------------
2019-02-07 11:45:47: 
2019-02-07 11:45:51:     [Player 2] draws a tile...
2019-02-07 11:45:54:     [Player 3] draws a tile...
2019-02-07 11:45:54: 
2019-02-07 11:45:54: 
2019-02-07 11:45:54:     Remaining tiles: 2
2019-02-07 11:45:54:     --------------------------------------------------
2019-02-07 11:45:54: 
2019-02-07 11:45:55:     [Player 1] draws a tile...
2019-02-07 11:45:59:     [Player 2] draws a tile...
2019-02-07 11:46:00:     NO ONE WINS, NO MORE TILES...

2019-02-07 11:46:00: Unexpected exception
Traceback (most recent call last):
  File "c:\Users\j4903\Documents\MahjongAI\main.py", line 17, in connect_and_play
    return client.start_game()
  File "c:\Users\j4903\Documents\MahjongAI\client\tenhou_client.py", line 147, in start_game
    '<RYUUKYOKU' in msg and self._handle_liuju(msg)
  File "c:\Users\j4903\Documents\MahjongAI\client\tenhou_client.py", line 460, in _handle_liuju
    self._round_end_info_to_file("        FT-P{}:{}:{}\n".format(k, Tile.t34_to_g(tiles34), tiles34))
  File "c:\Users\j4903\Documents\MahjongAI\client\tenhou_client.py", line 748, in _round_end_info_to_file
    self.logger_obj.add_round_end_result(msg)
  File "c:\Users\j4903\Documents\MahjongAI\logger\logger_handler.py", line 57, in add_round_end_result
    open(self.scores_path, 'a').write(msg)
  File "C:\Users\j4903\AppData\Local\Programs\Python\Python37-32\lib\encodings\cp1252.py", line 19, in encode
    return codecs.charmap_encode(input,self.errors,encoding_table)[0]
UnicodeEncodeError: 'charmap' codec can't encode characters in position 14-23: character maps to <undefined>
2019-02-07 11:46:00: End the game...
2019-02-07 11:46:01:     Game was ended unexpected
2019-02-07 11:46:01: 
