2019-02-07 18:55:59:     Reconnected successfully!
2019-02-07 18:55:59:     Game type = "Red bonus tile" : True, "Open tanyao" : True, "Game  length" : tonnansen
2019-02-07 18:55:59:     Reconnected. Resuming game state...
2019-02-07 18:56:03:     --------------------------------------------------
2019-02-07 18:56:03:  
2019-02-07 18:56:05: 
2019-02-07 18:56:09: 
2019-02-07 18:56:09:     Remaining tiles: 45
2019-02-07 18:56:09:     --------------------------------------------------
2019-02-07 18:56:09: 
2019-02-07 18:56:09:     [Player 1] draws a tile...
2019-02-07 18:56:16:     [Player 2] draws a tile...
2019-02-07 18:56:18:     [Player 3] draws a tile...
2019-02-07 18:56:19: 
2019-02-07 18:56:23: 
2019-02-07 18:56:23:     Remaining tiles: 41
2019-02-07 18:56:23:     --------------------------------------------------
2019-02-07 18:56:23: 
2019-02-07 18:56:23:     [Player 1] draws a tile...
2019-02-07 18:56:29:     [Player 2] draws a tile...
2019-02-07 18:56:31:     [Player 3] draws a tile...
2019-02-07 18:56:33: 
2019-02-07 18:56:36: 
2019-02-07 18:56:36:     Remaining tiles: 37
2019-02-07 18:56:36:     --------------------------------------------------
2019-02-07 18:56:36: 
2019-02-07 18:56:40:     [Player 1] draws a tile...
2019-02-07 18:56:42: 
2019-02-07 18:56:43:     [Player 2] draws a tile...
2019-02-07 18:56:46:     [Player 3] draws a tile...
2019-02-07 18:56:55: 
2019-02-07 18:56:58: 
2019-02-07 18:56:58:     Remaining tiles: 33
2019-02-07 18:56:58:     --------------------------------------------------
2019-02-07 18:56:58: 
2019-02-07 18:56:58:     [Player 1] draws a tile...
2019-02-07 18:57:00:     [Player 2] draws a tile...
2019-02-07 18:57:02:     [Player 3] draws a tile...
2019-02-07 18:57:03: 
2019-02-07 18:57:06: 
2019-02-07 18:57:06:     Remaining tiles: 29
2019-02-07 18:57:06:     --------------------------------------------------
2019-02-07 18:57:06: 
2019-02-07 18:57:06:     [Player 1] draws a tile...
2019-02-07 18:57:08:     [Player 2] draws a tile...
2019-02-07 18:57:10:     [Player 3] draws a tile...
2019-02-07 18:57:12: 
2019-02-07 18:57:14: 
2019-02-07 18:57:14:     Remaining tiles: 25
2019-02-07 18:57:14:     --------------------------------------------------
2019-02-07 18:57:14: 
2019-02-07 18:57:15:     [Player 1] draws a tile...
2019-02-07 18:57:16:     [Player 2] draws a tile...
2019-02-07 18:57:19:     [Player 3] draws a tile...
2019-02-07 18:57:20: 
2019-02-07 18:57:22: 
2019-02-07 18:57:22:     Remaining tiles: 21
2019-02-07 18:57:22:     --------------------------------------------------
2019-02-07 18:57:22: 
2019-02-07 18:57:23:     [Player 1] draws a tile...
2019-02-07 18:57:26:     [Player 2] draws a tile...
2019-02-07 18:57:30:     --------------------------------------------------
2019-02-07 18:57:30: 
2019-02-07 18:57:30:     <AGARI ba="0,1" hai="6,10,12,22,25,30,48,49,57,60,67,93,96,100" machi="67" ten="30,8000,1" yaku="1,1,7,1,25,2,8,1,53,0" doraHai="113" doraHaiUra="135" who="1" fromWho="2" sc="245,0,53,90,226,-80,466,0" />
2019-02-07 18:57:30: 
2019-02-07 18:57:30:     --------------------------------------------------
2019-02-07 18:57:39:     --------------------------------------------------
2019-02-07 18:57:40:  
2019-02-07 18:57:40:     [Player 1] draws a tile...
2019-02-07 18:57:49:     [Player 2] draws a tile...
2019-02-07 18:57:50:     [Player 3] draws a tile...
2019-02-07 18:57:51: 
2019-02-07 18:57:54: 
2019-02-07 18:57:54:     Remaining tiles: 66
2019-02-07 18:57:54:     --------------------------------------------------
2019-02-07 18:57:54: 
2019-02-07 18:58:25: Socket connection might be shut down... 31s
2019-02-07 18:58:25:     Game was ended unexpected
2019-02-07 18:58:25: 
