2019-02-07 11:57:24:     User(ID76B06F13-c3mhaFM4) was authenticated successfully
2019-02-07 11:58:06:     Game type = "Red bonus tile" : True, "Open tanyao" : True, "Game  length" : tonpusen
2019-02-07 11:58:06:     A new game started!
2019-02-07 11:58:06:     The replay link can be found here: http://tenhou.net/0/?log=2019020804gm-0001-0000-ce0e368b&tw=1
2019-02-07 11:58:18:     --------------------------------------------------
2019-02-07 11:58:18:  
2019-02-07 11:58:18:     [Player 3] draws a tile...
2019-02-07 11:58:27: 
2019-02-07 11:58:30: 
2019-02-07 11:58:30:     Remaining tiles: 68
2019-02-07 11:58:30:     --------------------------------------------------
2019-02-07 11:58:30: 
2019-02-07 11:58:30:     [Player 1] draws a tile...
2019-02-07 11:58:32:     [Player 2] draws a tile...
2019-02-07 11:58:35:     [Player 3] draws a tile...
2019-02-07 11:58:37: 
2019-02-07 11:58:39: 
2019-02-07 11:58:39:     Remaining tiles: 64
2019-02-07 11:58:39:     --------------------------------------------------
2019-02-07 11:58:39: 
2019-02-07 11:58:39:     [Player 1] draws a tile...
2019-02-07 11:58:41:     [Player 2] draws a tile...
2019-02-07 11:58:47:     [Player 3] draws a tile...
2019-02-07 11:58:50: 
2019-02-07 11:58:52: 
2019-02-07 11:58:52:     Remaining tiles: 60
2019-02-07 11:58:52:     --------------------------------------------------
2019-02-07 11:58:52: 
2019-02-07 11:58:56:     [Player 2] draws a tile...
2019-02-07 11:58:58:     [Player 3] draws a tile...
2019-02-07 11:59:06: 
2019-02-07 11:59:10: 
2019-02-07 11:59:10:     Remaining tiles: 57
2019-02-07 11:59:10:     --------------------------------------------------
2019-02-07 11:59:10: 
2019-02-07 11:59:14:     [Player 1] draws a tile...
2019-02-07 11:59:18:     [Player 2] draws a tile...
2019-02-07 11:59:22:     [Player 3] draws a tile...
2019-02-07 11:59:27: 
2019-02-07 11:59:29: 
2019-02-07 11:59:29:     Remaining tiles: 53
2019-02-07 11:59:29:     --------------------------------------------------
2019-02-07 11:59:29: 
2019-02-07 11:59:30:     [Player 1] draws a tile...
2019-02-07 11:59:39: 
2019-02-07 11:59:39:     [Player 1] draws a tile...
2019-02-07 11:59:41:     [Player 2] draws a tile...
2019-02-07 11:59:43:     [Player 3] draws a tile...
2019-02-07 11:59:45: 
2019-02-07 11:59:47: 
2019-02-07 11:59:47:     Remaining tiles: 48
2019-02-07 11:59:47:     --------------------------------------------------
2019-02-07 11:59:47: 
2019-02-07 11:59:48:     [Player 1] draws a tile...
2019-02-07 11:59:54:     [Player 2] draws a tile...
2019-02-07 11:59:56: 
2019-02-07 11:59:57:     [Player 3] draws a tile...
2019-02-07 12:00:06: 
2019-02-07 12:00:09: 
2019-02-07 12:00:09:     Remaining tiles: 44
2019-02-07 12:00:09:     --------------------------------------------------
2019-02-07 12:00:09: 
2019-02-07 12:00:10:     [Player 1] draws a tile...
2019-02-07 12:00:13:     [Player 2] draws a tile...
2019-02-07 12:00:13:     [Player 3] draws a tile...
2019-02-07 12:00:20: 
2019-02-07 12:00:21: 
2019-02-07 12:00:21:     Remaining tiles: 40
2019-02-07 12:00:21:     --------------------------------------------------
2019-02-07 12:00:21: 
2019-02-07 12:00:22:     [Player 1] draws a tile...
2019-02-07 12:00:26:     [Player 2] draws a tile...
2019-02-07 12:00:26:     [Player 3] draws a tile...
2019-02-07 12:00:30: 
2019-02-07 12:00:31: 
2019-02-07 12:00:33: 
2019-02-07 12:00:33:     Remaining tiles: 36
2019-02-07 12:00:33:     --------------------------------------------------
2019-02-07 12:00:33: 
2019-02-07 12:00:34:     [Player 1] draws a tile...
2019-02-07 12:00:37:     [Player 2] draws a tile...
2019-02-07 12:00:38:     [Player 3] draws a tile...
2019-02-07 12:00:39: 
2019-02-07 12:00:41: 
2019-02-07 12:00:41:     Remaining tiles: 32
2019-02-07 12:00:41:     --------------------------------------------------
2019-02-07 12:00:41: 
2019-02-07 12:00:42:     [Player 1] draws a tile...
2019-02-07 12:00:44:     [Player 2] draws a tile...
2019-02-07 12:00:45:     [Player 3] draws a tile...
2019-02-07 12:00:46:     --------------------------------------------------
2019-02-07 12:00:46: 
2019-02-07 12:00:46:     <AGARI ba="0,2" hai="11,14,16,17,18,53,56,57,61,62,65,84,90,95" machi="53" ten="20,18000,2" yaku="1,1,0,1,7,1,8,1,52,1,54,1,53,1" doraHai="60" doraHaiUra="82" who="3" fromWho="3" sc="250,-60,250,-60,240,-60,240,200" />
2019-02-07 12:00:46: Unexpected exception
Traceback (most recent call last):
  File "c:\Users\j4903\Documents\MahjongAI\main.py", line 17, in connect_and_play
    return client.start_game()
  File "c:\Users\j4903\Documents\MahjongAI\client\tenhou_client.py", line 146, in start_game
    '<AGARI' in msg and self._handle_round_end(msg)
  File "c:\Users\j4903\Documents\MahjongAI\client\tenhou_client.py", line 404, in _handle_round_end
    self._round_end_info_to_file(res_str)
  File "c:\Users\j4903\Documents\MahjongAI\client\tenhou_client.py", line 748, in _round_end_info_to_file
    self.logger_obj.add_round_end_result(msg)
  File "c:\Users\j4903\Documents\MahjongAI\logger\logger_handler.py", line 57, in add_round_end_result
    open(self.scores_path, 'a').write(msg)
  File "C:\Users\j4903\AppData\Local\Programs\Python\Python37-32\lib\encodings\cp1252.py", line 19, in encode
    return codecs.charmap_encode(input,self.errors,encoding_table)[0]
UnicodeEncodeError: 'charmap' codec can't encode character '\U0001f01d' in position 98: character maps to <undefined>
2019-02-07 12:00:46: End the game...
2019-02-07 12:00:46:     Game was ended unexpected
2019-02-07 12:00:46: 
