2019-02-07 15:40:22:     User(ID76B06F13-c3mhaFM4) was authenticated successfully
2019-02-07 15:41:25:     Game type = "Red bonus tile" : True, "Open tanyao" : True, "Game  length" : tonnansen
2019-02-07 15:41:25:     A new game started!
2019-02-07 15:41:25:     The replay link can be found here: http://tenhou.net/0/?log=2019020808gm-0089-0000-97384557&tw=3
2019-02-07 15:41:29:     --------------------------------------------------
2019-02-07 15:41:30:  
2019-02-07 15:41:30:     [Player 1] draws a tile...
2019-02-07 15:41:32:     [Player 2] draws a tile...
2019-02-07 15:41:35:     [Player 3] draws a tile...
2019-02-07 15:41:39: 
2019-02-07 15:41:41: 
2019-02-07 15:41:41:     Remaining tiles: 66
2019-02-07 15:41:41:     --------------------------------------------------
2019-02-07 15:41:41: 
2019-02-07 15:41:42:     [Player 1] draws a tile...
2019-02-07 15:41:44:     [Player 2] draws a tile...
2019-02-07 15:41:48:     [Player 3] draws a tile...
2019-02-07 15:41:50: 
2019-02-07 15:41:54: 
2019-02-07 15:41:54:     Remaining tiles: 62
2019-02-07 15:41:54:     --------------------------------------------------
2019-02-07 15:41:54: 
2019-02-07 15:41:56:     [Player 1] draws a tile...
2019-02-07 15:41:57:     [Player 2] draws a tile...
2019-02-07 15:41:59:     [Player 3] draws a tile...
2019-02-07 15:42:01: 
2019-02-07 15:42:05: 
2019-02-07 15:42:05:     Remaining tiles: 58
2019-02-07 15:42:05:     --------------------------------------------------
2019-02-07 15:42:05: 
2019-02-07 15:42:06:     [Player 1] draws a tile...
2019-02-07 15:42:13:     [Player 2] draws a tile...
2019-02-07 15:42:15:     [Player 3] draws a tile...
2019-02-07 15:42:18: 
2019-02-07 15:42:20: 
2019-02-07 15:42:20:     Remaining tiles: 54
2019-02-07 15:42:20:     --------------------------------------------------
2019-02-07 15:42:20: 
2019-02-07 15:42:21:     [Player 1] draws a tile...
2019-02-07 15:42:25:     [Player 2] draws a tile...
2019-02-07 15:42:27:     [Player 3] draws a tile...
2019-02-07 15:42:29: 
2019-02-07 15:42:33: 
2019-02-07 15:42:33:     Remaining tiles: 50
2019-02-07 15:42:33:     --------------------------------------------------
2019-02-07 15:42:33: 
2019-02-07 15:42:33:     [Player 1] draws a tile...
2019-02-07 15:42:39:     [Player 2] draws a tile...
2019-02-07 15:42:42:     [Player 3] draws a tile...
2019-02-07 15:42:47: 
2019-02-07 15:42:50: 
2019-02-07 15:42:50:     Remaining tiles: 46
2019-02-07 15:42:50:     --------------------------------------------------
2019-02-07 15:42:50: 
2019-02-07 15:42:51:     [Player 1] draws a tile...
2019-02-07 15:42:53:     [Player 2] draws a tile...
2019-02-07 15:42:59:     [Player 3] draws a tile...
2019-02-07 15:43:01: 
2019-02-07 15:43:05: 
2019-02-07 15:43:05:     Remaining tiles: 42
2019-02-07 15:43:05:     --------------------------------------------------
2019-02-07 15:43:05: 
2019-02-07 15:43:06:     [Player 1] draws a tile...
2019-02-07 15:43:12:     [Player 2] draws a tile...
2019-02-07 15:43:14:     [Player 3] draws a tile...
2019-02-07 15:43:19: 
2019-02-07 15:43:22: 
2019-02-07 15:43:22:     Remaining tiles: 38
2019-02-07 15:43:22:     --------------------------------------------------
2019-02-07 15:43:22: 
2019-02-07 15:43:24:     [Player 1] draws a tile...
2019-02-07 15:43:29:     [Player 2] draws a tile...
2019-02-07 15:43:31:     [Player 3] draws a tile...
2019-02-07 15:43:34: 
2019-02-07 15:43:36: 
2019-02-07 15:43:36:     Remaining tiles: 34
2019-02-07 15:43:36:     --------------------------------------------------
2019-02-07 15:43:36: 
2019-02-07 15:43:37:     [Player 1] draws a tile...
2019-02-07 15:43:40: 
2019-02-07 15:43:42:     [Player 2] draws a tile...
2019-02-07 15:43:44:     [Player 3] draws a tile...
2019-02-07 15:43:46: 
2019-02-07 15:43:50: 
2019-02-07 15:43:50:     Remaining tiles: 30
2019-02-07 15:43:50:     --------------------------------------------------
2019-02-07 15:43:50: 
2019-02-07 15:43:50:     [Player 1] draws a tile...
2019-02-07 15:43:51:     [Player 2] draws a tile...
2019-02-07 15:43:54:     [Player 3] draws a tile...
2019-02-07 15:43:56: 
2019-02-07 15:43:59: 
2019-02-07 15:43:59:     Remaining tiles: 26
2019-02-07 15:43:59:     --------------------------------------------------
2019-02-07 15:43:59: 
2019-02-07 15:44:00:     [Player 1] draws a tile...
2019-02-07 15:44:02:     --------------------------------------------------
2019-02-07 15:44:02: 
2019-02-07 15:44:02:     <AGARI ba="0,1" hai="10,11,12,13,16,17,25,27,40,44,49,87,90,94" machi="40" ten="30,7700,0" yaku="7,1,9,1,8,1,54,1" doraHai="69" who="2" fromWho="1" sc="250,0,240,-77,250,87,250,0" />
2019-02-07 15:44:02: Unexpected exception
Traceback (most recent call last):
  File "C:\Users\j4903\Documents\MahjongAI\main.py", line 17, in connect_and_play
    return client.start_game()
  File "C:\Users\j4903\Documents\MahjongAI\client\tenhou_client.py", line 146, in start_game
    '<AGARI' in msg and self._handle_round_end(msg)
  File "C:\Users\j4903\Documents\MahjongAI\client\tenhou_client.py", line 404, in _handle_round_end
    self._round_end_info_to_file(res_str)
  File "C:\Users\j4903\Documents\MahjongAI\client\tenhou_client.py", line 748, in _round_end_info_to_file
    self.logger_obj.add_round_end_result(msg)
  File "C:\Users\j4903\Documents\MahjongAI\logger\logger_handler.py", line 57, in add_round_end_result
    open(self.scores_path, 'a').write(msg)
  File "C:\Users\j4903\AppData\Local\Programs\Python\Python37-32\lib\encodings\cp1252.py", line 19, in encode
    return codecs.charmap_encode(input,self.errors,encoding_table)[0]
UnicodeEncodeError: 'charmap' codec can't encode character '\U0001f01a' in position 89: character maps to <undefined>
2019-02-07 15:44:02: End the game...
2019-02-07 15:44:02:     Game was ended unexpected
2019-02-07 15:44:02: 
